[2025-04-24T19:31:29.722+0000] {local_task_job_runner.py:120} INFO - ::group::Pre task execution logs
[2025-04-24T19:31:29.747+0000] {taskinstance.py:2076} INFO - Dependencies all met for dep_context=non-requeueable deps ti=<TaskInstance: stock_kafka_pipeline.Kafka_Consumer scheduled__2025-04-24T19:20:00+00:00 [queued]>
[2025-04-24T19:31:29.753+0000] {taskinstance.py:2076} INFO - Dependencies all met for dep_context=requeueable deps ti=<TaskInstance: stock_kafka_pipeline.Kafka_Consumer scheduled__2025-04-24T19:20:00+00:00 [queued]>
[2025-04-24T19:31:29.753+0000] {taskinstance.py:2306} INFO - Starting attempt 1 of 2
[2025-04-24T19:31:29.765+0000] {taskinstance.py:2330} INFO - Executing <Task(BashOperator): Kafka_Consumer> on 2025-04-24 19:20:00+00:00
[2025-04-24T19:31:29.771+0000] {standard_task_runner.py:63} INFO - Started process 2675 to run task
[2025-04-24T19:31:29.773+0000] {standard_task_runner.py:90} INFO - Running: ['airflow', 'tasks', 'run', 'stock_kafka_pipeline', 'Kafka_Consumer', 'scheduled__2025-04-24T19:20:00+00:00', '--job-id', '310', '--raw', '--subdir', 'DAGS_FOLDER/test.py', '--cfg-path', '/tmp/tmpe8ggr45l']
[2025-04-24T19:31:29.774+0000] {standard_task_runner.py:91} INFO - Job 310: Subtask Kafka_Consumer
[2025-04-24T19:31:29.804+0000] {task_command.py:426} INFO - Running <TaskInstance: stock_kafka_pipeline.Kafka_Consumer scheduled__2025-04-24T19:20:00+00:00 [running]> on host 6555ac884751
[2025-04-24T19:31:29.861+0000] {taskinstance.py:2648} INFO - Exporting env vars: AIRFLOW_CTX_DAG_OWNER='airflow' AIRFLOW_CTX_DAG_ID='stock_kafka_pipeline' AIRFLOW_CTX_TASK_ID='Kafka_Consumer' AIRFLOW_CTX_EXECUTION_DATE='2025-04-24T19:20:00+00:00' AIRFLOW_CTX_TRY_NUMBER='1' AIRFLOW_CTX_DAG_RUN_ID='scheduled__2025-04-24T19:20:00+00:00'
[2025-04-24T19:31:29.862+0000] {taskinstance.py:430} INFO - ::endgroup::
[2025-04-24T19:31:29.873+0000] {subprocess.py:63} INFO - Tmp dir root location: /tmp
[2025-04-24T19:31:29.873+0000] {subprocess.py:75} INFO - Running command: ['/usr/bin/bash', '-c', 'python3 /opt/airflow/Scripts/load_to_bronze.py']
[2025-04-24T19:31:29.885+0000] {subprocess.py:86} INFO - Output:
[2025-04-24T19:31:30.609+0000] {subprocess.py:93} INFO - INFO:kafka_consumer:Cleared existing output file /opt/airflow/includes/local warehose/bronze/stock-prices.jsonl
[2025-04-24T19:31:30.619+0000] {subprocess.py:93} INFO - INFO:kafka.conn:<BrokerConnection client_id=kafka-python-2.1.5, node_id=bootstrap-0 host=kafka:9092 <connecting> [IPv4 ('172.21.0.6', 9092)]>: connecting to kafka:9092 [('172.21.0.6', 9092) IPv4]
[2025-04-24T19:31:30.621+0000] {subprocess.py:93} INFO - INFO:kafka.conn:<BrokerConnection client_id=kafka-python-2.1.5, node_id=bootstrap-0 host=kafka:9092 <checking_api_versions_recv> [IPv4 ('172.21.0.6', 9092)]>: Broker version identified as 2.6
[2025-04-24T19:31:30.622+0000] {subprocess.py:93} INFO - INFO:kafka.conn:<BrokerConnection client_id=kafka-python-2.1.5, node_id=bootstrap-0 host=kafka:9092 <connected> [IPv4 ('172.21.0.6', 9092)]>: Connection complete.
[2025-04-24T19:31:30.622+0000] {subprocess.py:93} INFO - INFO:kafka.consumer.subscription_state:Updating subscribed topics to: ('stock-prices',)
[2025-04-24T19:31:30.622+0000] {subprocess.py:93} INFO - INFO:kafka_consumer:Listening to Kafka topic 'stock-prices' and writing to /opt/airflow/includes/local warehose/bronze
[2025-04-24T19:31:30.625+0000] {subprocess.py:93} INFO - INFO:kafka.conn:<BrokerConnection client_id=kafka-python-2.1.5, node_id=1 host=kafka:9092 <connecting> [IPv4 ('172.21.0.6', 9092)]>: connecting to kafka:9092 [('172.21.0.6', 9092) IPv4]
[2025-04-24T19:31:30.625+0000] {subprocess.py:93} INFO - INFO:kafka.conn:<BrokerConnection client_id=kafka-python-2.1.5, node_id=1 host=kafka:9092 <connected> [IPv4 ('172.21.0.6', 9092)]>: Connection complete.
[2025-04-24T19:31:30.625+0000] {subprocess.py:93} INFO - INFO:kafka.conn:<BrokerConnection client_id=kafka-python-2.1.5, node_id=bootstrap-0 host=kafka:9092 <connected> [IPv4 ('172.21.0.6', 9092)]>: Closing connection.
[2025-04-24T19:31:30.727+0000] {subprocess.py:93} INFO - INFO:kafka.cluster:Group coordinator for stock-consumer-group is BrokerMetadata(nodeId='coordinator-1', host='kafka', port=9092, rack=None)
[2025-04-24T19:31:30.727+0000] {subprocess.py:93} INFO - INFO:kafka.coordinator:Discovered coordinator coordinator-1 for group stock-consumer-group
[2025-04-24T19:31:30.727+0000] {subprocess.py:93} INFO - INFO:kafka.coordinator:Starting new heartbeat thread
[2025-04-24T19:31:30.727+0000] {subprocess.py:93} INFO - INFO:kafka.coordinator.consumer:Revoking previously assigned partitions set() for group stock-consumer-group
[2025-04-24T19:31:30.728+0000] {subprocess.py:93} INFO - INFO:kafka.conn:<BrokerConnection client_id=kafka-python-2.1.5, node_id=coordinator-1 host=kafka:9092 <connecting> [IPv4 ('172.21.0.6', 9092)]>: connecting to kafka:9092 [('172.21.0.6', 9092) IPv4]
[2025-04-24T19:31:30.728+0000] {subprocess.py:93} INFO - INFO:kafka.conn:<BrokerConnection client_id=kafka-python-2.1.5, node_id=coordinator-1 host=kafka:9092 <connected> [IPv4 ('172.21.0.6', 9092)]>: Connection complete.
[2025-04-24T19:31:30.828+0000] {subprocess.py:93} INFO - INFO:kafka.coordinator:(Re-)joining group stock-consumer-group
[2025-04-24T19:31:33.832+0000] {subprocess.py:93} INFO - INFO:kafka.coordinator:Elected group leader -- performing partition assignments using range
[2025-04-24T19:31:33.836+0000] {subprocess.py:93} INFO - INFO:kafka.coordinator:Successfully joined group stock-consumer-group with generation 1
[2025-04-24T19:31:33.836+0000] {subprocess.py:93} INFO - INFO:kafka.consumer.subscription_state:Updated partition assignment: [TopicPartition(topic='stock-prices', partition=0)]
[2025-04-24T19:31:33.837+0000] {subprocess.py:93} INFO - INFO:kafka.coordinator.consumer:Setting newly assigned partitions {TopicPartition(topic='stock-prices', partition=0)} for group stock-consumer-group
[2025-04-24T19:31:33.845+0000] {subprocess.py:93} INFO - INFO:kafka_consumer:Received message: ConsumerRecord(topic='stock-prices', partition=0, leader_epoch=0, offset=0, timestamp=1745520106663, timestamp_type=0, key=None, value={'symbol': 'IBM', 'timestamp': 1745520105.9735577, 'data': {'Information': 'We have detected your API key as 02LUMITX3ON1TILA and our standard API rate limit is 25 requests per day. Please subscribe to any of the premium plans at https://www.alphavantage.co/premium/ to instantly remove all daily rate limits.'}}, headers=[], checksum=None, serialized_key_size=-1, serialized_value_size=312, serialized_header_size=-1)
[2025-04-24T19:31:33.846+0000] {subprocess.py:93} INFO - INFO:kafka_consumer:Appended message to /opt/airflow/includes/local warehose/bronze/stock-prices.jsonl
[2025-04-24T19:31:33.846+0000] {subprocess.py:93} INFO - INFO:kafka_consumer:Received message: ConsumerRecord(topic='stock-prices', partition=0, leader_epoch=0, offset=1, timestamp=1745520119200, timestamp_type=0, key=None, value={'symbol': 'AAPL', 'timestamp': 1745520119.2000444, 'data': {'Information': 'We have detected your API key as 02LUMITX3ON1TILA and our standard API rate limit is 25 requests per day. Please subscribe to any of the premium plans at https://www.alphavantage.co/premium/ to instantly remove all daily rate limits.'}}, headers=[], checksum=None, serialized_key_size=-1, serialized_value_size=313, serialized_header_size=-1)
[2025-04-24T19:31:33.846+0000] {subprocess.py:93} INFO - INFO:kafka_consumer:Appended message to /opt/airflow/includes/local warehose/bronze/stock-prices.jsonl
[2025-04-24T19:31:33.847+0000] {subprocess.py:93} INFO - INFO:kafka_consumer:Received message: ConsumerRecord(topic='stock-prices', partition=0, leader_epoch=0, offset=2, timestamp=1745520131680, timestamp_type=0, key=None, value={'symbol': 'MSFT', 'timestamp': 1745520131.6799061, 'data': {'Information': 'We have detected your API key as 02LUMITX3ON1TILA and our standard API rate limit is 25 requests per day. Please subscribe to any of the premium plans at https://www.alphavantage.co/premium/ to instantly remove all daily rate limits.'}}, headers=[], checksum=None, serialized_key_size=-1, serialized_value_size=313, serialized_header_size=-1)
[2025-04-24T19:31:33.847+0000] {subprocess.py:93} INFO - INFO:kafka_consumer:Appended message to /opt/airflow/includes/local warehose/bronze/stock-prices.jsonl
[2025-04-24T19:31:33.847+0000] {subprocess.py:93} INFO - INFO:kafka_consumer:Received message: ConsumerRecord(topic='stock-prices', partition=0, leader_epoch=0, offset=3, timestamp=1745520144170, timestamp_type=0, key=None, value={'symbol': 'TSLA', 'timestamp': 1745520144.170366, 'data': {'Information': 'We have detected your API key as 02LUMITX3ON1TILA and our standard API rate limit is 25 requests per day. Please subscribe to any of the premium plans at https://www.alphavantage.co/premium/ to instantly remove all daily rate limits.'}}, headers=[], checksum=None, serialized_key_size=-1, serialized_value_size=312, serialized_header_size=-1)
[2025-04-24T19:31:33.847+0000] {subprocess.py:93} INFO - INFO:kafka_consumer:Appended message to /opt/airflow/includes/local warehose/bronze/stock-prices.jsonl
[2025-04-24T19:31:33.848+0000] {subprocess.py:93} INFO - INFO:kafka_consumer:Received message: ConsumerRecord(topic='stock-prices', partition=0, leader_epoch=0, offset=4, timestamp=1745520606439, timestamp_type=0, key=None, value={'symbol': 'IBM', 'timestamp': 1745520606.4357584, 'data': {'Information': 'We have detected your API key as 02LUMITX3ON1TILA and our standard API rate limit is 25 requests per day. Please subscribe to any of the premium plans at https://www.alphavantage.co/premium/ to instantly remove all daily rate limits.'}}, headers=[], checksum=None, serialized_key_size=-1, serialized_value_size=312, serialized_header_size=-1)
[2025-04-24T19:31:33.848+0000] {subprocess.py:93} INFO - INFO:kafka_consumer:Appended message to /opt/airflow/includes/local warehose/bronze/stock-prices.jsonl
[2025-04-24T19:31:33.848+0000] {subprocess.py:93} INFO - INFO:kafka_consumer:Received message: ConsumerRecord(topic='stock-prices', partition=0, leader_epoch=0, offset=5, timestamp=1745521944273, timestamp_type=0, key=None, value={'symbol': 'AAPL', 'timestamp': 1745521944.2695556, 'data': {'Information': 'We have detected your API key as 02LUMITX3ON1TILA and our standard API rate limit is 25 requests per day. Please subscribe to any of the premium plans at https://www.alphavantage.co/premium/ to instantly remove all daily rate limits.'}}, headers=[], checksum=None, serialized_key_size=-1, serialized_value_size=313, serialized_header_size=-1)
[2025-04-24T19:31:33.848+0000] {subprocess.py:93} INFO - INFO:kafka_consumer:Appended message to /opt/airflow/includes/local warehose/bronze/stock-prices.jsonl
[2025-04-24T19:31:33.848+0000] {subprocess.py:93} INFO - INFO:kafka_consumer:Received message: ConsumerRecord(topic='stock-prices', partition=0, leader_epoch=0, offset=6, timestamp=1745521957408, timestamp_type=0, key=None, value={'symbol': 'MSFT', 'timestamp': 1745521957.4082367, 'data': {'Information': 'We have detected your API key as 02LUMITX3ON1TILA and our standard API rate limit is 25 requests per day. Please subscribe to any of the premium plans at https://www.alphavantage.co/premium/ to instantly remove all daily rate limits.'}}, headers=[], checksum=None, serialized_key_size=-1, serialized_value_size=313, serialized_header_size=-1)
[2025-04-24T19:31:33.849+0000] {subprocess.py:93} INFO - INFO:kafka_consumer:Appended message to /opt/airflow/includes/local warehose/bronze/stock-prices.jsonl
[2025-04-24T19:31:33.849+0000] {subprocess.py:93} INFO - INFO:kafka_consumer:Received message: ConsumerRecord(topic='stock-prices', partition=0, leader_epoch=0, offset=7, timestamp=1745521971328, timestamp_type=0, key=None, value={'symbol': 'TSLA', 'timestamp': 1745521971.3282952, 'data': {'Information': 'We have detected your API key as 02LUMITX3ON1TILA and our standard API rate limit is 25 requests per day. Please subscribe to any of the premium plans at https://www.alphavantage.co/premium/ to instantly remove all daily rate limits.'}}, headers=[], checksum=None, serialized_key_size=-1, serialized_value_size=313, serialized_header_size=-1)
[2025-04-24T19:31:33.849+0000] {subprocess.py:93} INFO - INFO:kafka_consumer:Appended message to /opt/airflow/includes/local warehose/bronze/stock-prices.jsonl
[2025-04-24T19:31:33.849+0000] {subprocess.py:93} INFO - INFO:kafka_consumer:Received message: ConsumerRecord(topic='stock-prices', partition=0, leader_epoch=0, offset=8, timestamp=1745522411875, timestamp_type=0, key=None, value={'symbol': 'IBM', 'timestamp': 1745522411.8728848, 'data': {'Information': 'We have detected your API key as 02LUMITX3ON1TILA and our standard API rate limit is 25 requests per day. Please subscribe to any of the premium plans at https://www.alphavantage.co/premium/ to instantly remove all daily rate limits.'}}, headers=[], checksum=None, serialized_key_size=-1, serialized_value_size=312, serialized_header_size=-1)
[2025-04-24T19:31:33.849+0000] {subprocess.py:93} INFO - INFO:kafka_consumer:Appended message to /opt/airflow/includes/local warehose/bronze/stock-prices.jsonl
[2025-04-24T19:31:33.849+0000] {subprocess.py:93} INFO - INFO:kafka_consumer:Received message: ConsumerRecord(topic='stock-prices', partition=0, leader_epoch=0, offset=9, timestamp=1745523009151, timestamp_type=0, key=None, value={'symbol': 'IBM', 'timestamp': 1745523009.1479926, 'data': {'Information': 'We have detected your API key as 02LUMITX3ON1TILA and our standard API rate limit is 25 requests per day. Please subscribe to any of the premium plans at https://www.alphavantage.co/premium/ to instantly remove all daily rate limits.'}}, headers=[], checksum=None, serialized_key_size=-1, serialized_value_size=312, serialized_header_size=-1)
[2025-04-24T19:31:33.850+0000] {subprocess.py:93} INFO - INFO:kafka_consumer:Appended message to /opt/airflow/includes/local warehose/bronze/stock-prices.jsonl
[2025-04-24T19:31:33.850+0000] {subprocess.py:93} INFO - INFO:kafka_consumer:Received message: ConsumerRecord(topic='stock-prices', partition=0, leader_epoch=0, offset=10, timestamp=1745523024033, timestamp_type=0, key=None, value={'symbol': 'AAPL', 'timestamp': 1745523024.0328789, 'data': {'Information': 'We have detected your API key as 02LUMITX3ON1TILA and our standard API rate limit is 25 requests per day. Please subscribe to any of the premium plans at https://www.alphavantage.co/premium/ to instantly remove all daily rate limits.'}}, headers=[], checksum=None, serialized_key_size=-1, serialized_value_size=313, serialized_header_size=-1)
[2025-04-24T19:31:33.850+0000] {subprocess.py:93} INFO - INFO:kafka_consumer:Appended message to /opt/airflow/includes/local warehose/bronze/stock-prices.jsonl
[2025-04-24T19:31:33.850+0000] {subprocess.py:93} INFO - INFO:kafka_consumer:Received message: ConsumerRecord(topic='stock-prices', partition=0, leader_epoch=0, offset=11, timestamp=1745523042231, timestamp_type=0, key=None, value={'symbol': 'MSFT', 'timestamp': 1745523042.2314715, 'data': {'Information': 'We have detected your API key as 02LUMITX3ON1TILA and our standard API rate limit is 25 requests per day. Please subscribe to any of the premium plans at https://www.alphavantage.co/premium/ to instantly remove all daily rate limits.'}}, headers=[], checksum=None, serialized_key_size=-1, serialized_value_size=313, serialized_header_size=-1)
[2025-04-24T19:31:33.850+0000] {subprocess.py:93} INFO - INFO:kafka_consumer:Appended message to /opt/airflow/includes/local warehose/bronze/stock-prices.jsonl
[2025-04-24T19:31:33.850+0000] {subprocess.py:93} INFO - INFO:kafka_consumer:Received message: ConsumerRecord(topic='stock-prices', partition=0, leader_epoch=0, offset=12, timestamp=1745523073463, timestamp_type=0, key=None, value={'symbol': 'TSLA', 'timestamp': 1745523073.463068, 'data': {'Information': 'We have detected your API key as 02LUMITX3ON1TILA and our standard API rate limit is 25 requests per day. Please subscribe to any of the premium plans at https://www.alphavantage.co/premium/ to instantly remove all daily rate limits.'}}, headers=[], checksum=None, serialized_key_size=-1, serialized_value_size=312, serialized_header_size=-1)
[2025-04-24T19:31:33.850+0000] {subprocess.py:93} INFO - INFO:kafka_consumer:Appended message to /opt/airflow/includes/local warehose/bronze/stock-prices.jsonl
[2025-04-24T19:31:38.850+0000] {subprocess.py:93} INFO - INFO:kafka_consumer:No messages received (#1)...
[2025-04-24T19:31:43.851+0000] {subprocess.py:93} INFO - INFO:kafka_consumer:No messages received (#2)...
[2025-04-24T19:31:48.852+0000] {subprocess.py:93} INFO - INFO:kafka_consumer:No messages received (#3)...
[2025-04-24T19:31:48.902+0000] {subprocess.py:93} INFO - INFO:kafka.coordinator:Stopping heartbeat thread
[2025-04-24T19:31:48.952+0000] {subprocess.py:97} INFO - Command exited with return code 0
[2025-04-24T19:31:48.953+0000] {taskinstance.py:441} INFO - ::group::Post task execution logs
[2025-04-24T19:31:48.972+0000] {taskinstance.py:1206} INFO - Marking task as SUCCESS. dag_id=stock_kafka_pipeline, task_id=Kafka_Consumer, run_id=scheduled__2025-04-24T19:20:00+00:00, execution_date=20250424T192000, start_date=20250424T193129, end_date=20250424T193148
[2025-04-24T19:31:49.013+0000] {local_task_job_runner.py:240} INFO - Task exited with return code 0
[2025-04-24T19:31:49.031+0000] {taskinstance.py:3503} INFO - 1 downstream tasks scheduled from follow-on schedule check
[2025-04-24T19:31:49.033+0000] {local_task_job_runner.py:222} INFO - ::endgroup::
