[2025-04-22T19:09:29.252+0000] {local_task_job_runner.py:120} INFO - ::group::Pre task execution logs
[2025-04-22T19:09:29.276+0000] {taskinstance.py:2076} INFO - Dependencies all met for dep_context=non-requeueable deps ti=<TaskInstance: stock_kafka_pipeline.upload_to_hdfs manual__2025-04-22T19:07:23.163300+00:00 [queued]>
[2025-04-22T19:09:29.282+0000] {taskinstance.py:2076} INFO - Dependencies all met for dep_context=requeueable deps ti=<TaskInstance: stock_kafka_pipeline.upload_to_hdfs manual__2025-04-22T19:07:23.163300+00:00 [queued]>
[2025-04-22T19:09:29.283+0000] {taskinstance.py:2306} INFO - Starting attempt 2 of 2
[2025-04-22T19:09:29.295+0000] {taskinstance.py:2330} INFO - Executing <Task(BashOperator): upload_to_hdfs> on 2025-04-22 19:07:23.163300+00:00
[2025-04-22T19:09:29.300+0000] {standard_task_runner.py:63} INFO - Started process 419 to run task
[2025-04-22T19:09:29.302+0000] {standard_task_runner.py:90} INFO - Running: ['airflow', 'tasks', 'run', 'stock_kafka_pipeline', 'upload_to_hdfs', 'manual__2025-04-22T19:07:23.163300+00:00', '--job-id', '112', '--raw', '--subdir', 'DAGS_FOLDER/stock_kafka_pipeline.py', '--cfg-path', '/tmp/tmphk2zd0d2']
[2025-04-22T19:09:29.304+0000] {standard_task_runner.py:91} INFO - Job 112: Subtask upload_to_hdfs
[2025-04-22T19:09:29.330+0000] {task_command.py:426} INFO - Running <TaskInstance: stock_kafka_pipeline.upload_to_hdfs manual__2025-04-22T19:07:23.163300+00:00 [running]> on host 5a23ef60022c
[2025-04-22T19:09:29.394+0000] {taskinstance.py:2648} INFO - Exporting env vars: AIRFLOW_CTX_DAG_OWNER='airflow' AIRFLOW_CTX_DAG_ID='stock_kafka_pipeline' AIRFLOW_CTX_TASK_ID='upload_to_hdfs' AIRFLOW_CTX_EXECUTION_DATE='2025-04-22T19:07:23.163300+00:00' AIRFLOW_CTX_TRY_NUMBER='2' AIRFLOW_CTX_DAG_RUN_ID='manual__2025-04-22T19:07:23.163300+00:00'
[2025-04-22T19:09:29.395+0000] {taskinstance.py:430} INFO - ::endgroup::
[2025-04-22T19:09:29.410+0000] {subprocess.py:63} INFO - Tmp dir root location: /tmp
[2025-04-22T19:09:29.410+0000] {subprocess.py:75} INFO - Running command: ['/usr/bin/bash', '-c', 'hdfs dfs -put -f /opt/airflow/includes/local\\ warehouse/bronze/stock-prices.jsonl hdfs://localhost:9000/bronze/']
[2025-04-22T19:09:29.422+0000] {subprocess.py:86} INFO - Output:
[2025-04-22T19:09:29.424+0000] {subprocess.py:93} INFO - /usr/bin/bash: line 1: hdfs: command not found
[2025-04-22T19:09:29.424+0000] {subprocess.py:97} INFO - Command exited with return code 127
[2025-04-22T19:09:29.424+0000] {taskinstance.py:441} INFO - ::group::Post task execution logs
[2025-04-22T19:09:29.430+0000] {taskinstance.py:2905} ERROR - Task failed with exception
Traceback (most recent call last):
  File "/home/airflow/.local/lib/python3.12/site-packages/airflow/models/taskinstance.py", line 465, in _execute_task
    result = _execute_callable(context=context, **execute_callable_kwargs)
             ^^^^^^^^^^^^^^^^^^^^^^^^^^^^^^^^^^^^^^^^^^^^^^^^^^^^^^^^^^^^^
  File "/home/airflow/.local/lib/python3.12/site-packages/airflow/models/taskinstance.py", line 432, in _execute_callable
    return execute_callable(context=context, **execute_callable_kwargs)
           ^^^^^^^^^^^^^^^^^^^^^^^^^^^^^^^^^^^^^^^^^^^^^^^^^^^^^^^^^^^^
  File "/home/airflow/.local/lib/python3.12/site-packages/airflow/models/baseoperator.py", line 401, in wrapper
    return func(self, *args, **kwargs)
           ^^^^^^^^^^^^^^^^^^^^^^^^^^^
  File "/home/airflow/.local/lib/python3.12/site-packages/airflow/operators/bash.py", line 243, in execute
    raise AirflowException(
airflow.exceptions.AirflowException: Bash command failed. The command returned a non-zero exit code 127.
[2025-04-22T19:09:29.435+0000] {taskinstance.py:1206} INFO - Marking task as FAILED. dag_id=stock_kafka_pipeline, task_id=upload_to_hdfs, run_id=manual__2025-04-22T19:07:23.163300+00:00, execution_date=20250422T190723, start_date=20250422T190929, end_date=20250422T190929
[2025-04-22T19:09:29.445+0000] {standard_task_runner.py:110} ERROR - Failed to execute job 112 for task upload_to_hdfs (Bash command failed. The command returned a non-zero exit code 127.; 419)
[2025-04-22T19:09:29.474+0000] {local_task_job_runner.py:240} INFO - Task exited with return code 1
[2025-04-22T19:09:29.491+0000] {taskinstance.py:3503} INFO - 0 downstream tasks scheduled from follow-on schedule check
[2025-04-22T19:09:29.492+0000] {local_task_job_runner.py:222} INFO - ::endgroup::
