[2025-04-22T13:03:03.386+0000] {local_task_job_runner.py:120} INFO - ::group::Pre task execution logs
[2025-04-22T13:03:03.410+0000] {taskinstance.py:2076} INFO - Dependencies all met for dep_context=non-requeueable deps ti=<TaskInstance: stock_kafka_pipeline.Kafka_Producer manual__2025-04-22T13:02:59.601146+00:00 [queued]>
[2025-04-22T13:03:03.415+0000] {taskinstance.py:2076} INFO - Dependencies all met for dep_context=requeueable deps ti=<TaskInstance: stock_kafka_pipeline.Kafka_Producer manual__2025-04-22T13:02:59.601146+00:00 [queued]>
[2025-04-22T13:03:03.415+0000] {taskinstance.py:2306} INFO - Starting attempt 1 of 2
[2025-04-22T13:03:03.429+0000] {taskinstance.py:2330} INFO - Executing <Task(BashOperator): Kafka_Producer> on 2025-04-22 13:02:59.601146+00:00
[2025-04-22T13:03:03.435+0000] {standard_task_runner.py:63} INFO - Started process 66 to run task
[2025-04-22T13:03:03.438+0000] {standard_task_runner.py:90} INFO - Running: ['airflow', 'tasks', 'run', 'stock_kafka_pipeline', 'Kafka_Producer', 'manual__2025-04-22T13:02:59.601146+00:00', '--job-id', '17', '--raw', '--subdir', 'DAGS_FOLDER/stock_kafka_pipeline.py', '--cfg-path', '/tmp/tmpg88a1c19']
[2025-04-22T13:03:03.439+0000] {standard_task_runner.py:91} INFO - Job 17: Subtask Kafka_Producer
[2025-04-22T13:03:03.469+0000] {task_command.py:426} INFO - Running <TaskInstance: stock_kafka_pipeline.Kafka_Producer manual__2025-04-22T13:02:59.601146+00:00 [running]> on host 9b76f220bc2e
[2025-04-22T13:03:03.534+0000] {taskinstance.py:2648} INFO - Exporting env vars: AIRFLOW_CTX_DAG_OWNER='airflow' AIRFLOW_CTX_DAG_ID='stock_kafka_pipeline' AIRFLOW_CTX_TASK_ID='Kafka_Producer' AIRFLOW_CTX_EXECUTION_DATE='2025-04-22T13:02:59.601146+00:00' AIRFLOW_CTX_TRY_NUMBER='1' AIRFLOW_CTX_DAG_RUN_ID='manual__2025-04-22T13:02:59.601146+00:00'
[2025-04-22T13:03:03.535+0000] {taskinstance.py:430} INFO - ::endgroup::
[2025-04-22T13:03:03.573+0000] {subprocess.py:63} INFO - Tmp dir root location: /tmp
[2025-04-22T13:03:03.574+0000] {subprocess.py:75} INFO - Running command: ['/usr/bin/bash', '-c', 'python3 /opt/airflow/Scripts/alpha_vantage_producer.py']
[2025-04-22T13:03:03.586+0000] {subprocess.py:86} INFO - Output:
[2025-04-22T13:03:06.582+0000] {subprocess.py:93} INFO - Traceback (most recent call last):
[2025-04-22T13:03:06.582+0000] {subprocess.py:93} INFO -   File "/opt/airflow/Scripts/alpha_vantage_producer.py", line 14, in <module>
[2025-04-22T13:03:06.583+0000] {subprocess.py:93} INFO -     producer = KafkaProducer(
[2025-04-22T13:03:06.583+0000] {subprocess.py:93} INFO -                ^^^^^^^^^^^^^^
[2025-04-22T13:03:06.583+0000] {subprocess.py:93} INFO -   File "/home/airflow/.local/lib/python3.12/site-packages/kafka/producer/kafka.py", line 408, in __init__
[2025-04-22T13:03:06.583+0000] {subprocess.py:93} INFO -     client = self.config['kafka_client'](
[2025-04-22T13:03:06.583+0000] {subprocess.py:93} INFO -              ^^^^^^^^^^^^^^^^^^^^^^^^^^^^
[2025-04-22T13:03:06.583+0000] {subprocess.py:93} INFO -   File "/home/airflow/.local/lib/python3.12/site-packages/kafka/client_async.py", line 262, in __init__
[2025-04-22T13:03:06.584+0000] {subprocess.py:93} INFO -     self.config['api_version'] = self.check_version()
[2025-04-22T13:03:06.584+0000] {subprocess.py:93} INFO -                                  ^^^^^^^^^^^^^^^^^^^^
[2025-04-22T13:03:06.584+0000] {subprocess.py:93} INFO -   File "/home/airflow/.local/lib/python3.12/site-packages/kafka/client_async.py", line 1073, in check_version
[2025-04-22T13:03:06.584+0000] {subprocess.py:93} INFO -     raise Errors.NoBrokersAvailable()
[2025-04-22T13:03:06.584+0000] {subprocess.py:93} INFO - kafka.errors.NoBrokersAvailable: NoBrokersAvailable
[2025-04-22T13:03:06.669+0000] {subprocess.py:97} INFO - Command exited with return code 1
[2025-04-22T13:03:06.670+0000] {taskinstance.py:441} INFO - ::group::Post task execution logs
[2025-04-22T13:03:06.676+0000] {taskinstance.py:2905} ERROR - Task failed with exception
Traceback (most recent call last):
  File "/home/airflow/.local/lib/python3.12/site-packages/airflow/models/taskinstance.py", line 465, in _execute_task
    result = _execute_callable(context=context, **execute_callable_kwargs)
             ^^^^^^^^^^^^^^^^^^^^^^^^^^^^^^^^^^^^^^^^^^^^^^^^^^^^^^^^^^^^^
  File "/home/airflow/.local/lib/python3.12/site-packages/airflow/models/taskinstance.py", line 432, in _execute_callable
    return execute_callable(context=context, **execute_callable_kwargs)
           ^^^^^^^^^^^^^^^^^^^^^^^^^^^^^^^^^^^^^^^^^^^^^^^^^^^^^^^^^^^^
  File "/home/airflow/.local/lib/python3.12/site-packages/airflow/models/baseoperator.py", line 401, in wrapper
    return func(self, *args, **kwargs)
           ^^^^^^^^^^^^^^^^^^^^^^^^^^^
  File "/home/airflow/.local/lib/python3.12/site-packages/airflow/operators/bash.py", line 243, in execute
    raise AirflowException(
airflow.exceptions.AirflowException: Bash command failed. The command returned a non-zero exit code 1.
[2025-04-22T13:03:06.680+0000] {taskinstance.py:1206} INFO - Marking task as UP_FOR_RETRY. dag_id=stock_kafka_pipeline, task_id=Kafka_Producer, run_id=manual__2025-04-22T13:02:59.601146+00:00, execution_date=20250422T130259, start_date=20250422T130303, end_date=20250422T130306
[2025-04-22T13:03:06.691+0000] {standard_task_runner.py:110} ERROR - Failed to execute job 17 for task Kafka_Producer (Bash command failed. The command returned a non-zero exit code 1.; 66)
[2025-04-22T13:03:06.699+0000] {local_task_job_runner.py:240} INFO - Task exited with return code 1
[2025-04-22T13:03:06.717+0000] {taskinstance.py:3503} INFO - 0 downstream tasks scheduled from follow-on schedule check
[2025-04-22T13:03:06.718+0000] {local_task_job_runner.py:222} INFO - ::endgroup::
