[2025-04-25T11:40:04.273+0000] {local_task_job_runner.py:120} INFO - ::group::Pre task execution logs
[2025-04-25T11:40:04.310+0000] {taskinstance.py:2076} INFO - Dependencies all met for dep_context=non-requeueable deps ti=<TaskInstance: stock_kafka_pipeline.Kafka_Producer scheduled__2025-04-25T11:30:00+00:00 [queued]>
[2025-04-25T11:40:04.321+0000] {taskinstance.py:2076} INFO - Dependencies all met for dep_context=requeueable deps ti=<TaskInstance: stock_kafka_pipeline.Kafka_Producer scheduled__2025-04-25T11:30:00+00:00 [queued]>
[2025-04-25T11:40:04.321+0000] {taskinstance.py:2306} INFO - Starting attempt 1 of 2
[2025-04-25T11:40:04.339+0000] {taskinstance.py:2330} INFO - Executing <Task(BashOperator): Kafka_Producer> on 2025-04-25 11:30:00+00:00
[2025-04-25T11:40:04.346+0000] {standard_task_runner.py:63} INFO - Started process 803 to run task
[2025-04-25T11:40:04.349+0000] {standard_task_runner.py:90} INFO - Running: ['airflow', 'tasks', 'run', 'stock_kafka_pipeline', 'Kafka_Producer', 'scheduled__2025-04-25T11:30:00+00:00', '--job-id', '406', '--raw', '--subdir', 'DAGS_FOLDER/test.py', '--cfg-path', '/tmp/tmp_r05y78h']
[2025-04-25T11:40:04.351+0000] {standard_task_runner.py:91} INFO - Job 406: Subtask Kafka_Producer
[2025-04-25T11:40:04.405+0000] {task_command.py:426} INFO - Running <TaskInstance: stock_kafka_pipeline.Kafka_Producer scheduled__2025-04-25T11:30:00+00:00 [running]> on host f4170a5e6dc6
[2025-04-25T11:40:04.473+0000] {taskinstance.py:2648} INFO - Exporting env vars: AIRFLOW_CTX_DAG_OWNER='airflow' AIRFLOW_CTX_DAG_ID='stock_kafka_pipeline' AIRFLOW_CTX_TASK_ID='Kafka_Producer' AIRFLOW_CTX_EXECUTION_DATE='2025-04-25T11:30:00+00:00' AIRFLOW_CTX_TRY_NUMBER='1' AIRFLOW_CTX_DAG_RUN_ID='scheduled__2025-04-25T11:30:00+00:00'
[2025-04-25T11:40:04.473+0000] {taskinstance.py:430} INFO - ::endgroup::
[2025-04-25T11:40:04.485+0000] {subprocess.py:63} INFO - Tmp dir root location: /tmp
[2025-04-25T11:40:04.486+0000] {subprocess.py:75} INFO - Running command: ['/usr/bin/bash', '-c', 'python3 /opt/airflow/Scripts/alpha_vantage_producer.py']
[2025-04-25T11:40:04.500+0000] {subprocess.py:86} INFO - Output:
[2025-04-25T11:40:05.416+0000] {subprocess.py:93} INFO - WARNING:kafka.conn:DNS lookup failed for kafka:9092, exception was [Errno -3] Temporary failure in name resolution. Is your advertised.listeners (called advertised.host.name before Kafka 9) correct and resolvable?
[2025-04-25T11:40:05.416+0000] {subprocess.py:93} INFO - ERROR:kafka.conn:<BrokerConnection client_id=kafka-python-producer-1, node_id=bootstrap-0 host=kafka:9092 <connecting> [unspecified None]>: DNS lookup failed for kafka:9092 (0)
[2025-04-25T11:40:05.417+0000] {subprocess.py:93} INFO - ERROR:kafka.conn:<BrokerConnection client_id=kafka-python-producer-1, node_id=bootstrap-0 host=kafka:9092 <connecting> [unspecified None]>: Closing connection. KafkaConnectionError: DNS failure
[2025-04-25T11:40:05.417+0000] {subprocess.py:93} INFO - WARNING:kafka.client:No node available during check_version; sleeping 0.04 secs
[2025-04-25T11:40:05.458+0000] {subprocess.py:93} INFO - WARNING:kafka.conn:DNS lookup failed for kafka:9092, exception was [Errno -3] Temporary failure in name resolution. Is your advertised.listeners (called advertised.host.name before Kafka 9) correct and resolvable?
[2025-04-25T11:40:05.458+0000] {subprocess.py:93} INFO - ERROR:kafka.conn:<BrokerConnection client_id=kafka-python-producer-1, node_id=bootstrap-0 host=kafka:9092 <connecting> [unspecified None]>: DNS lookup failed for kafka:9092 (0)
[2025-04-25T11:40:05.458+0000] {subprocess.py:93} INFO - ERROR:kafka.conn:<BrokerConnection client_id=kafka-python-producer-1, node_id=bootstrap-0 host=kafka:9092 <connecting> [unspecified None]>: Closing connection. KafkaConnectionError: DNS failure
[2025-04-25T11:40:05.458+0000] {subprocess.py:93} INFO - WARNING:kafka.client:No node available during check_version; sleeping 0.10 secs
[2025-04-25T11:40:05.561+0000] {subprocess.py:93} INFO - WARNING:kafka.conn:DNS lookup failed for kafka:9092, exception was [Errno -3] Temporary failure in name resolution. Is your advertised.listeners (called advertised.host.name before Kafka 9) correct and resolvable?
[2025-04-25T11:40:05.561+0000] {subprocess.py:93} INFO - ERROR:kafka.conn:<BrokerConnection client_id=kafka-python-producer-1, node_id=bootstrap-0 host=kafka:9092 <connecting> [unspecified None]>: DNS lookup failed for kafka:9092 (0)
[2025-04-25T11:40:05.562+0000] {subprocess.py:93} INFO - ERROR:kafka.conn:<BrokerConnection client_id=kafka-python-producer-1, node_id=bootstrap-0 host=kafka:9092 <connecting> [unspecified None]>: Closing connection. KafkaConnectionError: DNS failure
[2025-04-25T11:40:05.562+0000] {subprocess.py:93} INFO - WARNING:kafka.client:No node available during check_version; sleeping 0.18 secs
[2025-04-25T11:40:05.741+0000] {subprocess.py:93} INFO - WARNING:kafka.conn:DNS lookup failed for kafka:9092, exception was [Errno -3] Temporary failure in name resolution. Is your advertised.listeners (called advertised.host.name before Kafka 9) correct and resolvable?
[2025-04-25T11:40:05.741+0000] {subprocess.py:93} INFO - ERROR:kafka.conn:<BrokerConnection client_id=kafka-python-producer-1, node_id=bootstrap-0 host=kafka:9092 <connecting> [unspecified None]>: DNS lookup failed for kafka:9092 (0)
[2025-04-25T11:40:05.741+0000] {subprocess.py:93} INFO - ERROR:kafka.conn:<BrokerConnection client_id=kafka-python-producer-1, node_id=bootstrap-0 host=kafka:9092 <connecting> [unspecified None]>: Closing connection. KafkaConnectionError: DNS failure
[2025-04-25T11:40:05.741+0000] {subprocess.py:93} INFO - WARNING:kafka.client:No node available during check_version; sleeping 0.45 secs
[2025-04-25T11:40:06.191+0000] {subprocess.py:93} INFO - WARNING:kafka.conn:DNS lookup failed for kafka:9092, exception was [Errno -3] Temporary failure in name resolution. Is your advertised.listeners (called advertised.host.name before Kafka 9) correct and resolvable?
[2025-04-25T11:40:06.192+0000] {subprocess.py:93} INFO - ERROR:kafka.conn:<BrokerConnection client_id=kafka-python-producer-1, node_id=bootstrap-0 host=kafka:9092 <connecting> [unspecified None]>: DNS lookup failed for kafka:9092 (0)
[2025-04-25T11:40:06.192+0000] {subprocess.py:93} INFO - ERROR:kafka.conn:<BrokerConnection client_id=kafka-python-producer-1, node_id=bootstrap-0 host=kafka:9092 <connecting> [unspecified None]>: Closing connection. KafkaConnectionError: DNS failure
[2025-04-25T11:40:06.192+0000] {subprocess.py:93} INFO - WARNING:kafka.client:No node available during check_version; sleeping 0.68 secs
[2025-04-25T11:40:06.878+0000] {subprocess.py:93} INFO - WARNING:kafka.conn:DNS lookup failed for kafka:9092, exception was [Errno -3] Temporary failure in name resolution. Is your advertised.listeners (called advertised.host.name before Kafka 9) correct and resolvable?
[2025-04-25T11:40:06.878+0000] {subprocess.py:93} INFO - ERROR:kafka.conn:<BrokerConnection client_id=kafka-python-producer-1, node_id=bootstrap-0 host=kafka:9092 <connecting> [unspecified None]>: DNS lookup failed for kafka:9092 (0)
[2025-04-25T11:40:06.879+0000] {subprocess.py:93} INFO - ERROR:kafka.conn:<BrokerConnection client_id=kafka-python-producer-1, node_id=bootstrap-0 host=kafka:9092 <connecting> [unspecified None]>: Closing connection. KafkaConnectionError: DNS failure
[2025-04-25T11:40:06.879+0000] {subprocess.py:93} INFO - WARNING:kafka.client:No node available during check_version; sleeping 0.54 secs
[2025-04-25T11:40:07.414+0000] {subprocess.py:93} INFO - Traceback (most recent call last):
[2025-04-25T11:40:07.415+0000] {subprocess.py:93} INFO -   File "/opt/airflow/Scripts/alpha_vantage_producer.py", line 19, in <module>
[2025-04-25T11:40:07.415+0000] {subprocess.py:93} INFO -     producer = KafkaProducer(
[2025-04-25T11:40:07.416+0000] {subprocess.py:93} INFO -                ^^^^^^^^^^^^^^
[2025-04-25T11:40:07.416+0000] {subprocess.py:93} INFO -   File "/home/airflow/.local/lib/python3.12/site-packages/kafka/producer/kafka.py", line 408, in __init__
[2025-04-25T11:40:07.416+0000] {subprocess.py:93} INFO -     client = self.config['kafka_client'](
[2025-04-25T11:40:07.417+0000] {subprocess.py:93} INFO -              ^^^^^^^^^^^^^^^^^^^^^^^^^^^^
[2025-04-25T11:40:07.417+0000] {subprocess.py:93} INFO -   File "/home/airflow/.local/lib/python3.12/site-packages/kafka/client_async.py", line 262, in __init__
[2025-04-25T11:40:07.417+0000] {subprocess.py:93} INFO -     self.config['api_version'] = self.check_version()
[2025-04-25T11:40:07.417+0000] {subprocess.py:93} INFO -                                  ^^^^^^^^^^^^^^^^^^^^
[2025-04-25T11:40:07.417+0000] {subprocess.py:93} INFO -   File "/home/airflow/.local/lib/python3.12/site-packages/kafka/client_async.py", line 1073, in check_version
[2025-04-25T11:40:07.417+0000] {subprocess.py:93} INFO -     raise Errors.NoBrokersAvailable()
[2025-04-25T11:40:07.417+0000] {subprocess.py:93} INFO - kafka.errors.NoBrokersAvailable: NoBrokersAvailable
[2025-04-25T11:40:07.485+0000] {subprocess.py:97} INFO - Command exited with return code 1
[2025-04-25T11:40:07.485+0000] {taskinstance.py:441} INFO - ::group::Post task execution logs
[2025-04-25T11:40:07.492+0000] {taskinstance.py:2905} ERROR - Task failed with exception
Traceback (most recent call last):
  File "/home/airflow/.local/lib/python3.12/site-packages/airflow/models/taskinstance.py", line 465, in _execute_task
    result = _execute_callable(context=context, **execute_callable_kwargs)
             ^^^^^^^^^^^^^^^^^^^^^^^^^^^^^^^^^^^^^^^^^^^^^^^^^^^^^^^^^^^^^
  File "/home/airflow/.local/lib/python3.12/site-packages/airflow/models/taskinstance.py", line 432, in _execute_callable
    return execute_callable(context=context, **execute_callable_kwargs)
           ^^^^^^^^^^^^^^^^^^^^^^^^^^^^^^^^^^^^^^^^^^^^^^^^^^^^^^^^^^^^
  File "/home/airflow/.local/lib/python3.12/site-packages/airflow/models/baseoperator.py", line 401, in wrapper
    return func(self, *args, **kwargs)
           ^^^^^^^^^^^^^^^^^^^^^^^^^^^
  File "/home/airflow/.local/lib/python3.12/site-packages/airflow/operators/bash.py", line 243, in execute
    raise AirflowException(
airflow.exceptions.AirflowException: Bash command failed. The command returned a non-zero exit code 1.
[2025-04-25T11:40:07.495+0000] {taskinstance.py:1206} INFO - Marking task as UP_FOR_RETRY. dag_id=stock_kafka_pipeline, task_id=Kafka_Producer, run_id=scheduled__2025-04-25T11:30:00+00:00, execution_date=20250425T113000, start_date=20250425T114004, end_date=20250425T114007
[2025-04-25T11:40:07.506+0000] {standard_task_runner.py:110} ERROR - Failed to execute job 406 for task Kafka_Producer (Bash command failed. The command returned a non-zero exit code 1.; 803)
[2025-04-25T11:40:07.530+0000] {local_task_job_runner.py:240} INFO - Task exited with return code 1
[2025-04-25T11:40:07.547+0000] {taskinstance.py:3503} INFO - 0 downstream tasks scheduled from follow-on schedule check
[2025-04-25T11:40:07.547+0000] {local_task_job_runner.py:222} INFO - ::endgroup::
