[2025-04-22T18:20:59.262+0000] {local_task_job_runner.py:120} INFO - ::group::Pre task execution logs
[2025-04-22T18:20:59.287+0000] {taskinstance.py:2076} INFO - Dependencies all met for dep_context=non-requeueable deps ti=<TaskInstance: stock_kafka_pipeline.Kafka_Consumer scheduled__2025-04-22T18:10:00+00:00 [queued]>
[2025-04-22T18:20:59.294+0000] {taskinstance.py:2076} INFO - Dependencies all met for dep_context=requeueable deps ti=<TaskInstance: stock_kafka_pipeline.Kafka_Consumer scheduled__2025-04-22T18:10:00+00:00 [queued]>
[2025-04-22T18:20:59.295+0000] {taskinstance.py:2306} INFO - Starting attempt 1 of 2
[2025-04-22T18:20:59.309+0000] {taskinstance.py:2330} INFO - Executing <Task(BashOperator): Kafka_Consumer> on 2025-04-22 18:10:00+00:00
[2025-04-22T18:20:59.314+0000] {standard_task_runner.py:63} INFO - Started process 121 to run task
[2025-04-22T18:20:59.317+0000] {standard_task_runner.py:90} INFO - Running: ['airflow', 'tasks', 'run', 'stock_kafka_pipeline', 'Kafka_Consumer', 'scheduled__2025-04-22T18:10:00+00:00', '--job-id', '79', '--raw', '--subdir', 'DAGS_FOLDER/stock_kafka_pipeline.py', '--cfg-path', '/tmp/tmprapj02j8']
[2025-04-22T18:20:59.320+0000] {standard_task_runner.py:91} INFO - Job 79: Subtask Kafka_Consumer
[2025-04-22T18:20:59.351+0000] {task_command.py:426} INFO - Running <TaskInstance: stock_kafka_pipeline.Kafka_Consumer scheduled__2025-04-22T18:10:00+00:00 [running]> on host 6df7355a8d19
[2025-04-22T18:20:59.433+0000] {taskinstance.py:2648} INFO - Exporting env vars: AIRFLOW_CTX_DAG_OWNER='airflow' AIRFLOW_CTX_DAG_ID='stock_kafka_pipeline' AIRFLOW_CTX_TASK_ID='Kafka_Consumer' AIRFLOW_CTX_EXECUTION_DATE='2025-04-22T18:10:00+00:00' AIRFLOW_CTX_TRY_NUMBER='1' AIRFLOW_CTX_DAG_RUN_ID='scheduled__2025-04-22T18:10:00+00:00'
[2025-04-22T18:20:59.434+0000] {taskinstance.py:430} INFO - ::endgroup::
[2025-04-22T18:20:59.450+0000] {subprocess.py:63} INFO - Tmp dir root location: /tmp
[2025-04-22T18:20:59.451+0000] {subprocess.py:75} INFO - Running command: ['/usr/bin/bash', '-c', 'python3 /opt/airflow/Scripts/load_to_bronze.py']
[2025-04-22T18:20:59.463+0000] {subprocess.py:86} INFO - Output:
[2025-04-22T18:21:00.205+0000] {subprocess.py:93} INFO - INFO:__main__:Cleared existing output file /opt/airflow/includes/local warehose/bronze/stock-prices.jsonl
[2025-04-22T18:21:00.213+0000] {subprocess.py:93} INFO - INFO:kafka.conn:<BrokerConnection client_id=kafka-python-2.1.5, node_id=bootstrap-0 host=kafka:9092 <connecting> [IPv4 ('172.27.0.7', 9092)]>: connecting to kafka:9092 [('172.27.0.7', 9092) IPv4]
[2025-04-22T18:21:00.216+0000] {subprocess.py:93} INFO - INFO:kafka.conn:<BrokerConnection client_id=kafka-python-2.1.5, node_id=bootstrap-0 host=kafka:9092 <checking_api_versions_recv> [IPv4 ('172.27.0.7', 9092)]>: Broker version identified as 2.6
[2025-04-22T18:21:00.216+0000] {subprocess.py:93} INFO - INFO:kafka.conn:<BrokerConnection client_id=kafka-python-2.1.5, node_id=bootstrap-0 host=kafka:9092 <connected> [IPv4 ('172.27.0.7', 9092)]>: Connection complete.
[2025-04-22T18:21:00.216+0000] {subprocess.py:93} INFO - INFO:kafka.consumer.subscription_state:Updating subscribed topics to: ('stock-prices',)
[2025-04-22T18:21:00.217+0000] {subprocess.py:93} INFO - INFO:__main__:Listening to Kafka topic 'stock-prices' and writing to /opt/airflow/includes/local warehose/bronze
[2025-04-22T18:21:00.219+0000] {subprocess.py:93} INFO - INFO:kafka.conn:<BrokerConnection client_id=kafka-python-2.1.5, node_id=1 host=kafka:9092 <connecting> [IPv4 ('172.27.0.7', 9092)]>: connecting to kafka:9092 [('172.27.0.7', 9092) IPv4]
[2025-04-22T18:21:00.220+0000] {subprocess.py:93} INFO - INFO:kafka.conn:<BrokerConnection client_id=kafka-python-2.1.5, node_id=1 host=kafka:9092 <connected> [IPv4 ('172.27.0.7', 9092)]>: Connection complete.
[2025-04-22T18:21:00.220+0000] {subprocess.py:93} INFO - INFO:kafka.conn:<BrokerConnection client_id=kafka-python-2.1.5, node_id=bootstrap-0 host=kafka:9092 <connected> [IPv4 ('172.27.0.7', 9092)]>: Closing connection.
[2025-04-22T18:21:00.323+0000] {subprocess.py:93} INFO - INFO:kafka.cluster:Group coordinator for stock-consumer-group is BrokerMetadata(nodeId='coordinator-1', host='kafka', port=9092, rack=None)
[2025-04-22T18:21:00.323+0000] {subprocess.py:93} INFO - INFO:kafka.coordinator:Discovered coordinator coordinator-1 for group stock-consumer-group
[2025-04-22T18:21:00.323+0000] {subprocess.py:93} INFO - INFO:kafka.coordinator:Starting new heartbeat thread
[2025-04-22T18:21:00.324+0000] {subprocess.py:93} INFO - INFO:kafka.coordinator.consumer:Revoking previously assigned partitions set() for group stock-consumer-group
[2025-04-22T18:21:00.324+0000] {subprocess.py:93} INFO - INFO:kafka.conn:<BrokerConnection client_id=kafka-python-2.1.5, node_id=coordinator-1 host=kafka:9092 <connecting> [IPv4 ('172.27.0.7', 9092)]>: connecting to kafka:9092 [('172.27.0.7', 9092) IPv4]
[2025-04-22T18:21:00.324+0000] {subprocess.py:93} INFO - INFO:kafka.conn:<BrokerConnection client_id=kafka-python-2.1.5, node_id=coordinator-1 host=kafka:9092 <connected> [IPv4 ('172.27.0.7', 9092)]>: Connection complete.
[2025-04-22T18:21:00.425+0000] {subprocess.py:93} INFO - INFO:kafka.coordinator:(Re-)joining group stock-consumer-group
[2025-04-22T18:21:03.427+0000] {subprocess.py:93} INFO - INFO:kafka.coordinator:Elected group leader -- performing partition assignments using range
[2025-04-22T18:21:03.431+0000] {subprocess.py:93} INFO - INFO:kafka.coordinator:Successfully joined group stock-consumer-group with generation 42
[2025-04-22T18:21:03.432+0000] {subprocess.py:93} INFO - INFO:kafka.consumer.subscription_state:Updated partition assignment: [TopicPartition(topic='stock-prices', partition=0)]
[2025-04-22T18:21:03.432+0000] {subprocess.py:93} INFO - INFO:kafka.coordinator.consumer:Setting newly assigned partitions {TopicPartition(topic='stock-prices', partition=0)} for group stock-consumer-group
[2025-04-22T18:21:03.440+0000] {subprocess.py:93} INFO - INFO:__main__:Received message: ConsumerRecord(topic='stock-prices', partition=0, leader_epoch=0, offset=56, timestamp=1745332832478, timestamp_type=0, key=None, value={'symbol': 'IBM', 'timestamp': 1745332832.4689214, 'data': {'Information': 'We have detected your API key as Y8AI4HTMVAUL03AD and our standard API rate limit is 25 requests per day. Please subscribe to any of the premium plans at https://www.alphavantage.co/premium/ to instantly remove all daily rate limits.'}}, headers=[], checksum=None, serialized_key_size=-1, serialized_value_size=312, serialized_header_size=-1)
[2025-04-22T18:21:03.441+0000] {subprocess.py:93} INFO - INFO:__main__:Appended message to /opt/airflow/includes/local warehose/bronze/stock-prices.jsonl
[2025-04-22T18:21:03.441+0000] {subprocess.py:93} INFO - INFO:__main__:Received message: ConsumerRecord(topic='stock-prices', partition=0, leader_epoch=0, offset=57, timestamp=1745332845000, timestamp_type=0, key=None, value={'symbol': 'AAPL', 'timestamp': 1745332845.0002964, 'data': {'Information': 'We have detected your API key as Y8AI4HTMVAUL03AD and our standard API rate limit is 25 requests per day. Please subscribe to any of the premium plans at https://www.alphavantage.co/premium/ to instantly remove all daily rate limits.'}}, headers=[], checksum=None, serialized_key_size=-1, serialized_value_size=313, serialized_header_size=-1)
[2025-04-22T18:21:03.441+0000] {subprocess.py:93} INFO - INFO:__main__:Appended message to /opt/airflow/includes/local warehose/bronze/stock-prices.jsonl
[2025-04-22T18:21:03.442+0000] {subprocess.py:93} INFO - INFO:__main__:Received message: ConsumerRecord(topic='stock-prices', partition=0, leader_epoch=0, offset=58, timestamp=1745332857493, timestamp_type=0, key=None, value={'symbol': 'MSFT', 'timestamp': 1745332857.4933054, 'data': {'Information': 'We have detected your API key as Y8AI4HTMVAUL03AD and our standard API rate limit is 25 requests per day. Please subscribe to any of the premium plans at https://www.alphavantage.co/premium/ to instantly remove all daily rate limits.'}}, headers=[], checksum=None, serialized_key_size=-1, serialized_value_size=313, serialized_header_size=-1)
[2025-04-22T18:21:03.442+0000] {subprocess.py:93} INFO - INFO:__main__:Appended message to /opt/airflow/includes/local warehose/bronze/stock-prices.jsonl
[2025-04-22T18:21:03.442+0000] {subprocess.py:93} INFO - INFO:__main__:Received message: ConsumerRecord(topic='stock-prices', partition=0, leader_epoch=0, offset=59, timestamp=1745332870027, timestamp_type=0, key=None, value={'symbol': 'TSLA', 'timestamp': 1745332870.0273986, 'data': {'Information': 'We have detected your API key as Y8AI4HTMVAUL03AD and our standard API rate limit is 25 requests per day. Please subscribe to any of the premium plans at https://www.alphavantage.co/premium/ to instantly remove all daily rate limits.'}}, headers=[], checksum=None, serialized_key_size=-1, serialized_value_size=313, serialized_header_size=-1)
[2025-04-22T18:21:03.442+0000] {subprocess.py:93} INFO - INFO:__main__:Appended message to /opt/airflow/includes/local warehose/bronze/stock-prices.jsonl
[2025-04-22T18:21:03.443+0000] {subprocess.py:93} INFO - INFO:__main__:Received message: ConsumerRecord(topic='stock-prices', partition=0, leader_epoch=0, offset=60, timestamp=1745333143287, timestamp_type=0, key=None, value={'symbol': 'IBM', 'timestamp': 1745333143.2839282, 'data': {'Information': 'We have detected your API key as 8L35R2K9GHTT6LK8 and our standard API rate limit is 25 requests per day. Please subscribe to any of the premium plans at https://www.alphavantage.co/premium/ to instantly remove all daily rate limits.'}}, headers=[], checksum=None, serialized_key_size=-1, serialized_value_size=312, serialized_header_size=-1)
[2025-04-22T18:21:03.443+0000] {subprocess.py:93} INFO - INFO:__main__:Appended message to /opt/airflow/includes/local warehose/bronze/stock-prices.jsonl
[2025-04-22T18:21:03.443+0000] {subprocess.py:93} INFO - INFO:__main__:Received message: ConsumerRecord(topic='stock-prices', partition=0, leader_epoch=0, offset=61, timestamp=1745333155767, timestamp_type=0, key=None, value={'symbol': 'AAPL', 'timestamp': 1745333155.7678514, 'data': {'Information': 'We have detected your API key as 8L35R2K9GHTT6LK8 and our standard API rate limit is 25 requests per day. Please subscribe to any of the premium plans at https://www.alphavantage.co/premium/ to instantly remove all daily rate limits.'}}, headers=[], checksum=None, serialized_key_size=-1, serialized_value_size=313, serialized_header_size=-1)
[2025-04-22T18:21:03.444+0000] {subprocess.py:93} INFO - INFO:__main__:Appended message to /opt/airflow/includes/local warehose/bronze/stock-prices.jsonl
[2025-04-22T18:21:03.444+0000] {subprocess.py:93} INFO - INFO:__main__:Received message: ConsumerRecord(topic='stock-prices', partition=0, leader_epoch=0, offset=62, timestamp=1745333168075, timestamp_type=0, key=None, value={'symbol': 'MSFT', 'timestamp': 1745333168.0757153, 'data': {'Information': 'We have detected your API key as 8L35R2K9GHTT6LK8 and our standard API rate limit is 25 requests per day. Please subscribe to any of the premium plans at https://www.alphavantage.co/premium/ to instantly remove all daily rate limits.'}}, headers=[], checksum=None, serialized_key_size=-1, serialized_value_size=313, serialized_header_size=-1)
[2025-04-22T18:21:03.444+0000] {subprocess.py:93} INFO - INFO:__main__:Appended message to /opt/airflow/includes/local warehose/bronze/stock-prices.jsonl
[2025-04-22T18:21:03.445+0000] {subprocess.py:93} INFO - INFO:__main__:Received message: ConsumerRecord(topic='stock-prices', partition=0, leader_epoch=0, offset=63, timestamp=1745333180562, timestamp_type=0, key=None, value={'symbol': 'TSLA', 'timestamp': 1745333180.5626597, 'data': {'Information': 'We have detected your API key as 8L35R2K9GHTT6LK8 and our standard API rate limit is 25 requests per day. Please subscribe to any of the premium plans at https://www.alphavantage.co/premium/ to instantly remove all daily rate limits.'}}, headers=[], checksum=None, serialized_key_size=-1, serialized_value_size=313, serialized_header_size=-1)
[2025-04-22T18:21:03.445+0000] {subprocess.py:93} INFO - INFO:__main__:Appended message to /opt/airflow/includes/local warehose/bronze/stock-prices.jsonl
[2025-04-22T18:21:03.445+0000] {subprocess.py:93} INFO - INFO:__main__:Received message: ConsumerRecord(topic='stock-prices', partition=0, leader_epoch=0, offset=64, timestamp=1745333406227, timestamp_type=0, key=None, value={'symbol': 'IBM', 'timestamp': 1745333406.2240791, 'data': {'Information': 'We have detected your API key as 02LUMITX3ON1TILA and our standard API rate limit is 25 requests per day. Please subscribe to any of the premium plans at https://www.alphavantage.co/premium/ to instantly remove all daily rate limits.'}}, headers=[], checksum=None, serialized_key_size=-1, serialized_value_size=312, serialized_header_size=-1)
[2025-04-22T18:21:03.445+0000] {subprocess.py:93} INFO - INFO:__main__:Appended message to /opt/airflow/includes/local warehose/bronze/stock-prices.jsonl
[2025-04-22T18:21:03.446+0000] {subprocess.py:93} INFO - INFO:__main__:Received message: ConsumerRecord(topic='stock-prices', partition=0, leader_epoch=0, offset=65, timestamp=1745333419331, timestamp_type=0, key=None, value={'symbol': 'AAPL', 'timestamp': 1745333419.3311417, 'data': {'Information': 'We have detected your API key as 02LUMITX3ON1TILA and our standard API rate limit is 25 requests per day. Please subscribe to any of the premium plans at https://www.alphavantage.co/premium/ to instantly remove all daily rate limits.'}}, headers=[], checksum=None, serialized_key_size=-1, serialized_value_size=313, serialized_header_size=-1)
[2025-04-22T18:21:03.446+0000] {subprocess.py:93} INFO - INFO:__main__:Appended message to /opt/airflow/includes/local warehose/bronze/stock-prices.jsonl
[2025-04-22T18:21:03.446+0000] {subprocess.py:93} INFO - INFO:__main__:Received message: ConsumerRecord(topic='stock-prices', partition=0, leader_epoch=0, offset=66, timestamp=1745333431810, timestamp_type=0, key=None, value={'symbol': 'MSFT', 'timestamp': 1745333431.8105571, 'data': {'Information': 'We have detected your API key as 02LUMITX3ON1TILA and our standard API rate limit is 25 requests per day. Please subscribe to any of the premium plans at https://www.alphavantage.co/premium/ to instantly remove all daily rate limits.'}}, headers=[], checksum=None, serialized_key_size=-1, serialized_value_size=313, serialized_header_size=-1)
[2025-04-22T18:21:03.446+0000] {subprocess.py:93} INFO - INFO:__main__:Appended message to /opt/airflow/includes/local warehose/bronze/stock-prices.jsonl
[2025-04-22T18:21:03.447+0000] {subprocess.py:93} INFO - INFO:__main__:Received message: ConsumerRecord(topic='stock-prices', partition=0, leader_epoch=0, offset=67, timestamp=1745333444447, timestamp_type=0, key=None, value={'symbol': 'TSLA', 'timestamp': 1745333444.4469821, 'data': {'Information': 'We have detected your API key as 02LUMITX3ON1TILA and our standard API rate limit is 25 requests per day. Please subscribe to any of the premium plans at https://www.alphavantage.co/premium/ to instantly remove all daily rate limits.'}}, headers=[], checksum=None, serialized_key_size=-1, serialized_value_size=313, serialized_header_size=-1)
[2025-04-22T18:21:03.447+0000] {subprocess.py:93} INFO - INFO:__main__:Appended message to /opt/airflow/includes/local warehose/bronze/stock-prices.jsonl
[2025-04-22T18:21:03.447+0000] {subprocess.py:93} INFO - INFO:__main__:Received message: ConsumerRecord(topic='stock-prices', partition=0, leader_epoch=0, offset=68, timestamp=1745345907661, timestamp_type=0, key=None, value={'symbol': 'IBM', 'timestamp': 1745345907.655626, 'data': {'Information': 'The **demo** API key is for demo purposes only. Please claim your free API key at (https://www.alphavantage.co/support/#api-key) to explore our full API offerings. It takes fewer than 20 seconds.'}}, headers=[], checksum=None, serialized_key_size=-1, serialized_value_size=273, serialized_header_size=-1)
[2025-04-22T18:21:03.447+0000] {subprocess.py:93} INFO - INFO:__main__:Appended message to /opt/airflow/includes/local warehose/bronze/stock-prices.jsonl
[2025-04-22T18:21:03.447+0000] {subprocess.py:93} INFO - INFO:__main__:Received message: ConsumerRecord(topic='stock-prices', partition=0, leader_epoch=0, offset=69, timestamp=1745345920185, timestamp_type=0, key=None, value={'symbol': 'AAPL', 'timestamp': 1745345920.1853848, 'data': {'Information': 'The **demo** API key is for demo purposes only. Please claim your free API key at (https://www.alphavantage.co/support/#api-key) to explore our full API offerings. It takes fewer than 20 seconds.'}}, headers=[], checksum=None, serialized_key_size=-1, serialized_value_size=275, serialized_header_size=-1)
[2025-04-22T18:21:03.448+0000] {subprocess.py:93} INFO - INFO:__main__:Appended message to /opt/airflow/includes/local warehose/bronze/stock-prices.jsonl
[2025-04-22T18:21:03.448+0000] {subprocess.py:93} INFO - INFO:__main__:Received message: ConsumerRecord(topic='stock-prices', partition=0, leader_epoch=0, offset=70, timestamp=1745345932795, timestamp_type=0, key=None, value={'symbol': 'MSFT', 'timestamp': 1745345932.7957704, 'data': {'Information': 'The **demo** API key is for demo purposes only. Please claim your free API key at (https://www.alphavantage.co/support/#api-key) to explore our full API offerings. It takes fewer than 20 seconds.'}}, headers=[], checksum=None, serialized_key_size=-1, serialized_value_size=275, serialized_header_size=-1)
[2025-04-22T18:21:03.448+0000] {subprocess.py:93} INFO - INFO:__main__:Appended message to /opt/airflow/includes/local warehose/bronze/stock-prices.jsonl
[2025-04-22T18:21:03.448+0000] {subprocess.py:93} INFO - INFO:__main__:Received message: ConsumerRecord(topic='stock-prices', partition=0, leader_epoch=0, offset=71, timestamp=1745345945311, timestamp_type=0, key=None, value={'symbol': 'TSLA', 'timestamp': 1745345945.3110065, 'data': {'Information': 'The **demo** API key is for demo purposes only. Please claim your free API key at (https://www.alphavantage.co/support/#api-key) to explore our full API offerings. It takes fewer than 20 seconds.'}}, headers=[], checksum=None, serialized_key_size=-1, serialized_value_size=275, serialized_header_size=-1)
[2025-04-22T18:21:03.448+0000] {subprocess.py:93} INFO - INFO:__main__:Appended message to /opt/airflow/includes/local warehose/bronze/stock-prices.jsonl
[2025-04-22T18:21:03.448+0000] {subprocess.py:93} INFO - INFO:__main__:Received message: ConsumerRecord(topic='stock-prices', partition=0, leader_epoch=0, offset=72, timestamp=1745346005486, timestamp_type=0, key=None, value={'symbol': 'IBM', 'timestamp': 1745346005.483832, 'data': {'Information': 'The **demo** API key is for demo purposes only. Please claim your free API key at (https://www.alphavantage.co/support/#api-key) to explore our full API offerings. It takes fewer than 20 seconds.'}}, headers=[], checksum=None, serialized_key_size=-1, serialized_value_size=273, serialized_header_size=-1)
[2025-04-22T18:21:03.449+0000] {subprocess.py:93} INFO - INFO:__main__:Appended message to /opt/airflow/includes/local warehose/bronze/stock-prices.jsonl
[2025-04-22T18:21:03.449+0000] {subprocess.py:93} INFO - INFO:__main__:Received message: ConsumerRecord(topic='stock-prices', partition=0, leader_epoch=0, offset=73, timestamp=1745346017991, timestamp_type=0, key=None, value={'symbol': 'AAPL', 'timestamp': 1745346017.9909241, 'data': {'Information': 'The **demo** API key is for demo purposes only. Please claim your free API key at (https://www.alphavantage.co/support/#api-key) to explore our full API offerings. It takes fewer than 20 seconds.'}}, headers=[], checksum=None, serialized_key_size=-1, serialized_value_size=275, serialized_header_size=-1)
[2025-04-22T18:21:03.449+0000] {subprocess.py:93} INFO - INFO:__main__:Appended message to /opt/airflow/includes/local warehose/bronze/stock-prices.jsonl
[2025-04-22T18:21:03.449+0000] {subprocess.py:93} INFO - INFO:__main__:Received message: ConsumerRecord(topic='stock-prices', partition=0, leader_epoch=0, offset=74, timestamp=1745346030309, timestamp_type=0, key=None, value={'symbol': 'MSFT', 'timestamp': 1745346030.3095078, 'data': {'Information': 'The **demo** API key is for demo purposes only. Please claim your free API key at (https://www.alphavantage.co/support/#api-key) to explore our full API offerings. It takes fewer than 20 seconds.'}}, headers=[], checksum=None, serialized_key_size=-1, serialized_value_size=275, serialized_header_size=-1)
[2025-04-22T18:21:03.449+0000] {subprocess.py:93} INFO - INFO:__main__:Appended message to /opt/airflow/includes/local warehose/bronze/stock-prices.jsonl
[2025-04-22T18:21:03.450+0000] {subprocess.py:93} INFO - INFO:__main__:Received message: ConsumerRecord(topic='stock-prices', partition=0, leader_epoch=0, offset=75, timestamp=1745346042827, timestamp_type=0, key=None, value={'symbol': 'TSLA', 'timestamp': 1745346042.8274817, 'data': {'Information': 'The **demo** API key is for demo purposes only. Please claim your free API key at (https://www.alphavantage.co/support/#api-key) to explore our full API offerings. It takes fewer than 20 seconds.'}}, headers=[], checksum=None, serialized_key_size=-1, serialized_value_size=275, serialized_header_size=-1)
[2025-04-22T18:21:03.450+0000] {subprocess.py:93} INFO - INFO:__main__:Appended message to /opt/airflow/includes/local warehose/bronze/stock-prices.jsonl
[2025-04-22T18:21:08.444+0000] {subprocess.py:93} INFO - INFO:__main__:No messages received (#1)...
[2025-04-22T18:21:13.445+0000] {subprocess.py:93} INFO - INFO:__main__:No messages received (#2)...
[2025-04-22T18:21:18.445+0000] {subprocess.py:93} INFO - INFO:__main__:No messages received (#3)...
[2025-04-22T18:21:18.446+0000] {subprocess.py:93} INFO - INFO:__main__:No new messages. Shutting down consumer.
[2025-04-22T18:21:18.447+0000] {subprocess.py:93} INFO - INFO:kafka.coordinator:Stopping heartbeat thread
[2025-04-22T18:21:21.446+0000] {subprocess.py:93} INFO - WARNING:kafka.coordinator:Heartbeat thread did not fully terminate during close
[2025-04-22T18:21:21.447+0000] {subprocess.py:93} INFO - INFO:kafka.coordinator:Leaving consumer group (stock-consumer-group).
[2025-04-22T18:21:21.454+0000] {subprocess.py:93} INFO - INFO:kafka.conn:<BrokerConnection client_id=kafka-python-2.1.5, node_id=1 host=kafka:9092 <connected> [IPv4 ('172.27.0.7', 9092)]>: Closing connection.
[2025-04-22T18:21:21.455+0000] {subprocess.py:93} INFO - INFO:kafka.conn:<BrokerConnection client_id=kafka-python-2.1.5, node_id=coordinator-1 host=kafka:9092 <connected> [IPv4 ('172.27.0.7', 9092)]>: Closing connection.
[2025-04-22T18:21:21.540+0000] {subprocess.py:97} INFO - Command exited with return code 0
[2025-04-22T18:21:21.541+0000] {taskinstance.py:441} INFO - ::group::Post task execution logs
[2025-04-22T18:21:21.556+0000] {taskinstance.py:1206} INFO - Marking task as SUCCESS. dag_id=stock_kafka_pipeline, task_id=Kafka_Consumer, run_id=scheduled__2025-04-22T18:10:00+00:00, execution_date=20250422T181000, start_date=20250422T182059, end_date=20250422T182121
[2025-04-22T18:21:21.600+0000] {local_task_job_runner.py:240} INFO - Task exited with return code 0
[2025-04-22T18:21:21.616+0000] {taskinstance.py:3503} INFO - 0 downstream tasks scheduled from follow-on schedule check
[2025-04-22T18:21:21.618+0000] {local_task_job_runner.py:222} INFO - ::endgroup::
