[2025-04-22T18:44:06.488+0000] {local_task_job_runner.py:120} INFO - ::group::Pre task execution logs
[2025-04-22T18:44:06.511+0000] {taskinstance.py:2076} INFO - Dependencies all met for dep_context=non-requeueable deps ti=<TaskInstance: stock_kafka_pipeline.Kafka_Consumer manual__2025-04-22T18:43:04.322432+00:00 [queued]>
[2025-04-22T18:44:06.518+0000] {taskinstance.py:2076} INFO - Dependencies all met for dep_context=requeueable deps ti=<TaskInstance: stock_kafka_pipeline.Kafka_Consumer manual__2025-04-22T18:43:04.322432+00:00 [queued]>
[2025-04-22T18:44:06.518+0000] {taskinstance.py:2306} INFO - Starting attempt 1 of 2
[2025-04-22T18:44:06.530+0000] {taskinstance.py:2330} INFO - Executing <Task(BashOperator): Kafka_Consumer> on 2025-04-22 18:43:04.322432+00:00
[2025-04-22T18:44:06.535+0000] {standard_task_runner.py:63} INFO - Started process 555 to run task
[2025-04-22T18:44:06.537+0000] {standard_task_runner.py:90} INFO - Running: ['airflow', 'tasks', 'run', 'stock_kafka_pipeline', 'Kafka_Consumer', 'manual__2025-04-22T18:43:04.322432+00:00', '--job-id', '89', '--raw', '--subdir', 'DAGS_FOLDER/stock_kafka_pipeline.py', '--cfg-path', '/tmp/tmpvlm1ahqk']
[2025-04-22T18:44:06.538+0000] {standard_task_runner.py:91} INFO - Job 89: Subtask Kafka_Consumer
[2025-04-22T18:44:06.565+0000] {task_command.py:426} INFO - Running <TaskInstance: stock_kafka_pipeline.Kafka_Consumer manual__2025-04-22T18:43:04.322432+00:00 [running]> on host 6df7355a8d19
[2025-04-22T18:44:06.623+0000] {taskinstance.py:2648} INFO - Exporting env vars: AIRFLOW_CTX_DAG_OWNER='airflow' AIRFLOW_CTX_DAG_ID='stock_kafka_pipeline' AIRFLOW_CTX_TASK_ID='Kafka_Consumer' AIRFLOW_CTX_EXECUTION_DATE='2025-04-22T18:43:04.322432+00:00' AIRFLOW_CTX_TRY_NUMBER='1' AIRFLOW_CTX_DAG_RUN_ID='manual__2025-04-22T18:43:04.322432+00:00'
[2025-04-22T18:44:06.623+0000] {taskinstance.py:430} INFO - ::endgroup::
[2025-04-22T18:44:06.637+0000] {subprocess.py:63} INFO - Tmp dir root location: /tmp
[2025-04-22T18:44:06.638+0000] {subprocess.py:75} INFO - Running command: ['/usr/bin/bash', '-c', 'python3 /opt/airflow/Scripts/load_to_bronze.py']
[2025-04-22T18:44:06.648+0000] {subprocess.py:86} INFO - Output:
[2025-04-22T18:44:07.398+0000] {subprocess.py:93} INFO - INFO:__main__:Cleared existing output file /opt/airflow/includes/local warehose/bronze/stock-prices.jsonl
[2025-04-22T18:44:07.409+0000] {subprocess.py:93} INFO - INFO:kafka.conn:<BrokerConnection client_id=kafka-python-2.1.5, node_id=bootstrap-0 host=kafka:9092 <connecting> [IPv4 ('172.27.0.7', 9092)]>: connecting to kafka:9092 [('172.27.0.7', 9092) IPv4]
[2025-04-22T18:44:07.411+0000] {subprocess.py:93} INFO - INFO:kafka.conn:<BrokerConnection client_id=kafka-python-2.1.5, node_id=bootstrap-0 host=kafka:9092 <checking_api_versions_recv> [IPv4 ('172.27.0.7', 9092)]>: Broker version identified as 2.6
[2025-04-22T18:44:07.411+0000] {subprocess.py:93} INFO - INFO:kafka.conn:<BrokerConnection client_id=kafka-python-2.1.5, node_id=bootstrap-0 host=kafka:9092 <connected> [IPv4 ('172.27.0.7', 9092)]>: Connection complete.
[2025-04-22T18:44:07.412+0000] {subprocess.py:93} INFO - INFO:kafka.consumer.subscription_state:Updating subscribed topics to: ('stock-prices',)
[2025-04-22T18:44:07.412+0000] {subprocess.py:93} INFO - INFO:__main__:Listening to Kafka topic 'stock-prices' and writing to /opt/airflow/includes/local warehose/bronze
[2025-04-22T18:44:07.415+0000] {subprocess.py:93} INFO - INFO:kafka.conn:<BrokerConnection client_id=kafka-python-2.1.5, node_id=1 host=kafka:9092 <connecting> [IPv4 ('172.27.0.7', 9092)]>: connecting to kafka:9092 [('172.27.0.7', 9092) IPv4]
[2025-04-22T18:44:07.415+0000] {subprocess.py:93} INFO - INFO:kafka.conn:<BrokerConnection client_id=kafka-python-2.1.5, node_id=1 host=kafka:9092 <connected> [IPv4 ('172.27.0.7', 9092)]>: Connection complete.
[2025-04-22T18:44:07.415+0000] {subprocess.py:93} INFO - INFO:kafka.conn:<BrokerConnection client_id=kafka-python-2.1.5, node_id=bootstrap-0 host=kafka:9092 <connected> [IPv4 ('172.27.0.7', 9092)]>: Closing connection.
[2025-04-22T18:44:07.517+0000] {subprocess.py:93} INFO - INFO:kafka.cluster:Group coordinator for stock-consumer-group is BrokerMetadata(nodeId='coordinator-1', host='kafka', port=9092, rack=None)
[2025-04-22T18:44:07.517+0000] {subprocess.py:93} INFO - INFO:kafka.coordinator:Discovered coordinator coordinator-1 for group stock-consumer-group
[2025-04-22T18:44:07.517+0000] {subprocess.py:93} INFO - INFO:kafka.coordinator:Starting new heartbeat thread
[2025-04-22T18:44:07.517+0000] {subprocess.py:93} INFO - INFO:kafka.coordinator.consumer:Revoking previously assigned partitions set() for group stock-consumer-group
[2025-04-22T18:44:07.518+0000] {subprocess.py:93} INFO - INFO:kafka.conn:<BrokerConnection client_id=kafka-python-2.1.5, node_id=coordinator-1 host=kafka:9092 <connecting> [IPv4 ('172.27.0.7', 9092)]>: connecting to kafka:9092 [('172.27.0.7', 9092) IPv4]
[2025-04-22T18:44:07.518+0000] {subprocess.py:93} INFO - INFO:kafka.conn:<BrokerConnection client_id=kafka-python-2.1.5, node_id=coordinator-1 host=kafka:9092 <connected> [IPv4 ('172.27.0.7', 9092)]>: Connection complete.
[2025-04-22T18:44:07.618+0000] {subprocess.py:93} INFO - INFO:kafka.coordinator:(Re-)joining group stock-consumer-group
[2025-04-22T18:44:10.623+0000] {subprocess.py:93} INFO - INFO:kafka.coordinator:Elected group leader -- performing partition assignments using range
[2025-04-22T18:44:10.628+0000] {subprocess.py:93} INFO - INFO:kafka.coordinator:Successfully joined group stock-consumer-group with generation 50
[2025-04-22T18:44:10.628+0000] {subprocess.py:93} INFO - INFO:kafka.consumer.subscription_state:Updated partition assignment: [TopicPartition(topic='stock-prices', partition=0)]
[2025-04-22T18:44:10.628+0000] {subprocess.py:93} INFO - INFO:kafka.coordinator.consumer:Setting newly assigned partitions {TopicPartition(topic='stock-prices', partition=0)} for group stock-consumer-group
[2025-04-22T18:44:10.653+0000] {subprocess.py:93} INFO - INFO:__main__:Received message: ConsumerRecord(topic='stock-prices', partition=0, leader_epoch=0, offset=56, timestamp=1745332832478, timestamp_type=0, key=None, value={'symbol': 'IBM', 'timestamp': 1745332832.4689214, 'data': {'Information': 'We have detected your API key as Y8AI4HTMVAUL03AD and our standard API rate limit is 25 requests per day. Please subscribe to any of the premium plans at https://www.alphavantage.co/premium/ to instantly remove all daily rate limits.'}}, headers=[], checksum=None, serialized_key_size=-1, serialized_value_size=312, serialized_header_size=-1)
[2025-04-22T18:44:10.654+0000] {subprocess.py:93} INFO - INFO:__main__:Appended message to /opt/airflow/includes/local warehose/bronze/stock-prices.jsonl
[2025-04-22T18:44:10.654+0000] {subprocess.py:93} INFO - INFO:__main__:Received message: ConsumerRecord(topic='stock-prices', partition=0, leader_epoch=0, offset=57, timestamp=1745332845000, timestamp_type=0, key=None, value={'symbol': 'AAPL', 'timestamp': 1745332845.0002964, 'data': {'Information': 'We have detected your API key as Y8AI4HTMVAUL03AD and our standard API rate limit is 25 requests per day. Please subscribe to any of the premium plans at https://www.alphavantage.co/premium/ to instantly remove all daily rate limits.'}}, headers=[], checksum=None, serialized_key_size=-1, serialized_value_size=313, serialized_header_size=-1)
[2025-04-22T18:44:10.655+0000] {subprocess.py:93} INFO - INFO:__main__:Appended message to /opt/airflow/includes/local warehose/bronze/stock-prices.jsonl
[2025-04-22T18:44:10.655+0000] {subprocess.py:93} INFO - INFO:__main__:Received message: ConsumerRecord(topic='stock-prices', partition=0, leader_epoch=0, offset=58, timestamp=1745332857493, timestamp_type=0, key=None, value={'symbol': 'MSFT', 'timestamp': 1745332857.4933054, 'data': {'Information': 'We have detected your API key as Y8AI4HTMVAUL03AD and our standard API rate limit is 25 requests per day. Please subscribe to any of the premium plans at https://www.alphavantage.co/premium/ to instantly remove all daily rate limits.'}}, headers=[], checksum=None, serialized_key_size=-1, serialized_value_size=313, serialized_header_size=-1)
[2025-04-22T18:44:10.656+0000] {subprocess.py:93} INFO - INFO:__main__:Appended message to /opt/airflow/includes/local warehose/bronze/stock-prices.jsonl
[2025-04-22T18:44:10.657+0000] {subprocess.py:93} INFO - INFO:__main__:Received message: ConsumerRecord(topic='stock-prices', partition=0, leader_epoch=0, offset=59, timestamp=1745332870027, timestamp_type=0, key=None, value={'symbol': 'TSLA', 'timestamp': 1745332870.0273986, 'data': {'Information': 'We have detected your API key as Y8AI4HTMVAUL03AD and our standard API rate limit is 25 requests per day. Please subscribe to any of the premium plans at https://www.alphavantage.co/premium/ to instantly remove all daily rate limits.'}}, headers=[], checksum=None, serialized_key_size=-1, serialized_value_size=313, serialized_header_size=-1)
[2025-04-22T18:44:10.657+0000] {subprocess.py:93} INFO - INFO:__main__:Appended message to /opt/airflow/includes/local warehose/bronze/stock-prices.jsonl
[2025-04-22T18:44:10.658+0000] {subprocess.py:93} INFO - INFO:__main__:Received message: ConsumerRecord(topic='stock-prices', partition=0, leader_epoch=0, offset=60, timestamp=1745333143287, timestamp_type=0, key=None, value={'symbol': 'IBM', 'timestamp': 1745333143.2839282, 'data': {'Information': 'We have detected your API key as 8L35R2K9GHTT6LK8 and our standard API rate limit is 25 requests per day. Please subscribe to any of the premium plans at https://www.alphavantage.co/premium/ to instantly remove all daily rate limits.'}}, headers=[], checksum=None, serialized_key_size=-1, serialized_value_size=312, serialized_header_size=-1)
[2025-04-22T18:44:10.658+0000] {subprocess.py:93} INFO - INFO:__main__:Appended message to /opt/airflow/includes/local warehose/bronze/stock-prices.jsonl
[2025-04-22T18:44:10.659+0000] {subprocess.py:93} INFO - INFO:__main__:Received message: ConsumerRecord(topic='stock-prices', partition=0, leader_epoch=0, offset=61, timestamp=1745333155767, timestamp_type=0, key=None, value={'symbol': 'AAPL', 'timestamp': 1745333155.7678514, 'data': {'Information': 'We have detected your API key as 8L35R2K9GHTT6LK8 and our standard API rate limit is 25 requests per day. Please subscribe to any of the premium plans at https://www.alphavantage.co/premium/ to instantly remove all daily rate limits.'}}, headers=[], checksum=None, serialized_key_size=-1, serialized_value_size=313, serialized_header_size=-1)
[2025-04-22T18:44:10.659+0000] {subprocess.py:93} INFO - INFO:__main__:Appended message to /opt/airflow/includes/local warehose/bronze/stock-prices.jsonl
[2025-04-22T18:44:10.660+0000] {subprocess.py:93} INFO - INFO:__main__:Received message: ConsumerRecord(topic='stock-prices', partition=0, leader_epoch=0, offset=62, timestamp=1745333168075, timestamp_type=0, key=None, value={'symbol': 'MSFT', 'timestamp': 1745333168.0757153, 'data': {'Information': 'We have detected your API key as 8L35R2K9GHTT6LK8 and our standard API rate limit is 25 requests per day. Please subscribe to any of the premium plans at https://www.alphavantage.co/premium/ to instantly remove all daily rate limits.'}}, headers=[], checksum=None, serialized_key_size=-1, serialized_value_size=313, serialized_header_size=-1)
[2025-04-22T18:44:10.661+0000] {subprocess.py:93} INFO - INFO:__main__:Appended message to /opt/airflow/includes/local warehose/bronze/stock-prices.jsonl
[2025-04-22T18:44:10.661+0000] {subprocess.py:93} INFO - INFO:__main__:Received message: ConsumerRecord(topic='stock-prices', partition=0, leader_epoch=0, offset=63, timestamp=1745333180562, timestamp_type=0, key=None, value={'symbol': 'TSLA', 'timestamp': 1745333180.5626597, 'data': {'Information': 'We have detected your API key as 8L35R2K9GHTT6LK8 and our standard API rate limit is 25 requests per day. Please subscribe to any of the premium plans at https://www.alphavantage.co/premium/ to instantly remove all daily rate limits.'}}, headers=[], checksum=None, serialized_key_size=-1, serialized_value_size=313, serialized_header_size=-1)
[2025-04-22T18:44:10.662+0000] {subprocess.py:93} INFO - INFO:__main__:Appended message to /opt/airflow/includes/local warehose/bronze/stock-prices.jsonl
[2025-04-22T18:44:10.662+0000] {subprocess.py:93} INFO - INFO:__main__:Received message: ConsumerRecord(topic='stock-prices', partition=0, leader_epoch=0, offset=64, timestamp=1745333406227, timestamp_type=0, key=None, value={'symbol': 'IBM', 'timestamp': 1745333406.2240791, 'data': {'Information': 'We have detected your API key as 02LUMITX3ON1TILA and our standard API rate limit is 25 requests per day. Please subscribe to any of the premium plans at https://www.alphavantage.co/premium/ to instantly remove all daily rate limits.'}}, headers=[], checksum=None, serialized_key_size=-1, serialized_value_size=312, serialized_header_size=-1)
[2025-04-22T18:44:10.663+0000] {subprocess.py:93} INFO - INFO:__main__:Appended message to /opt/airflow/includes/local warehose/bronze/stock-prices.jsonl
[2025-04-22T18:44:10.663+0000] {subprocess.py:93} INFO - INFO:__main__:Received message: ConsumerRecord(topic='stock-prices', partition=0, leader_epoch=0, offset=65, timestamp=1745333419331, timestamp_type=0, key=None, value={'symbol': 'AAPL', 'timestamp': 1745333419.3311417, 'data': {'Information': 'We have detected your API key as 02LUMITX3ON1TILA and our standard API rate limit is 25 requests per day. Please subscribe to any of the premium plans at https://www.alphavantage.co/premium/ to instantly remove all daily rate limits.'}}, headers=[], checksum=None, serialized_key_size=-1, serialized_value_size=313, serialized_header_size=-1)
[2025-04-22T18:44:10.664+0000] {subprocess.py:93} INFO - INFO:__main__:Appended message to /opt/airflow/includes/local warehose/bronze/stock-prices.jsonl
[2025-04-22T18:44:10.664+0000] {subprocess.py:93} INFO - INFO:__main__:Received message: ConsumerRecord(topic='stock-prices', partition=0, leader_epoch=0, offset=66, timestamp=1745333431810, timestamp_type=0, key=None, value={'symbol': 'MSFT', 'timestamp': 1745333431.8105571, 'data': {'Information': 'We have detected your API key as 02LUMITX3ON1TILA and our standard API rate limit is 25 requests per day. Please subscribe to any of the premium plans at https://www.alphavantage.co/premium/ to instantly remove all daily rate limits.'}}, headers=[], checksum=None, serialized_key_size=-1, serialized_value_size=313, serialized_header_size=-1)
[2025-04-22T18:44:10.664+0000] {subprocess.py:93} INFO - INFO:__main__:Appended message to /opt/airflow/includes/local warehose/bronze/stock-prices.jsonl
[2025-04-22T18:44:10.665+0000] {subprocess.py:93} INFO - INFO:__main__:Received message: ConsumerRecord(topic='stock-prices', partition=0, leader_epoch=0, offset=67, timestamp=1745333444447, timestamp_type=0, key=None, value={'symbol': 'TSLA', 'timestamp': 1745333444.4469821, 'data': {'Information': 'We have detected your API key as 02LUMITX3ON1TILA and our standard API rate limit is 25 requests per day. Please subscribe to any of the premium plans at https://www.alphavantage.co/premium/ to instantly remove all daily rate limits.'}}, headers=[], checksum=None, serialized_key_size=-1, serialized_value_size=313, serialized_header_size=-1)
[2025-04-22T18:44:10.665+0000] {subprocess.py:93} INFO - INFO:__main__:Appended message to /opt/airflow/includes/local warehose/bronze/stock-prices.jsonl
[2025-04-22T18:44:10.665+0000] {subprocess.py:93} INFO - INFO:__main__:Received message: ConsumerRecord(topic='stock-prices', partition=0, leader_epoch=0, offset=68, timestamp=1745345907661, timestamp_type=0, key=None, value={'symbol': 'IBM', 'timestamp': 1745345907.655626, 'data': {'Information': 'The **demo** API key is for demo purposes only. Please claim your free API key at (https://www.alphavantage.co/support/#api-key) to explore our full API offerings. It takes fewer than 20 seconds.'}}, headers=[], checksum=None, serialized_key_size=-1, serialized_value_size=273, serialized_header_size=-1)
[2025-04-22T18:44:10.666+0000] {subprocess.py:93} INFO - INFO:__main__:Appended message to /opt/airflow/includes/local warehose/bronze/stock-prices.jsonl
[2025-04-22T18:44:10.666+0000] {subprocess.py:93} INFO - INFO:__main__:Received message: ConsumerRecord(topic='stock-prices', partition=0, leader_epoch=0, offset=69, timestamp=1745345920185, timestamp_type=0, key=None, value={'symbol': 'AAPL', 'timestamp': 1745345920.1853848, 'data': {'Information': 'The **demo** API key is for demo purposes only. Please claim your free API key at (https://www.alphavantage.co/support/#api-key) to explore our full API offerings. It takes fewer than 20 seconds.'}}, headers=[], checksum=None, serialized_key_size=-1, serialized_value_size=275, serialized_header_size=-1)
[2025-04-22T18:44:10.666+0000] {subprocess.py:93} INFO - INFO:__main__:Appended message to /opt/airflow/includes/local warehose/bronze/stock-prices.jsonl
[2025-04-22T18:44:10.667+0000] {subprocess.py:93} INFO - INFO:__main__:Received message: ConsumerRecord(topic='stock-prices', partition=0, leader_epoch=0, offset=70, timestamp=1745345932795, timestamp_type=0, key=None, value={'symbol': 'MSFT', 'timestamp': 1745345932.7957704, 'data': {'Information': 'The **demo** API key is for demo purposes only. Please claim your free API key at (https://www.alphavantage.co/support/#api-key) to explore our full API offerings. It takes fewer than 20 seconds.'}}, headers=[], checksum=None, serialized_key_size=-1, serialized_value_size=275, serialized_header_size=-1)
[2025-04-22T18:44:10.667+0000] {subprocess.py:93} INFO - INFO:__main__:Appended message to /opt/airflow/includes/local warehose/bronze/stock-prices.jsonl
[2025-04-22T18:44:10.668+0000] {subprocess.py:93} INFO - INFO:__main__:Received message: ConsumerRecord(topic='stock-prices', partition=0, leader_epoch=0, offset=71, timestamp=1745345945311, timestamp_type=0, key=None, value={'symbol': 'TSLA', 'timestamp': 1745345945.3110065, 'data': {'Information': 'The **demo** API key is for demo purposes only. Please claim your free API key at (https://www.alphavantage.co/support/#api-key) to explore our full API offerings. It takes fewer than 20 seconds.'}}, headers=[], checksum=None, serialized_key_size=-1, serialized_value_size=275, serialized_header_size=-1)
[2025-04-22T18:44:10.668+0000] {subprocess.py:93} INFO - INFO:__main__:Appended message to /opt/airflow/includes/local warehose/bronze/stock-prices.jsonl
[2025-04-22T18:44:10.668+0000] {subprocess.py:93} INFO - INFO:__main__:Received message: ConsumerRecord(topic='stock-prices', partition=0, leader_epoch=0, offset=72, timestamp=1745346005486, timestamp_type=0, key=None, value={'symbol': 'IBM', 'timestamp': 1745346005.483832, 'data': {'Information': 'The **demo** API key is for demo purposes only. Please claim your free API key at (https://www.alphavantage.co/support/#api-key) to explore our full API offerings. It takes fewer than 20 seconds.'}}, headers=[], checksum=None, serialized_key_size=-1, serialized_value_size=273, serialized_header_size=-1)
[2025-04-22T18:44:10.669+0000] {subprocess.py:93} INFO - INFO:__main__:Appended message to /opt/airflow/includes/local warehose/bronze/stock-prices.jsonl
[2025-04-22T18:44:10.669+0000] {subprocess.py:93} INFO - INFO:__main__:Received message: ConsumerRecord(topic='stock-prices', partition=0, leader_epoch=0, offset=73, timestamp=1745346017991, timestamp_type=0, key=None, value={'symbol': 'AAPL', 'timestamp': 1745346017.9909241, 'data': {'Information': 'The **demo** API key is for demo purposes only. Please claim your free API key at (https://www.alphavantage.co/support/#api-key) to explore our full API offerings. It takes fewer than 20 seconds.'}}, headers=[], checksum=None, serialized_key_size=-1, serialized_value_size=275, serialized_header_size=-1)
[2025-04-22T18:44:10.669+0000] {subprocess.py:93} INFO - INFO:__main__:Appended message to /opt/airflow/includes/local warehose/bronze/stock-prices.jsonl
[2025-04-22T18:44:10.670+0000] {subprocess.py:93} INFO - INFO:__main__:Received message: ConsumerRecord(topic='stock-prices', partition=0, leader_epoch=0, offset=74, timestamp=1745346030309, timestamp_type=0, key=None, value={'symbol': 'MSFT', 'timestamp': 1745346030.3095078, 'data': {'Information': 'The **demo** API key is for demo purposes only. Please claim your free API key at (https://www.alphavantage.co/support/#api-key) to explore our full API offerings. It takes fewer than 20 seconds.'}}, headers=[], checksum=None, serialized_key_size=-1, serialized_value_size=275, serialized_header_size=-1)
[2025-04-22T18:44:10.670+0000] {subprocess.py:93} INFO - INFO:__main__:Appended message to /opt/airflow/includes/local warehose/bronze/stock-prices.jsonl
[2025-04-22T18:44:10.671+0000] {subprocess.py:93} INFO - INFO:__main__:Received message: ConsumerRecord(topic='stock-prices', partition=0, leader_epoch=0, offset=75, timestamp=1745346042827, timestamp_type=0, key=None, value={'symbol': 'TSLA', 'timestamp': 1745346042.8274817, 'data': {'Information': 'The **demo** API key is for demo purposes only. Please claim your free API key at (https://www.alphavantage.co/support/#api-key) to explore our full API offerings. It takes fewer than 20 seconds.'}}, headers=[], checksum=None, serialized_key_size=-1, serialized_value_size=275, serialized_header_size=-1)
[2025-04-22T18:44:10.671+0000] {subprocess.py:93} INFO - INFO:__main__:Appended message to /opt/airflow/includes/local warehose/bronze/stock-prices.jsonl
[2025-04-22T18:44:10.671+0000] {subprocess.py:93} INFO - INFO:__main__:Received message: ConsumerRecord(topic='stock-prices', partition=0, leader_epoch=0, offset=76, timestamp=1745346444442, timestamp_type=0, key=None, value={'symbol': 'IBM', 'timestamp': 1745346444.4395578, 'data': {'Information': 'The **demo** API key is for demo purposes only. Please claim your free API key at (https://www.alphavantage.co/support/#api-key) to explore our full API offerings. It takes fewer than 20 seconds.'}}, headers=[], checksum=None, serialized_key_size=-1, serialized_value_size=274, serialized_header_size=-1)
[2025-04-22T18:44:10.672+0000] {subprocess.py:93} INFO - INFO:__main__:Appended message to /opt/airflow/includes/local warehose/bronze/stock-prices.jsonl
[2025-04-22T18:44:10.672+0000] {subprocess.py:93} INFO - INFO:__main__:Received message: ConsumerRecord(topic='stock-prices', partition=0, leader_epoch=0, offset=77, timestamp=1745346456946, timestamp_type=0, key=None, value={'symbol': 'AAPL', 'timestamp': 1745346456.9463391, 'data': {'Information': 'The **demo** API key is for demo purposes only. Please claim your free API key at (https://www.alphavantage.co/support/#api-key) to explore our full API offerings. It takes fewer than 20 seconds.'}}, headers=[], checksum=None, serialized_key_size=-1, serialized_value_size=275, serialized_header_size=-1)
[2025-04-22T18:44:10.673+0000] {subprocess.py:93} INFO - INFO:__main__:Appended message to /opt/airflow/includes/local warehose/bronze/stock-prices.jsonl
[2025-04-22T18:44:10.673+0000] {subprocess.py:93} INFO - INFO:__main__:Received message: ConsumerRecord(topic='stock-prices', partition=0, leader_epoch=0, offset=78, timestamp=1745346606288, timestamp_type=0, key=None, value={'symbol': 'IBM', 'timestamp': 1745346606.285034, 'data': {'Information': 'The **demo** API key is for demo purposes only. Please claim your free API key at (https://www.alphavantage.co/support/#api-key) to explore our full API offerings. It takes fewer than 20 seconds.'}}, headers=[], checksum=None, serialized_key_size=-1, serialized_value_size=273, serialized_header_size=-1)
[2025-04-22T18:44:10.674+0000] {subprocess.py:93} INFO - INFO:__main__:Appended message to /opt/airflow/includes/local warehose/bronze/stock-prices.jsonl
[2025-04-22T18:44:10.675+0000] {subprocess.py:93} INFO - INFO:__main__:Received message: ConsumerRecord(topic='stock-prices', partition=0, leader_epoch=0, offset=79, timestamp=1745346618851, timestamp_type=0, key=None, value={'symbol': 'AAPL', 'timestamp': 1745346618.8514802, 'data': {'Information': 'The **demo** API key is for demo purposes only. Please claim your free API key at (https://www.alphavantage.co/support/#api-key) to explore our full API offerings. It takes fewer than 20 seconds.'}}, headers=[], checksum=None, serialized_key_size=-1, serialized_value_size=275, serialized_header_size=-1)
[2025-04-22T18:44:10.675+0000] {subprocess.py:93} INFO - INFO:__main__:Appended message to /opt/airflow/includes/local warehose/bronze/stock-prices.jsonl
[2025-04-22T18:44:10.676+0000] {subprocess.py:93} INFO - INFO:__main__:Received message: ConsumerRecord(topic='stock-prices', partition=0, leader_epoch=0, offset=80, timestamp=1745346631331, timestamp_type=0, key=None, value={'symbol': 'MSFT', 'timestamp': 1745346631.331085, 'data': {'Information': 'The **demo** API key is for demo purposes only. Please claim your free API key at (https://www.alphavantage.co/support/#api-key) to explore our full API offerings. It takes fewer than 20 seconds.'}}, headers=[], checksum=None, serialized_key_size=-1, serialized_value_size=274, serialized_header_size=-1)
[2025-04-22T18:44:10.676+0000] {subprocess.py:93} INFO - INFO:__main__:Appended message to /opt/airflow/includes/local warehose/bronze/stock-prices.jsonl
[2025-04-22T18:44:10.677+0000] {subprocess.py:93} INFO - INFO:__main__:Received message: ConsumerRecord(topic='stock-prices', partition=0, leader_epoch=0, offset=81, timestamp=1745346643845, timestamp_type=0, key=None, value={'symbol': 'TSLA', 'timestamp': 1745346643.845743, 'data': {'Information': 'The **demo** API key is for demo purposes only. Please claim your free API key at (https://www.alphavantage.co/support/#api-key) to explore our full API offerings. It takes fewer than 20 seconds.'}}, headers=[], checksum=None, serialized_key_size=-1, serialized_value_size=274, serialized_header_size=-1)
[2025-04-22T18:44:10.678+0000] {subprocess.py:93} INFO - INFO:__main__:Appended message to /opt/airflow/includes/local warehose/bronze/stock-prices.jsonl
[2025-04-22T18:44:10.678+0000] {subprocess.py:93} INFO - INFO:__main__:Received message: ConsumerRecord(topic='stock-prices', partition=0, leader_epoch=0, offset=82, timestamp=1745346894430, timestamp_type=0, key=None, value={'symbol': 'IBM', 'timestamp': 1745346894.4268997, 'data': {'Information': 'The **demo** API key is for demo purposes only. Please claim your free API key at (https://www.alphavantage.co/support/#api-key) to explore our full API offerings. It takes fewer than 20 seconds.'}}, headers=[], checksum=None, serialized_key_size=-1, serialized_value_size=274, serialized_header_size=-1)
[2025-04-22T18:44:10.679+0000] {subprocess.py:93} INFO - INFO:__main__:Appended message to /opt/airflow/includes/local warehose/bronze/stock-prices.jsonl
[2025-04-22T18:44:10.679+0000] {subprocess.py:93} INFO - INFO:__main__:Received message: ConsumerRecord(topic='stock-prices', partition=0, leader_epoch=0, offset=83, timestamp=1745346906948, timestamp_type=0, key=None, value={'symbol': 'AAPL', 'timestamp': 1745346906.9479492, 'data': {'Information': 'The **demo** API key is for demo purposes only. Please claim your free API key at (https://www.alphavantage.co/support/#api-key) to explore our full API offerings. It takes fewer than 20 seconds.'}}, headers=[], checksum=None, serialized_key_size=-1, serialized_value_size=275, serialized_header_size=-1)
[2025-04-22T18:44:10.680+0000] {subprocess.py:93} INFO - INFO:__main__:Appended message to /opt/airflow/includes/local warehose/bronze/stock-prices.jsonl
[2025-04-22T18:44:10.680+0000] {subprocess.py:93} INFO - INFO:__main__:Received message: ConsumerRecord(topic='stock-prices', partition=0, leader_epoch=0, offset=84, timestamp=1745346919490, timestamp_type=0, key=None, value={'symbol': 'MSFT', 'timestamp': 1745346919.4903982, 'data': {'Information': 'The **demo** API key is for demo purposes only. Please claim your free API key at (https://www.alphavantage.co/support/#api-key) to explore our full API offerings. It takes fewer than 20 seconds.'}}, headers=[], checksum=None, serialized_key_size=-1, serialized_value_size=275, serialized_header_size=-1)
[2025-04-22T18:44:10.681+0000] {subprocess.py:93} INFO - INFO:__main__:Appended message to /opt/airflow/includes/local warehose/bronze/stock-prices.jsonl
[2025-04-22T18:44:10.681+0000] {subprocess.py:93} INFO - INFO:__main__:Received message: ConsumerRecord(topic='stock-prices', partition=0, leader_epoch=0, offset=85, timestamp=1745346931889, timestamp_type=0, key=None, value={'symbol': 'TSLA', 'timestamp': 1745346931.888954, 'data': {'Information': 'The **demo** API key is for demo purposes only. Please claim your free API key at (https://www.alphavantage.co/support/#api-key) to explore our full API offerings. It takes fewer than 20 seconds.'}}, headers=[], checksum=None, serialized_key_size=-1, serialized_value_size=274, serialized_header_size=-1)
[2025-04-22T18:44:10.681+0000] {subprocess.py:93} INFO - INFO:__main__:Appended message to /opt/airflow/includes/local warehose/bronze/stock-prices.jsonl
[2025-04-22T18:44:10.682+0000] {subprocess.py:93} INFO - INFO:__main__:Received message: ConsumerRecord(topic='stock-prices', partition=0, leader_epoch=0, offset=86, timestamp=1745347206187, timestamp_type=0, key=None, value={'symbol': 'IBM', 'timestamp': 1745347206.1835046, 'data': {'Error Message': 'Invalid API call. Please retry or visit the documentation (https://www.alphavantage.co/documentation/) for TIME_SERIES_INTRADAY.'}}, headers=[], checksum=None, serialized_key_size=-1, serialized_value_size=209, serialized_header_size=-1)
[2025-04-22T18:44:10.682+0000] {subprocess.py:93} INFO - INFO:__main__:Appended message to /opt/airflow/includes/local warehose/bronze/stock-prices.jsonl
[2025-04-22T18:44:10.682+0000] {subprocess.py:93} INFO - INFO:__main__:Received message: ConsumerRecord(topic='stock-prices', partition=0, leader_epoch=0, offset=87, timestamp=1745347218701, timestamp_type=0, key=None, value={'symbol': 'AAPL', 'timestamp': 1745347218.700969, 'data': {'Error Message': 'Invalid API call. Please retry or visit the documentation (https://www.alphavantage.co/documentation/) for TIME_SERIES_INTRADAY.'}}, headers=[], checksum=None, serialized_key_size=-1, serialized_value_size=209, serialized_header_size=-1)
[2025-04-22T18:44:10.683+0000] {subprocess.py:93} INFO - INFO:__main__:Appended message to /opt/airflow/includes/local warehose/bronze/stock-prices.jsonl
[2025-04-22T18:44:10.683+0000] {subprocess.py:93} INFO - INFO:__main__:Received message: ConsumerRecord(topic='stock-prices', partition=0, leader_epoch=0, offset=88, timestamp=1745347231204, timestamp_type=0, key=None, value={'symbol': 'MSFT', 'timestamp': 1745347231.204243, 'data': {'Error Message': 'Invalid API call. Please retry or visit the documentation (https://www.alphavantage.co/documentation/) for TIME_SERIES_INTRADAY.'}}, headers=[], checksum=None, serialized_key_size=-1, serialized_value_size=209, serialized_header_size=-1)
[2025-04-22T18:44:10.684+0000] {subprocess.py:93} INFO - INFO:__main__:Appended message to /opt/airflow/includes/local warehose/bronze/stock-prices.jsonl
[2025-04-22T18:44:10.684+0000] {subprocess.py:93} INFO - INFO:__main__:Received message: ConsumerRecord(topic='stock-prices', partition=0, leader_epoch=0, offset=89, timestamp=1745347243582, timestamp_type=0, key=None, value={'symbol': 'TSLA', 'timestamp': 1745347243.5819473, 'data': {'Error Message': 'Invalid API call. Please retry or visit the documentation (https://www.alphavantage.co/documentation/) for TIME_SERIES_INTRADAY.'}}, headers=[], checksum=None, serialized_key_size=-1, serialized_value_size=210, serialized_header_size=-1)
[2025-04-22T18:44:10.684+0000] {subprocess.py:93} INFO - INFO:__main__:Appended message to /opt/airflow/includes/local warehose/bronze/stock-prices.jsonl
[2025-04-22T18:44:10.685+0000] {subprocess.py:93} INFO - INFO:__main__:Received message: ConsumerRecord(topic='stock-prices', partition=0, leader_epoch=0, offset=90, timestamp=1745347390289, timestamp_type=0, key=None, value={'symbol': 'IBM', 'timestamp': 1745347390.2865896, 'data': {'Error Message': 'Invalid API call. Please retry or visit the documentation (https://www.alphavantage.co/documentation/) for TIME_SERIES_INTRADAY.'}}, headers=[], checksum=None, serialized_key_size=-1, serialized_value_size=209, serialized_header_size=-1)
[2025-04-22T18:44:10.685+0000] {subprocess.py:93} INFO - INFO:__main__:Appended message to /opt/airflow/includes/local warehose/bronze/stock-prices.jsonl
[2025-04-22T18:44:10.686+0000] {subprocess.py:93} INFO - INFO:__main__:Received message: ConsumerRecord(topic='stock-prices', partition=0, leader_epoch=0, offset=91, timestamp=1745347403877, timestamp_type=0, key=None, value={'symbol': 'AAPL', 'timestamp': 1745347403.8772485, 'data': {'Error Message': 'Invalid API call. Please retry or visit the documentation (https://www.alphavantage.co/documentation/) for TIME_SERIES_INTRADAY.'}}, headers=[], checksum=None, serialized_key_size=-1, serialized_value_size=210, serialized_header_size=-1)
[2025-04-22T18:44:10.686+0000] {subprocess.py:93} INFO - INFO:__main__:Appended message to /opt/airflow/includes/local warehose/bronze/stock-prices.jsonl
[2025-04-22T18:44:10.686+0000] {subprocess.py:93} INFO - INFO:__main__:Received message: ConsumerRecord(topic='stock-prices', partition=0, leader_epoch=0, offset=92, timestamp=1745347416518, timestamp_type=0, key=None, value={'symbol': 'MSFT', 'timestamp': 1745347416.5180726, 'data': {'Error Message': 'Invalid API call. Please retry or visit the documentation (https://www.alphavantage.co/documentation/) for TIME_SERIES_INTRADAY.'}}, headers=[], checksum=None, serialized_key_size=-1, serialized_value_size=210, serialized_header_size=-1)
[2025-04-22T18:44:10.687+0000] {subprocess.py:93} INFO - INFO:__main__:Appended message to /opt/airflow/includes/local warehose/bronze/stock-prices.jsonl
[2025-04-22T18:44:10.687+0000] {subprocess.py:93} INFO - INFO:__main__:Received message: ConsumerRecord(topic='stock-prices', partition=0, leader_epoch=0, offset=93, timestamp=1745347430080, timestamp_type=0, key=None, value={'symbol': 'TSLA', 'timestamp': 1745347430.0800657, 'data': {'Error Message': 'Invalid API call. Please retry or visit the documentation (https://www.alphavantage.co/documentation/) for TIME_SERIES_INTRADAY.'}}, headers=[], checksum=None, serialized_key_size=-1, serialized_value_size=210, serialized_header_size=-1)
[2025-04-22T18:44:10.687+0000] {subprocess.py:93} INFO - INFO:__main__:Appended message to /opt/airflow/includes/local warehose/bronze/stock-prices.jsonl
[2025-04-22T18:44:15.667+0000] {subprocess.py:93} INFO - INFO:__main__:No messages received (#1)...
[2025-04-22T18:44:20.668+0000] {subprocess.py:93} INFO - INFO:__main__:No messages received (#2)...
[2025-04-22T18:44:25.670+0000] {subprocess.py:93} INFO - INFO:__main__:No messages received (#3)...
[2025-04-22T18:44:25.670+0000] {subprocess.py:93} INFO - INFO:__main__:No new messages. Shutting down consumer.
[2025-04-22T18:44:25.670+0000] {subprocess.py:93} INFO - INFO:kafka.coordinator:Stopping heartbeat thread
[2025-04-22T18:44:28.670+0000] {subprocess.py:93} INFO - WARNING:kafka.coordinator:Heartbeat thread did not fully terminate during close
[2025-04-22T18:44:28.670+0000] {subprocess.py:93} INFO - INFO:kafka.coordinator:Leaving consumer group (stock-consumer-group).
[2025-04-22T18:44:28.673+0000] {subprocess.py:93} INFO - INFO:kafka.conn:<BrokerConnection client_id=kafka-python-2.1.5, node_id=1 host=kafka:9092 <connected> [IPv4 ('172.27.0.7', 9092)]>: Closing connection.
[2025-04-22T18:44:28.674+0000] {subprocess.py:93} INFO - INFO:kafka.conn:<BrokerConnection client_id=kafka-python-2.1.5, node_id=coordinator-1 host=kafka:9092 <connected> [IPv4 ('172.27.0.7', 9092)]>: Closing connection.
[2025-04-22T18:44:28.736+0000] {subprocess.py:97} INFO - Command exited with return code 0
[2025-04-22T18:44:28.737+0000] {taskinstance.py:441} INFO - ::group::Post task execution logs
[2025-04-22T18:44:28.751+0000] {taskinstance.py:1206} INFO - Marking task as SUCCESS. dag_id=stock_kafka_pipeline, task_id=Kafka_Consumer, run_id=manual__2025-04-22T18:43:04.322432+00:00, execution_date=20250422T184304, start_date=20250422T184406, end_date=20250422T184428
[2025-04-22T18:44:28.792+0000] {local_task_job_runner.py:240} INFO - Task exited with return code 0
[2025-04-22T18:44:28.814+0000] {taskinstance.py:3503} INFO - 1 downstream tasks scheduled from follow-on schedule check
[2025-04-22T18:44:28.817+0000] {local_task_job_runner.py:222} INFO - ::endgroup::
