[2025-04-22T13:34:35.383+0000] {local_task_job_runner.py:120} INFO - ::group::Pre task execution logs
[2025-04-22T13:34:35.434+0000] {taskinstance.py:2076} INFO - Dependencies all met for dep_context=non-requeueable deps ti=<TaskInstance: stock_kafka_pipeline.Kafka_Consumer scheduled__2025-04-22T13:20:00+00:00 [queued]>
[2025-04-22T13:34:35.448+0000] {taskinstance.py:2076} INFO - Dependencies all met for dep_context=requeueable deps ti=<TaskInstance: stock_kafka_pipeline.Kafka_Consumer scheduled__2025-04-22T13:20:00+00:00 [queued]>
[2025-04-22T13:34:35.449+0000] {taskinstance.py:2306} INFO - Starting attempt 1 of 2
[2025-04-22T13:34:35.485+0000] {taskinstance.py:2330} INFO - Executing <Task(BashOperator): Kafka_Consumer> on 2025-04-22 13:20:00+00:00
[2025-04-22T13:34:35.496+0000] {standard_task_runner.py:63} INFO - Started process 77 to run task
[2025-04-22T13:34:35.500+0000] {standard_task_runner.py:90} INFO - Running: ['airflow', 'tasks', 'run', 'stock_kafka_pipeline', 'Kafka_Consumer', 'scheduled__2025-04-22T13:20:00+00:00', '--job-id', '44', '--raw', '--subdir', 'DAGS_FOLDER/stock_kafka_pipeline.py', '--cfg-path', '/tmp/tmp_b479rq3']
[2025-04-22T13:34:35.501+0000] {standard_task_runner.py:91} INFO - Job 44: Subtask Kafka_Consumer
[2025-04-22T13:34:35.538+0000] {task_command.py:426} INFO - Running <TaskInstance: stock_kafka_pipeline.Kafka_Consumer scheduled__2025-04-22T13:20:00+00:00 [running]> on host 5ca5ec2e3a08
[2025-04-22T13:34:35.612+0000] {taskinstance.py:2648} INFO - Exporting env vars: AIRFLOW_CTX_DAG_OWNER='airflow' AIRFLOW_CTX_DAG_ID='stock_kafka_pipeline' AIRFLOW_CTX_TASK_ID='Kafka_Consumer' AIRFLOW_CTX_EXECUTION_DATE='2025-04-22T13:20:00+00:00' AIRFLOW_CTX_TRY_NUMBER='1' AIRFLOW_CTX_DAG_RUN_ID='scheduled__2025-04-22T13:20:00+00:00'
[2025-04-22T13:34:35.613+0000] {taskinstance.py:430} INFO - ::endgroup::
[2025-04-22T13:34:35.631+0000] {subprocess.py:63} INFO - Tmp dir root location: /tmp
[2025-04-22T13:34:35.632+0000] {subprocess.py:75} INFO - Running command: ['/usr/bin/bash', '-c', 'python3 /opt/airflow/Scripts/load_to_bronze.py']
[2025-04-22T13:34:35.647+0000] {subprocess.py:86} INFO - Output:
[2025-04-22T13:34:36.418+0000] {subprocess.py:93} INFO - INFO:kafka.conn:<BrokerConnection client_id=kafka-python-2.1.5, node_id=bootstrap-0 host=kafka:9092 <connecting> [IPv4 ('172.27.0.6', 9092)]>: connecting to kafka:9092 [('172.27.0.6', 9092) IPv4]
[2025-04-22T13:34:36.422+0000] {subprocess.py:93} INFO - INFO:kafka.conn:<BrokerConnection client_id=kafka-python-2.1.5, node_id=bootstrap-0 host=kafka:9092 <checking_api_versions_recv> [IPv4 ('172.27.0.6', 9092)]>: Broker version identified as 2.6
[2025-04-22T13:34:36.423+0000] {subprocess.py:93} INFO - INFO:kafka.conn:<BrokerConnection client_id=kafka-python-2.1.5, node_id=bootstrap-0 host=kafka:9092 <connected> [IPv4 ('172.27.0.6', 9092)]>: Connection complete.
[2025-04-22T13:34:36.423+0000] {subprocess.py:93} INFO - INFO:kafka.consumer.subscription_state:Updating subscribed topics to: ('stock-prices',)
[2025-04-22T13:34:36.423+0000] {subprocess.py:93} INFO - INFO:__main__:Listening to Kafka topic 'stock-prices' and writing to /opt/airflow/includes/local warehose/bronze
[2025-04-22T13:34:36.426+0000] {subprocess.py:93} INFO - INFO:kafka.conn:<BrokerConnection client_id=kafka-python-2.1.5, node_id=1 host=kafka:9092 <connecting> [IPv4 ('172.27.0.6', 9092)]>: connecting to kafka:9092 [('172.27.0.6', 9092) IPv4]
[2025-04-22T13:34:36.426+0000] {subprocess.py:93} INFO - INFO:kafka.conn:<BrokerConnection client_id=kafka-python-2.1.5, node_id=1 host=kafka:9092 <connected> [IPv4 ('172.27.0.6', 9092)]>: Connection complete.
[2025-04-22T13:34:36.427+0000] {subprocess.py:93} INFO - INFO:kafka.conn:<BrokerConnection client_id=kafka-python-2.1.5, node_id=bootstrap-0 host=kafka:9092 <connected> [IPv4 ('172.27.0.6', 9092)]>: Closing connection.
[2025-04-22T13:34:36.532+0000] {subprocess.py:93} INFO - INFO:kafka.cluster:Group coordinator for stock-consumer-group is BrokerMetadata(nodeId='coordinator-1', host='kafka', port=9092, rack=None)
[2025-04-22T13:34:36.532+0000] {subprocess.py:93} INFO - INFO:kafka.coordinator:Discovered coordinator coordinator-1 for group stock-consumer-group
[2025-04-22T13:34:36.532+0000] {subprocess.py:93} INFO - INFO:kafka.coordinator:Starting new heartbeat thread
[2025-04-22T13:34:36.533+0000] {subprocess.py:93} INFO - INFO:kafka.coordinator.consumer:Revoking previously assigned partitions set() for group stock-consumer-group
[2025-04-22T13:34:36.533+0000] {subprocess.py:93} INFO - INFO:kafka.conn:<BrokerConnection client_id=kafka-python-2.1.5, node_id=coordinator-1 host=kafka:9092 <connecting> [IPv4 ('172.27.0.6', 9092)]>: connecting to kafka:9092 [('172.27.0.6', 9092) IPv4]
[2025-04-22T13:34:36.534+0000] {subprocess.py:93} INFO - INFO:kafka.conn:<BrokerConnection client_id=kafka-python-2.1.5, node_id=coordinator-1 host=kafka:9092 <connected> [IPv4 ('172.27.0.6', 9092)]>: Connection complete.
[2025-04-22T13:34:36.634+0000] {subprocess.py:93} INFO - INFO:kafka.coordinator:(Re-)joining group stock-consumer-group
[2025-04-22T13:34:39.648+0000] {subprocess.py:93} INFO - INFO:kafka.coordinator:Elected group leader -- performing partition assignments using range
[2025-04-22T13:34:39.660+0000] {subprocess.py:93} INFO - INFO:kafka.coordinator:Successfully joined group stock-consumer-group with generation 11
[2025-04-22T13:34:39.660+0000] {subprocess.py:93} INFO - INFO:kafka.consumer.subscription_state:Updated partition assignment: [TopicPartition(topic='stock-prices', partition=0)]
[2025-04-22T13:34:39.660+0000] {subprocess.py:93} INFO - INFO:kafka.coordinator.consumer:Setting newly assigned partitions {TopicPartition(topic='stock-prices', partition=0)} for group stock-consumer-group
[2025-04-22T13:34:39.704+0000] {subprocess.py:93} INFO - INFO:__main__:Received message: ConsumerRecord(topic='stock-prices', partition=0, leader_epoch=0, offset=16, timestamp=1745328821175, timestamp_type=0, key=None, value={'symbol': 'IBM', 'timestamp': 1745328821.168506, 'data': {'Information': 'We have detected your API key as JUQMNR1G1QODNICV and our standard API rate limit is 25 requests per day. Please subscribe to any of the premium plans at https://www.alphavantage.co/premium/ to instantly remove all daily rate limits.'}}, headers=[], checksum=None, serialized_key_size=-1, serialized_value_size=311, serialized_header_size=-1)
[2025-04-22T13:34:39.704+0000] {subprocess.py:93} INFO - INFO:__main__:Wrote /opt/airflow/includes/local warehose/bronze/IBM_1745328821.json
[2025-04-22T13:34:39.705+0000] {subprocess.py:93} INFO - INFO:__main__:Received message: ConsumerRecord(topic='stock-prices', partition=0, leader_epoch=0, offset=17, timestamp=1745328833477, timestamp_type=0, key=None, value={'symbol': 'AAPL', 'timestamp': 1745328833.477225, 'data': {'Information': 'We have detected your API key as JUQMNR1G1QODNICV and our standard API rate limit is 25 requests per day. Please subscribe to any of the premium plans at https://www.alphavantage.co/premium/ to instantly remove all daily rate limits.'}}, headers=[], checksum=None, serialized_key_size=-1, serialized_value_size=312, serialized_header_size=-1)
[2025-04-22T13:34:39.705+0000] {subprocess.py:93} INFO - INFO:__main__:Wrote /opt/airflow/includes/local warehose/bronze/AAPL_1745328833.json
[2025-04-22T13:34:39.705+0000] {subprocess.py:93} INFO - INFO:__main__:Received message: ConsumerRecord(topic='stock-prices', partition=0, leader_epoch=0, offset=18, timestamp=1745328845979, timestamp_type=0, key=None, value={'symbol': 'MSFT', 'timestamp': 1745328845.9798152, 'data': {'Information': 'We have detected your API key as JUQMNR1G1QODNICV and our standard API rate limit is 25 requests per day. Please subscribe to any of the premium plans at https://www.alphavantage.co/premium/ to instantly remove all daily rate limits.'}}, headers=[], checksum=None, serialized_key_size=-1, serialized_value_size=313, serialized_header_size=-1)
[2025-04-22T13:34:39.705+0000] {subprocess.py:93} INFO - INFO:__main__:Wrote /opt/airflow/includes/local warehose/bronze/MSFT_1745328845.json
[2025-04-22T13:34:39.705+0000] {subprocess.py:93} INFO - INFO:__main__:Received message: ConsumerRecord(topic='stock-prices', partition=0, leader_epoch=0, offset=19, timestamp=1745328858543, timestamp_type=0, key=None, value={'symbol': 'TSLA', 'timestamp': 1745328858.5432863, 'data': {'Information': 'We have detected your API key as JUQMNR1G1QODNICV and our standard API rate limit is 25 requests per day. Please subscribe to any of the premium plans at https://www.alphavantage.co/premium/ to instantly remove all daily rate limits.'}}, headers=[], checksum=None, serialized_key_size=-1, serialized_value_size=313, serialized_header_size=-1)
[2025-04-22T13:34:39.705+0000] {subprocess.py:93} INFO - INFO:__main__:Wrote /opt/airflow/includes/local warehose/bronze/TSLA_1745328858.json
[2025-04-22T13:43:29.781+0000] {local_task_job_runner.py:310} WARNING - State of this instance has been externally set to restarting. Terminating instance.
[2025-04-22T13:43:29.782+0000] {local_task_job_runner.py:222} INFO - ::endgroup::
[2025-04-22T13:43:29.783+0000] {process_utils.py:132} INFO - Sending 15 to group 77. PIDs of all processes in the group: [78, 77]
[2025-04-22T13:43:29.783+0000] {process_utils.py:87} INFO - Sending the signal 15 to group 77
[2025-04-22T13:43:29.783+0000] {taskinstance.py:2611} ERROR - Received SIGTERM. Terminating subprocesses.
[2025-04-22T13:43:29.783+0000] {subprocess.py:104} INFO - Sending SIGTERM signal to process group
[2025-04-22T13:43:29.784+0000] {taskinstance.py:441} INFO - ::group::Post task execution logs
[2025-04-22T13:43:29.789+0000] {taskinstance.py:2905} ERROR - Task failed with exception
Traceback (most recent call last):
  File "/home/airflow/.local/lib/python3.12/site-packages/airflow/models/taskinstance.py", line 465, in _execute_task
    result = _execute_callable(context=context, **execute_callable_kwargs)
             ^^^^^^^^^^^^^^^^^^^^^^^^^^^^^^^^^^^^^^^^^^^^^^^^^^^^^^^^^^^^^
  File "/home/airflow/.local/lib/python3.12/site-packages/airflow/models/taskinstance.py", line 432, in _execute_callable
    return execute_callable(context=context, **execute_callable_kwargs)
           ^^^^^^^^^^^^^^^^^^^^^^^^^^^^^^^^^^^^^^^^^^^^^^^^^^^^^^^^^^^^
  File "/home/airflow/.local/lib/python3.12/site-packages/airflow/models/baseoperator.py", line 401, in wrapper
    return func(self, *args, **kwargs)
           ^^^^^^^^^^^^^^^^^^^^^^^^^^^
  File "/home/airflow/.local/lib/python3.12/site-packages/airflow/operators/bash.py", line 234, in execute
    result = self.subprocess_hook.run_command(
             ^^^^^^^^^^^^^^^^^^^^^^^^^^^^^^^^^
  File "/home/airflow/.local/lib/python3.12/site-packages/airflow/hooks/subprocess.py", line 91, in run_command
    for raw_line in iter(self.sub_process.stdout.readline, b""):
  File "/home/airflow/.local/lib/python3.12/site-packages/airflow/models/taskinstance.py", line 2613, in signal_handler
    raise AirflowTaskTerminated("Task received SIGTERM signal")
airflow.exceptions.AirflowTaskTerminated: Task received SIGTERM signal
[2025-04-22T13:43:29.793+0000] {taskinstance.py:1206} INFO - Marking task as UP_FOR_RETRY. dag_id=stock_kafka_pipeline, task_id=Kafka_Consumer, run_id=scheduled__2025-04-22T13:20:00+00:00, execution_date=20250422T132000, start_date=20250422T133435, end_date=20250422T134329
[2025-04-22T13:43:29.809+0000] {process_utils.py:80} INFO - Process psutil.Process(pid=78, status='terminated', started='13:34:35') (78) terminated with exit code None
[2025-04-22T13:43:29.810+0000] {process_utils.py:80} INFO - Process psutil.Process(pid=77, status='terminated', exitcode=2, started='13:34:35') (77) terminated with exit code 2
