[2025-04-22T14:16:04.298+0000] {local_task_job_runner.py:120} INFO - ::group::Pre task execution logs
[2025-04-22T14:16:04.316+0000] {taskinstance.py:2066} INFO - Dependencies not met for <TaskInstance: stock_kafka_pipeline.Kafka_Consumer scheduled__2025-04-22T14:00:00+00:00 [up_for_retry]>, dependency 'Not In Retry Period' FAILED: Task is not ready for retry yet but will be retried automatically. Current date is 2025-04-22T14:16:04.316294+00:00 and task will be retried at 2025-04-22T14:16:59.574230+00:00.
[2025-04-22T14:16:04.321+0000] {local_task_job_runner.py:163} INFO - Task is not able to be run
[2025-04-22T14:41:25.932+0000] {local_task_job_runner.py:120} INFO - ::group::Pre task execution logs
[2025-04-22T14:41:25.956+0000] {taskinstance.py:2076} INFO - Dependencies all met for dep_context=non-requeueable deps ti=<TaskInstance: stock_kafka_pipeline.Kafka_Consumer scheduled__2025-04-22T14:00:00+00:00 [queued]>
[2025-04-22T14:41:25.963+0000] {taskinstance.py:2076} INFO - Dependencies all met for dep_context=requeueable deps ti=<TaskInstance: stock_kafka_pipeline.Kafka_Consumer scheduled__2025-04-22T14:00:00+00:00 [queued]>
[2025-04-22T14:41:25.963+0000] {taskinstance.py:2306} INFO - Starting attempt 2 of 2
[2025-04-22T14:41:25.977+0000] {taskinstance.py:2330} INFO - Executing <Task(BashOperator): Kafka_Consumer> on 2025-04-22 14:00:00+00:00
[2025-04-22T14:41:25.982+0000] {standard_task_runner.py:63} INFO - Started process 64 to run task
[2025-04-22T14:41:25.984+0000] {standard_task_runner.py:90} INFO - Running: ['airflow', 'tasks', 'run', 'stock_kafka_pipeline', 'Kafka_Consumer', 'scheduled__2025-04-22T14:00:00+00:00', '--job-id', '69', '--raw', '--subdir', 'DAGS_FOLDER/stock_kafka_pipeline.py', '--cfg-path', '/tmp/tmp0jyrnv6j']
[2025-04-22T14:41:25.985+0000] {standard_task_runner.py:91} INFO - Job 69: Subtask Kafka_Consumer
[2025-04-22T14:41:26.014+0000] {task_command.py:426} INFO - Running <TaskInstance: stock_kafka_pipeline.Kafka_Consumer scheduled__2025-04-22T14:00:00+00:00 [running]> on host a7c0e6ace072
[2025-04-22T14:41:26.073+0000] {taskinstance.py:2648} INFO - Exporting env vars: AIRFLOW_CTX_DAG_OWNER='airflow' AIRFLOW_CTX_DAG_ID='stock_kafka_pipeline' AIRFLOW_CTX_TASK_ID='Kafka_Consumer' AIRFLOW_CTX_EXECUTION_DATE='2025-04-22T14:00:00+00:00' AIRFLOW_CTX_TRY_NUMBER='2' AIRFLOW_CTX_DAG_RUN_ID='scheduled__2025-04-22T14:00:00+00:00'
[2025-04-22T14:41:26.073+0000] {taskinstance.py:430} INFO - ::endgroup::
[2025-04-22T14:41:26.088+0000] {subprocess.py:63} INFO - Tmp dir root location: /tmp
[2025-04-22T14:41:26.088+0000] {subprocess.py:75} INFO - Running command: ['/usr/bin/bash', '-c', 'python3 /opt/airflow/Scripts/load_to_bronze.py']
[2025-04-22T14:41:26.099+0000] {subprocess.py:86} INFO - Output:
[2025-04-22T14:41:26.790+0000] {subprocess.py:93} INFO - INFO:kafka.conn:<BrokerConnection client_id=kafka-python-2.1.5, node_id=bootstrap-0 host=kafka:9092 <connecting> [IPv4 ('172.27.0.6', 9092)]>: connecting to kafka:9092 [('172.27.0.6', 9092) IPv4]
[2025-04-22T14:41:26.794+0000] {subprocess.py:93} INFO - INFO:kafka.conn:<BrokerConnection client_id=kafka-python-2.1.5, node_id=bootstrap-0 host=kafka:9092 <checking_api_versions_recv> [IPv4 ('172.27.0.6', 9092)]>: Broker version identified as 2.6
[2025-04-22T14:41:26.795+0000] {subprocess.py:93} INFO - INFO:kafka.conn:<BrokerConnection client_id=kafka-python-2.1.5, node_id=bootstrap-0 host=kafka:9092 <connected> [IPv4 ('172.27.0.6', 9092)]>: Connection complete.
[2025-04-22T14:41:26.795+0000] {subprocess.py:93} INFO - INFO:kafka.consumer.subscription_state:Updating subscribed topics to: ('stock-prices',)
[2025-04-22T14:41:26.796+0000] {subprocess.py:93} INFO - INFO:__main__:Listening to Kafka topic 'stock-prices' and writing to /opt/airflow/includes/local warehose/bronze
[2025-04-22T14:41:26.798+0000] {subprocess.py:93} INFO - INFO:kafka.conn:<BrokerConnection client_id=kafka-python-2.1.5, node_id=1 host=kafka:9092 <connecting> [IPv4 ('172.27.0.6', 9092)]>: connecting to kafka:9092 [('172.27.0.6', 9092) IPv4]
[2025-04-22T14:41:26.798+0000] {subprocess.py:93} INFO - INFO:kafka.conn:<BrokerConnection client_id=kafka-python-2.1.5, node_id=1 host=kafka:9092 <connected> [IPv4 ('172.27.0.6', 9092)]>: Connection complete.
[2025-04-22T14:41:26.799+0000] {subprocess.py:93} INFO - INFO:kafka.conn:<BrokerConnection client_id=kafka-python-2.1.5, node_id=bootstrap-0 host=kafka:9092 <connected> [IPv4 ('172.27.0.6', 9092)]>: Closing connection.
[2025-04-22T14:41:26.906+0000] {subprocess.py:93} INFO - INFO:kafka.cluster:Group coordinator for stock-consumer-group is BrokerMetadata(nodeId='coordinator-1', host='kafka', port=9092, rack=None)
[2025-04-22T14:41:26.906+0000] {subprocess.py:93} INFO - INFO:kafka.coordinator:Discovered coordinator coordinator-1 for group stock-consumer-group
[2025-04-22T14:41:26.906+0000] {subprocess.py:93} INFO - INFO:kafka.coordinator:Starting new heartbeat thread
[2025-04-22T14:41:26.907+0000] {subprocess.py:93} INFO - INFO:kafka.coordinator.consumer:Revoking previously assigned partitions set() for group stock-consumer-group
[2025-04-22T14:41:26.907+0000] {subprocess.py:93} INFO - INFO:kafka.conn:<BrokerConnection client_id=kafka-python-2.1.5, node_id=coordinator-1 host=kafka:9092 <connecting> [IPv4 ('172.27.0.6', 9092)]>: connecting to kafka:9092 [('172.27.0.6', 9092) IPv4]
[2025-04-22T14:41:26.908+0000] {subprocess.py:93} INFO - INFO:kafka.conn:<BrokerConnection client_id=kafka-python-2.1.5, node_id=coordinator-1 host=kafka:9092 <connected> [IPv4 ('172.27.0.6', 9092)]>: Connection complete.
[2025-04-22T14:41:27.008+0000] {subprocess.py:93} INFO - INFO:kafka.coordinator:(Re-)joining group stock-consumer-group
[2025-04-22T14:41:30.029+0000] {subprocess.py:93} INFO - INFO:kafka.coordinator:Elected group leader -- performing partition assignments using range
[2025-04-22T14:41:30.046+0000] {subprocess.py:93} INFO - INFO:kafka.coordinator:Successfully joined group stock-consumer-group with generation 33
[2025-04-22T14:41:30.047+0000] {subprocess.py:93} INFO - INFO:kafka.consumer.subscription_state:Updated partition assignment: [TopicPartition(topic='stock-prices', partition=0)]
[2025-04-22T14:41:30.048+0000] {subprocess.py:93} INFO - INFO:kafka.coordinator.consumer:Setting newly assigned partitions {TopicPartition(topic='stock-prices', partition=0)} for group stock-consumer-group
[2025-04-22T14:41:30.121+0000] {subprocess.py:93} INFO - INFO:__main__:Received message: ConsumerRecord(topic='stock-prices', partition=0, leader_epoch=0, offset=56, timestamp=1745332832478, timestamp_type=0, key=None, value={'symbol': 'IBM', 'timestamp': 1745332832.4689214, 'data': {'Information': 'We have detected your API key as Y8AI4HTMVAUL03AD and our standard API rate limit is 25 requests per day. Please subscribe to any of the premium plans at https://www.alphavantage.co/premium/ to instantly remove all daily rate limits.'}}, headers=[], checksum=None, serialized_key_size=-1, serialized_value_size=312, serialized_header_size=-1)
[2025-04-22T14:41:30.121+0000] {subprocess.py:93} INFO - INFO:__main__:Wrote /opt/airflow/includes/local warehose/bronze/IBM_1745332832.json
[2025-04-22T14:41:30.122+0000] {subprocess.py:93} INFO - INFO:__main__:Received message: ConsumerRecord(topic='stock-prices', partition=0, leader_epoch=0, offset=57, timestamp=1745332845000, timestamp_type=0, key=None, value={'symbol': 'AAPL', 'timestamp': 1745332845.0002964, 'data': {'Information': 'We have detected your API key as Y8AI4HTMVAUL03AD and our standard API rate limit is 25 requests per day. Please subscribe to any of the premium plans at https://www.alphavantage.co/premium/ to instantly remove all daily rate limits.'}}, headers=[], checksum=None, serialized_key_size=-1, serialized_value_size=313, serialized_header_size=-1)
[2025-04-22T14:41:30.122+0000] {subprocess.py:93} INFO - INFO:__main__:Wrote /opt/airflow/includes/local warehose/bronze/AAPL_1745332845.json
[2025-04-22T14:41:30.122+0000] {subprocess.py:93} INFO - INFO:__main__:Received message: ConsumerRecord(topic='stock-prices', partition=0, leader_epoch=0, offset=58, timestamp=1745332857493, timestamp_type=0, key=None, value={'symbol': 'MSFT', 'timestamp': 1745332857.4933054, 'data': {'Information': 'We have detected your API key as Y8AI4HTMVAUL03AD and our standard API rate limit is 25 requests per day. Please subscribe to any of the premium plans at https://www.alphavantage.co/premium/ to instantly remove all daily rate limits.'}}, headers=[], checksum=None, serialized_key_size=-1, serialized_value_size=313, serialized_header_size=-1)
[2025-04-22T14:41:30.122+0000] {subprocess.py:93} INFO - INFO:__main__:Wrote /opt/airflow/includes/local warehose/bronze/MSFT_1745332857.json
[2025-04-22T14:41:30.123+0000] {subprocess.py:93} INFO - INFO:__main__:Received message: ConsumerRecord(topic='stock-prices', partition=0, leader_epoch=0, offset=59, timestamp=1745332870027, timestamp_type=0, key=None, value={'symbol': 'TSLA', 'timestamp': 1745332870.0273986, 'data': {'Information': 'We have detected your API key as Y8AI4HTMVAUL03AD and our standard API rate limit is 25 requests per day. Please subscribe to any of the premium plans at https://www.alphavantage.co/premium/ to instantly remove all daily rate limits.'}}, headers=[], checksum=None, serialized_key_size=-1, serialized_value_size=313, serialized_header_size=-1)
[2025-04-22T14:41:30.123+0000] {subprocess.py:93} INFO - INFO:__main__:Wrote /opt/airflow/includes/local warehose/bronze/TSLA_1745332870.json
[2025-04-22T14:41:35.123+0000] {subprocess.py:93} INFO - INFO:__main__:No messages received (#1)...
[2025-04-22T14:41:40.124+0000] {subprocess.py:93} INFO - INFO:__main__:No messages received (#2)...
[2025-04-22T14:41:45.126+0000] {subprocess.py:93} INFO - INFO:__main__:No messages received (#3)...
[2025-04-22T14:41:45.127+0000] {subprocess.py:93} INFO - INFO:__main__:No new messages. Shutting down consumer.
[2025-04-22T14:41:45.127+0000] {subprocess.py:93} INFO - INFO:kafka.coordinator:Stopping heartbeat thread
[2025-04-22T14:41:46.149+0000] {local_task_job_runner.py:310} WARNING - State of this instance has been externally set to success. Terminating instance.
[2025-04-22T14:41:46.149+0000] {local_task_job_runner.py:222} INFO - ::endgroup::
[2025-04-22T14:41:46.150+0000] {process_utils.py:132} INFO - Sending 15 to group 64. PIDs of all processes in the group: [65, 64]
[2025-04-22T14:41:46.150+0000] {process_utils.py:87} INFO - Sending the signal 15 to group 64
[2025-04-22T14:41:46.151+0000] {taskinstance.py:2611} ERROR - Received SIGTERM. Terminating subprocesses.
[2025-04-22T14:41:46.151+0000] {subprocess.py:104} INFO - Sending SIGTERM signal to process group
[2025-04-22T14:41:46.151+0000] {taskinstance.py:441} INFO - ::group::Post task execution logs
[2025-04-22T14:41:46.177+0000] {process_utils.py:80} INFO - Process psutil.Process(pid=65, status='terminated', started='14:41:25') (65) terminated with exit code None
[2025-04-22T14:41:46.177+0000] {process_utils.py:80} INFO - Process psutil.Process(pid=64, status='terminated', exitcode=0, started='14:41:25') (64) terminated with exit code 0
