[2025-04-22T14:15:00.725+0000] {local_task_job_runner.py:120} INFO - ::group::Pre task execution logs
[2025-04-22T14:15:00.750+0000] {taskinstance.py:2076} INFO - Dependencies all met for dep_context=non-requeueable deps ti=<TaskInstance: stock_kafka_pipeline.Kafka_Consumer scheduled__2025-04-22T14:00:00+00:00 [queued]>
[2025-04-22T14:15:00.755+0000] {taskinstance.py:2076} INFO - Dependencies all met for dep_context=requeueable deps ti=<TaskInstance: stock_kafka_pipeline.Kafka_Consumer scheduled__2025-04-22T14:00:00+00:00 [queued]>
[2025-04-22T14:15:00.755+0000] {taskinstance.py:2306} INFO - Starting attempt 1 of 2
[2025-04-22T14:15:00.768+0000] {taskinstance.py:2330} INFO - Executing <Task(BashOperator): Kafka_Consumer> on 2025-04-22 14:00:00+00:00
[2025-04-22T14:15:00.773+0000] {standard_task_runner.py:63} INFO - Started process 450 to run task
[2025-04-22T14:15:00.775+0000] {standard_task_runner.py:90} INFO - Running: ['airflow', 'tasks', 'run', 'stock_kafka_pipeline', 'Kafka_Consumer', 'scheduled__2025-04-22T14:00:00+00:00', '--job-id', '65', '--raw', '--subdir', 'DAGS_FOLDER/stock_kafka_pipeline.py', '--cfg-path', '/tmp/tmpfi2a83g6']
[2025-04-22T14:15:00.776+0000] {standard_task_runner.py:91} INFO - Job 65: Subtask Kafka_Consumer
[2025-04-22T14:15:00.807+0000] {task_command.py:426} INFO - Running <TaskInstance: stock_kafka_pipeline.Kafka_Consumer scheduled__2025-04-22T14:00:00+00:00 [running]> on host a7c0e6ace072
[2025-04-22T14:15:00.873+0000] {taskinstance.py:2648} INFO - Exporting env vars: AIRFLOW_CTX_DAG_OWNER='airflow' AIRFLOW_CTX_DAG_ID='stock_kafka_pipeline' AIRFLOW_CTX_TASK_ID='Kafka_Consumer' AIRFLOW_CTX_EXECUTION_DATE='2025-04-22T14:00:00+00:00' AIRFLOW_CTX_TRY_NUMBER='1' AIRFLOW_CTX_DAG_RUN_ID='scheduled__2025-04-22T14:00:00+00:00'
[2025-04-22T14:15:00.873+0000] {taskinstance.py:430} INFO - ::endgroup::
[2025-04-22T14:15:00.888+0000] {subprocess.py:63} INFO - Tmp dir root location: /tmp
[2025-04-22T14:15:00.889+0000] {subprocess.py:75} INFO - Running command: ['/usr/bin/bash', '-c', 'python3 /opt/airflow/Scripts/load_to_bronze.py']
[2025-04-22T14:15:00.901+0000] {subprocess.py:86} INFO - Output:
[2025-04-22T14:15:01.618+0000] {subprocess.py:93} INFO - INFO:kafka.conn:<BrokerConnection client_id=kafka-python-2.1.5, node_id=bootstrap-0 host=kafka:9092 <connecting> [IPv4 ('172.27.0.6', 9092)]>: connecting to kafka:9092 [('172.27.0.6', 9092) IPv4]
[2025-04-22T14:15:01.619+0000] {subprocess.py:93} INFO - INFO:kafka.conn:<BrokerConnection client_id=kafka-python-2.1.5, node_id=bootstrap-0 host=kafka:9092 <checking_api_versions_recv> [IPv4 ('172.27.0.6', 9092)]>: Broker version identified as 2.6
[2025-04-22T14:15:01.620+0000] {subprocess.py:93} INFO - INFO:kafka.conn:<BrokerConnection client_id=kafka-python-2.1.5, node_id=bootstrap-0 host=kafka:9092 <connected> [IPv4 ('172.27.0.6', 9092)]>: Connection complete.
[2025-04-22T14:15:01.620+0000] {subprocess.py:93} INFO - INFO:kafka.consumer.subscription_state:Updating subscribed topics to: ('stock-prices',)
[2025-04-22T14:15:01.620+0000] {subprocess.py:93} INFO - INFO:__main__:Listening to Kafka topic 'stock-prices' and writing to /opt/airflow/includes/local warehose/bronze
[2025-04-22T14:15:01.622+0000] {subprocess.py:93} INFO - INFO:kafka.conn:<BrokerConnection client_id=kafka-python-2.1.5, node_id=1 host=kafka:9092 <connecting> [IPv4 ('172.27.0.6', 9092)]>: connecting to kafka:9092 [('172.27.0.6', 9092) IPv4]
[2025-04-22T14:15:01.622+0000] {subprocess.py:93} INFO - INFO:kafka.conn:<BrokerConnection client_id=kafka-python-2.1.5, node_id=1 host=kafka:9092 <connected> [IPv4 ('172.27.0.6', 9092)]>: Connection complete.
[2025-04-22T14:15:01.623+0000] {subprocess.py:93} INFO - INFO:kafka.conn:<BrokerConnection client_id=kafka-python-2.1.5, node_id=bootstrap-0 host=kafka:9092 <connected> [IPv4 ('172.27.0.6', 9092)]>: Closing connection.
[2025-04-22T14:15:01.726+0000] {subprocess.py:93} INFO - INFO:kafka.cluster:Group coordinator for stock-consumer-group is BrokerMetadata(nodeId='coordinator-1', host='kafka', port=9092, rack=None)
[2025-04-22T14:15:01.726+0000] {subprocess.py:93} INFO - INFO:kafka.coordinator:Discovered coordinator coordinator-1 for group stock-consumer-group
[2025-04-22T14:15:01.727+0000] {subprocess.py:93} INFO - INFO:kafka.coordinator:Starting new heartbeat thread
[2025-04-22T14:15:01.727+0000] {subprocess.py:93} INFO - INFO:kafka.coordinator.consumer:Revoking previously assigned partitions set() for group stock-consumer-group
[2025-04-22T14:15:01.727+0000] {subprocess.py:93} INFO - INFO:kafka.conn:<BrokerConnection client_id=kafka-python-2.1.5, node_id=coordinator-1 host=kafka:9092 <connecting> [IPv4 ('172.27.0.6', 9092)]>: connecting to kafka:9092 [('172.27.0.6', 9092) IPv4]
[2025-04-22T14:15:01.728+0000] {subprocess.py:93} INFO - INFO:kafka.conn:<BrokerConnection client_id=kafka-python-2.1.5, node_id=coordinator-1 host=kafka:9092 <connected> [IPv4 ('172.27.0.6', 9092)]>: Connection complete.
[2025-04-22T14:15:01.828+0000] {subprocess.py:93} INFO - INFO:kafka.coordinator:(Re-)joining group stock-consumer-group
[2025-04-22T14:15:04.832+0000] {subprocess.py:93} INFO - INFO:kafka.coordinator:Elected group leader -- performing partition assignments using range
[2025-04-22T14:15:04.836+0000] {subprocess.py:93} INFO - INFO:kafka.coordinator:Successfully joined group stock-consumer-group with generation 31
[2025-04-22T14:15:04.836+0000] {subprocess.py:93} INFO - INFO:kafka.consumer.subscription_state:Updated partition assignment: [TopicPartition(topic='stock-prices', partition=0)]
[2025-04-22T14:15:04.837+0000] {subprocess.py:93} INFO - INFO:kafka.coordinator.consumer:Setting newly assigned partitions {TopicPartition(topic='stock-prices', partition=0)} for group stock-consumer-group
[2025-04-22T14:15:04.841+0000] {subprocess.py:93} INFO - INFO:__main__:Received message: ConsumerRecord(topic='stock-prices', partition=0, leader_epoch=0, offset=52, timestamp=1745331247171, timestamp_type=0, key=None, value={'symbol': 'IBM', 'timestamp': 1745331247.1681447, 'data': {'Information': 'We have detected your API key as Y8AI4HTMVAUL03AD and our standard API rate limit is 25 requests per day. Please subscribe to any of the premium plans at https://www.alphavantage.co/premium/ to instantly remove all daily rate limits.'}}, headers=[], checksum=None, serialized_key_size=-1, serialized_value_size=312, serialized_header_size=-1)
[2025-04-22T14:15:04.841+0000] {subprocess.py:93} INFO - INFO:__main__:Wrote /opt/airflow/includes/local warehose/bronze/IBM_1745331247.json
[2025-04-22T14:15:04.842+0000] {subprocess.py:93} INFO - INFO:__main__:Received message: ConsumerRecord(topic='stock-prices', partition=0, leader_epoch=0, offset=53, timestamp=1745331259469, timestamp_type=0, key=None, value={'symbol': 'AAPL', 'timestamp': 1745331259.4695752, 'data': {'Information': 'We have detected your API key as Y8AI4HTMVAUL03AD and our standard API rate limit is 25 requests per day. Please subscribe to any of the premium plans at https://www.alphavantage.co/premium/ to instantly remove all daily rate limits.'}}, headers=[], checksum=None, serialized_key_size=-1, serialized_value_size=313, serialized_header_size=-1)
[2025-04-22T14:15:04.842+0000] {subprocess.py:93} INFO - INFO:__main__:Wrote /opt/airflow/includes/local warehose/bronze/AAPL_1745331259.json
[2025-04-22T14:15:04.842+0000] {subprocess.py:93} INFO - INFO:__main__:Received message: ConsumerRecord(topic='stock-prices', partition=0, leader_epoch=0, offset=54, timestamp=1745331271996, timestamp_type=0, key=None, value={'symbol': 'MSFT', 'timestamp': 1745331271.9963043, 'data': {'Information': 'We have detected your API key as Y8AI4HTMVAUL03AD and our standard API rate limit is 25 requests per day. Please subscribe to any of the premium plans at https://www.alphavantage.co/premium/ to instantly remove all daily rate limits.'}}, headers=[], checksum=None, serialized_key_size=-1, serialized_value_size=313, serialized_header_size=-1)
[2025-04-22T14:15:04.842+0000] {subprocess.py:93} INFO - INFO:__main__:Wrote /opt/airflow/includes/local warehose/bronze/MSFT_1745331271.json
[2025-04-22T14:15:04.843+0000] {subprocess.py:93} INFO - INFO:__main__:Received message: ConsumerRecord(topic='stock-prices', partition=0, leader_epoch=0, offset=55, timestamp=1745331284492, timestamp_type=0, key=None, value={'symbol': 'TSLA', 'timestamp': 1745331284.491955, 'data': {'Information': 'We have detected your API key as Y8AI4HTMVAUL03AD and our standard API rate limit is 25 requests per day. Please subscribe to any of the premium plans at https://www.alphavantage.co/premium/ to instantly remove all daily rate limits.'}}, headers=[], checksum=None, serialized_key_size=-1, serialized_value_size=312, serialized_header_size=-1)
[2025-04-22T14:15:04.843+0000] {subprocess.py:93} INFO - INFO:__main__:Wrote /opt/airflow/includes/local warehose/bronze/TSLA_1745331284.json
[2025-04-22T14:15:59.534+0000] {local_task_job_runner.py:124} ERROR - Received SIGTERM. Terminating subprocesses
[2025-04-22T14:15:59.535+0000] {process_utils.py:132} INFO - Sending 15 to group 450. PIDs of all processes in the group: [451, 450]
[2025-04-22T14:15:59.536+0000] {process_utils.py:87} INFO - Sending the signal 15 to group 450
[2025-04-22T14:15:59.539+0000] {taskinstance.py:2611} ERROR - Received SIGTERM. Terminating subprocesses.
[2025-04-22T14:15:59.540+0000] {subprocess.py:104} INFO - Sending SIGTERM signal to process group
[2025-04-22T14:15:59.542+0000] {taskinstance.py:441} INFO - ::group::Post task execution logs
[2025-04-22T14:15:59.568+0000] {taskinstance.py:2905} ERROR - Task failed with exception
Traceback (most recent call last):
  File "/home/airflow/.local/lib/python3.12/site-packages/airflow/models/taskinstance.py", line 465, in _execute_task
    result = _execute_callable(context=context, **execute_callable_kwargs)
             ^^^^^^^^^^^^^^^^^^^^^^^^^^^^^^^^^^^^^^^^^^^^^^^^^^^^^^^^^^^^^
  File "/home/airflow/.local/lib/python3.12/site-packages/airflow/models/taskinstance.py", line 432, in _execute_callable
    return execute_callable(context=context, **execute_callable_kwargs)
           ^^^^^^^^^^^^^^^^^^^^^^^^^^^^^^^^^^^^^^^^^^^^^^^^^^^^^^^^^^^^
  File "/home/airflow/.local/lib/python3.12/site-packages/airflow/models/baseoperator.py", line 401, in wrapper
    return func(self, *args, **kwargs)
           ^^^^^^^^^^^^^^^^^^^^^^^^^^^
  File "/home/airflow/.local/lib/python3.12/site-packages/airflow/operators/bash.py", line 234, in execute
    result = self.subprocess_hook.run_command(
             ^^^^^^^^^^^^^^^^^^^^^^^^^^^^^^^^^
  File "/home/airflow/.local/lib/python3.12/site-packages/airflow/hooks/subprocess.py", line 91, in run_command
    for raw_line in iter(self.sub_process.stdout.readline, b""):
  File "/home/airflow/.local/lib/python3.12/site-packages/airflow/models/taskinstance.py", line 2613, in signal_handler
    raise AirflowTaskTerminated("Task received SIGTERM signal")
airflow.exceptions.AirflowTaskTerminated: Task received SIGTERM signal
[2025-04-22T14:15:59.575+0000] {taskinstance.py:1206} INFO - Marking task as UP_FOR_RETRY. dag_id=stock_kafka_pipeline, task_id=Kafka_Consumer, run_id=scheduled__2025-04-22T14:00:00+00:00, execution_date=20250422T140000, start_date=20250422T141500, end_date=20250422T141559
[2025-04-22T14:15:59.645+0000] {process_utils.py:80} INFO - Process psutil.Process(pid=450, status='terminated', exitcode=2, started='14:15:00') (450) terminated with exit code 2
[2025-04-22T14:15:59.646+0000] {process_utils.py:80} INFO - Process psutil.Process(pid=451, status='terminated', started='14:15:00') (451) terminated with exit code None
[2025-04-22T14:15:59.647+0000] {local_task_job_runner.py:240} INFO - Task exited with return code 143
[2025-04-22T14:15:59.669+0000] {taskinstance.py:3503} INFO - 0 downstream tasks scheduled from follow-on schedule check
