[2025-04-22T23:20:59.628+0000] {local_task_job_runner.py:120} INFO - ::group::Pre task execution logs
[2025-04-22T23:20:59.653+0000] {taskinstance.py:2076} INFO - Dependencies all met for dep_context=non-requeueable deps ti=<TaskInstance: stock_kafka_pipeline.Kafka_Consumer scheduled__2025-04-22T23:10:00+00:00 [queued]>
[2025-04-22T23:20:59.659+0000] {taskinstance.py:2076} INFO - Dependencies all met for dep_context=requeueable deps ti=<TaskInstance: stock_kafka_pipeline.Kafka_Consumer scheduled__2025-04-22T23:10:00+00:00 [queued]>
[2025-04-22T23:20:59.660+0000] {taskinstance.py:2306} INFO - Starting attempt 1 of 2
[2025-04-22T23:20:59.671+0000] {taskinstance.py:2330} INFO - Executing <Task(BashOperator): Kafka_Consumer> on 2025-04-22 23:10:00+00:00
[2025-04-22T23:20:59.677+0000] {standard_task_runner.py:63} INFO - Started process 295 to run task
[2025-04-22T23:20:59.679+0000] {standard_task_runner.py:90} INFO - Running: ['airflow', 'tasks', 'run', 'stock_kafka_pipeline', 'Kafka_Consumer', 'scheduled__2025-04-22T23:10:00+00:00', '--job-id', '162', '--raw', '--subdir', 'DAGS_FOLDER/stock_kafka_pipeline.py', '--cfg-path', '/tmp/tmp0bxc518c']
[2025-04-22T23:20:59.681+0000] {standard_task_runner.py:91} INFO - Job 162: Subtask Kafka_Consumer
[2025-04-22T23:20:59.712+0000] {task_command.py:426} INFO - Running <TaskInstance: stock_kafka_pipeline.Kafka_Consumer scheduled__2025-04-22T23:10:00+00:00 [running]> on host 04d581c12730
[2025-04-22T23:20:59.777+0000] {taskinstance.py:2648} INFO - Exporting env vars: AIRFLOW_CTX_DAG_OWNER='airflow' AIRFLOW_CTX_DAG_ID='stock_kafka_pipeline' AIRFLOW_CTX_TASK_ID='Kafka_Consumer' AIRFLOW_CTX_EXECUTION_DATE='2025-04-22T23:10:00+00:00' AIRFLOW_CTX_TRY_NUMBER='1' AIRFLOW_CTX_DAG_RUN_ID='scheduled__2025-04-22T23:10:00+00:00'
[2025-04-22T23:20:59.778+0000] {taskinstance.py:430} INFO - ::endgroup::
[2025-04-22T23:20:59.790+0000] {subprocess.py:63} INFO - Tmp dir root location: /tmp
[2025-04-22T23:20:59.791+0000] {subprocess.py:75} INFO - Running command: ['/usr/bin/bash', '-c', 'python3 /opt/airflow/Scripts/load_to_bronze.py']
[2025-04-22T23:20:59.803+0000] {subprocess.py:86} INFO - Output:
[2025-04-22T23:21:00.502+0000] {subprocess.py:93} INFO - INFO:__main__:Cleared existing output file /opt/airflow/includes/local warehose/bronze/stock-prices.jsonl
[2025-04-22T23:21:00.511+0000] {subprocess.py:93} INFO - INFO:kafka.conn:<BrokerConnection client_id=kafka-python-2.1.5, node_id=bootstrap-0 host=kafka:9092 <connecting> [IPv4 ('172.21.0.7', 9092)]>: connecting to kafka:9092 [('172.21.0.7', 9092) IPv4]
[2025-04-22T23:21:00.513+0000] {subprocess.py:93} INFO - INFO:kafka.conn:<BrokerConnection client_id=kafka-python-2.1.5, node_id=bootstrap-0 host=kafka:9092 <checking_api_versions_recv> [IPv4 ('172.21.0.7', 9092)]>: Broker version identified as 2.6
[2025-04-22T23:21:00.514+0000] {subprocess.py:93} INFO - INFO:kafka.conn:<BrokerConnection client_id=kafka-python-2.1.5, node_id=bootstrap-0 host=kafka:9092 <connected> [IPv4 ('172.21.0.7', 9092)]>: Connection complete.
[2025-04-22T23:21:00.514+0000] {subprocess.py:93} INFO - INFO:kafka.consumer.subscription_state:Updating subscribed topics to: ('stock-prices',)
[2025-04-22T23:21:00.515+0000] {subprocess.py:93} INFO - INFO:__main__:Listening to Kafka topic 'stock-prices' and writing to /opt/airflow/includes/local warehose/bronze
[2025-04-22T23:21:00.518+0000] {subprocess.py:93} INFO - INFO:kafka.conn:<BrokerConnection client_id=kafka-python-2.1.5, node_id=1 host=kafka:9092 <connecting> [IPv4 ('172.21.0.7', 9092)]>: connecting to kafka:9092 [('172.21.0.7', 9092) IPv4]
[2025-04-22T23:21:00.518+0000] {subprocess.py:93} INFO - INFO:kafka.conn:<BrokerConnection client_id=kafka-python-2.1.5, node_id=1 host=kafka:9092 <connected> [IPv4 ('172.21.0.7', 9092)]>: Connection complete.
[2025-04-22T23:21:00.519+0000] {subprocess.py:93} INFO - INFO:kafka.conn:<BrokerConnection client_id=kafka-python-2.1.5, node_id=bootstrap-0 host=kafka:9092 <connected> [IPv4 ('172.21.0.7', 9092)]>: Closing connection.
[2025-04-22T23:21:00.621+0000] {subprocess.py:93} INFO - INFO:kafka.cluster:Group coordinator for stock-consumer-group is BrokerMetadata(nodeId='coordinator-1', host='kafka', port=9092, rack=None)
[2025-04-22T23:21:00.622+0000] {subprocess.py:93} INFO - INFO:kafka.coordinator:Discovered coordinator coordinator-1 for group stock-consumer-group
[2025-04-22T23:21:00.622+0000] {subprocess.py:93} INFO - INFO:kafka.coordinator:Starting new heartbeat thread
[2025-04-22T23:21:00.622+0000] {subprocess.py:93} INFO - INFO:kafka.coordinator.consumer:Revoking previously assigned partitions set() for group stock-consumer-group
[2025-04-22T23:21:00.623+0000] {subprocess.py:93} INFO - INFO:kafka.conn:<BrokerConnection client_id=kafka-python-2.1.5, node_id=coordinator-1 host=kafka:9092 <connecting> [IPv4 ('172.21.0.7', 9092)]>: connecting to kafka:9092 [('172.21.0.7', 9092) IPv4]
[2025-04-22T23:21:00.623+0000] {subprocess.py:93} INFO - INFO:kafka.conn:<BrokerConnection client_id=kafka-python-2.1.5, node_id=coordinator-1 host=kafka:9092 <connected> [IPv4 ('172.21.0.7', 9092)]>: Connection complete.
[2025-04-22T23:21:00.724+0000] {subprocess.py:93} INFO - INFO:kafka.coordinator:(Re-)joining group stock-consumer-group
[2025-04-22T23:21:03.729+0000] {subprocess.py:93} INFO - INFO:kafka.coordinator:Elected group leader -- performing partition assignments using range
[2025-04-22T23:21:03.732+0000] {subprocess.py:93} INFO - INFO:kafka.coordinator:Successfully joined group stock-consumer-group with generation 1
[2025-04-22T23:21:03.733+0000] {subprocess.py:93} INFO - INFO:kafka.consumer.subscription_state:Updated partition assignment: [TopicPartition(topic='stock-prices', partition=0)]
[2025-04-22T23:21:03.733+0000] {subprocess.py:93} INFO - INFO:kafka.coordinator.consumer:Setting newly assigned partitions {TopicPartition(topic='stock-prices', partition=0)} for group stock-consumer-group
[2025-04-22T23:21:03.751+0000] {subprocess.py:93} INFO - INFO:__main__:Received message: ConsumerRecord(topic='stock-prices', partition=0, leader_epoch=0, offset=0, timestamp=1745363347539, timestamp_type=0, key=None, value={'symbol': 'IBM', 'timestamp': 1745363347.1526992, 'data': {'Information': 'We have detected your API key as 02LUMITX3ON1TILA and our standard API rate limit is 25 requests per day. Please subscribe to any of the premium plans at https://www.alphavantage.co/premium/ to instantly remove all daily rate limits.'}}, headers=[], checksum=None, serialized_key_size=-1, serialized_value_size=312, serialized_header_size=-1)
[2025-04-22T23:21:03.751+0000] {subprocess.py:93} INFO - INFO:__main__:Appended message to /opt/airflow/includes/local warehose/bronze/stock-prices.jsonl
[2025-04-22T23:21:03.752+0000] {subprocess.py:93} INFO - INFO:__main__:Received message: ConsumerRecord(topic='stock-prices', partition=0, leader_epoch=0, offset=1, timestamp=1745363360164, timestamp_type=0, key=None, value={'symbol': 'AAPL', 'timestamp': 1745363360.1646035, 'data': {'Information': 'We have detected your API key as 02LUMITX3ON1TILA and our standard API rate limit is 25 requests per day. Please subscribe to any of the premium plans at https://www.alphavantage.co/premium/ to instantly remove all daily rate limits.'}}, headers=[], checksum=None, serialized_key_size=-1, serialized_value_size=313, serialized_header_size=-1)
[2025-04-22T23:21:03.753+0000] {subprocess.py:93} INFO - INFO:__main__:Appended message to /opt/airflow/includes/local warehose/bronze/stock-prices.jsonl
[2025-04-22T23:21:03.753+0000] {subprocess.py:93} INFO - INFO:__main__:Received message: ConsumerRecord(topic='stock-prices', partition=0, leader_epoch=0, offset=2, timestamp=1745363372750, timestamp_type=0, key=None, value={'symbol': 'MSFT', 'timestamp': 1745363372.7506204, 'data': {'Information': 'We have detected your API key as 02LUMITX3ON1TILA and our standard API rate limit is 25 requests per day. Please subscribe to any of the premium plans at https://www.alphavantage.co/premium/ to instantly remove all daily rate limits.'}}, headers=[], checksum=None, serialized_key_size=-1, serialized_value_size=313, serialized_header_size=-1)
[2025-04-22T23:21:03.754+0000] {subprocess.py:93} INFO - INFO:__main__:Appended message to /opt/airflow/includes/local warehose/bronze/stock-prices.jsonl
[2025-04-22T23:21:03.755+0000] {subprocess.py:93} INFO - INFO:__main__:Received message: ConsumerRecord(topic='stock-prices', partition=0, leader_epoch=0, offset=3, timestamp=1745363385261, timestamp_type=0, key=None, value={'symbol': 'TSLA', 'timestamp': 1745363385.2616806, 'data': {'Information': 'We have detected your API key as 02LUMITX3ON1TILA and our standard API rate limit is 25 requests per day. Please subscribe to any of the premium plans at https://www.alphavantage.co/premium/ to instantly remove all daily rate limits.'}}, headers=[], checksum=None, serialized_key_size=-1, serialized_value_size=313, serialized_header_size=-1)
[2025-04-22T23:21:03.755+0000] {subprocess.py:93} INFO - INFO:__main__:Appended message to /opt/airflow/includes/local warehose/bronze/stock-prices.jsonl
[2025-04-22T23:21:03.756+0000] {subprocess.py:93} INFO - INFO:__main__:Received message: ConsumerRecord(topic='stock-prices', partition=0, leader_epoch=0, offset=4, timestamp=1745363427485, timestamp_type=0, key=None, value={'symbol': 'IBM', 'timestamp': 1745363427.4809585, 'data': {'Information': 'We have detected your API key as 02LUMITX3ON1TILA and our standard API rate limit is 25 requests per day. Please subscribe to any of the premium plans at https://www.alphavantage.co/premium/ to instantly remove all daily rate limits.'}}, headers=[], checksum=None, serialized_key_size=-1, serialized_value_size=312, serialized_header_size=-1)
[2025-04-22T23:21:03.756+0000] {subprocess.py:93} INFO - INFO:__main__:Appended message to /opt/airflow/includes/local warehose/bronze/stock-prices.jsonl
[2025-04-22T23:21:03.757+0000] {subprocess.py:93} INFO - INFO:__main__:Received message: ConsumerRecord(topic='stock-prices', partition=0, leader_epoch=0, offset=5, timestamp=1745363440000, timestamp_type=0, key=None, value={'symbol': 'AAPL', 'timestamp': 1745363440.0003579, 'data': {'Information': 'We have detected your API key as 02LUMITX3ON1TILA and our standard API rate limit is 25 requests per day. Please subscribe to any of the premium plans at https://www.alphavantage.co/premium/ to instantly remove all daily rate limits.'}}, headers=[], checksum=None, serialized_key_size=-1, serialized_value_size=313, serialized_header_size=-1)
[2025-04-22T23:21:03.757+0000] {subprocess.py:93} INFO - INFO:__main__:Appended message to /opt/airflow/includes/local warehose/bronze/stock-prices.jsonl
[2025-04-22T23:21:03.758+0000] {subprocess.py:93} INFO - INFO:__main__:Received message: ConsumerRecord(topic='stock-prices', partition=0, leader_epoch=0, offset=6, timestamp=1745363452519, timestamp_type=0, key=None, value={'symbol': 'MSFT', 'timestamp': 1745363452.5197644, 'data': {'Information': 'We have detected your API key as 02LUMITX3ON1TILA and our standard API rate limit is 25 requests per day. Please subscribe to any of the premium plans at https://www.alphavantage.co/premium/ to instantly remove all daily rate limits.'}}, headers=[], checksum=None, serialized_key_size=-1, serialized_value_size=313, serialized_header_size=-1)
[2025-04-22T23:21:03.759+0000] {subprocess.py:93} INFO - INFO:__main__:Appended message to /opt/airflow/includes/local warehose/bronze/stock-prices.jsonl
[2025-04-22T23:21:03.759+0000] {subprocess.py:93} INFO - INFO:__main__:Received message: ConsumerRecord(topic='stock-prices', partition=0, leader_epoch=0, offset=7, timestamp=1745363465017, timestamp_type=0, key=None, value={'symbol': 'TSLA', 'timestamp': 1745363465.0176675, 'data': {'Information': 'We have detected your API key as 02LUMITX3ON1TILA and our standard API rate limit is 25 requests per day. Please subscribe to any of the premium plans at https://www.alphavantage.co/premium/ to instantly remove all daily rate limits.'}}, headers=[], checksum=None, serialized_key_size=-1, serialized_value_size=313, serialized_header_size=-1)
[2025-04-22T23:21:03.759+0000] {subprocess.py:93} INFO - INFO:__main__:Appended message to /opt/airflow/includes/local warehose/bronze/stock-prices.jsonl
[2025-04-22T23:21:03.760+0000] {subprocess.py:93} INFO - INFO:__main__:Received message: ConsumerRecord(topic='stock-prices', partition=0, leader_epoch=0, offset=8, timestamp=1745364005748, timestamp_type=0, key=None, value={'symbol': 'IBM', 'timestamp': 1745364005.744511, 'data': {'Information': 'We have detected your API key as 02LUMITX3ON1TILA and our standard API rate limit is 25 requests per day. Please subscribe to any of the premium plans at https://www.alphavantage.co/premium/ to instantly remove all daily rate limits.'}}, headers=[], checksum=None, serialized_key_size=-1, serialized_value_size=311, serialized_header_size=-1)
[2025-04-22T23:21:03.761+0000] {subprocess.py:93} INFO - INFO:__main__:Appended message to /opt/airflow/includes/local warehose/bronze/stock-prices.jsonl
[2025-04-22T23:21:03.761+0000] {subprocess.py:93} INFO - INFO:__main__:Received message: ConsumerRecord(topic='stock-prices', partition=0, leader_epoch=0, offset=9, timestamp=1745364018260, timestamp_type=0, key=None, value={'symbol': 'AAPL', 'timestamp': 1745364018.2606099, 'data': {'Information': 'We have detected your API key as 02LUMITX3ON1TILA and our standard API rate limit is 25 requests per day. Please subscribe to any of the premium plans at https://www.alphavantage.co/premium/ to instantly remove all daily rate limits.'}}, headers=[], checksum=None, serialized_key_size=-1, serialized_value_size=313, serialized_header_size=-1)
[2025-04-22T23:21:03.762+0000] {subprocess.py:93} INFO - INFO:__main__:Appended message to /opt/airflow/includes/local warehose/bronze/stock-prices.jsonl
[2025-04-22T23:21:03.762+0000] {subprocess.py:93} INFO - INFO:__main__:Received message: ConsumerRecord(topic='stock-prices', partition=0, leader_epoch=0, offset=10, timestamp=1745364030784, timestamp_type=0, key=None, value={'symbol': 'MSFT', 'timestamp': 1745364030.7839754, 'data': {'Information': 'We have detected your API key as 02LUMITX3ON1TILA and our standard API rate limit is 25 requests per day. Please subscribe to any of the premium plans at https://www.alphavantage.co/premium/ to instantly remove all daily rate limits.'}}, headers=[], checksum=None, serialized_key_size=-1, serialized_value_size=313, serialized_header_size=-1)
[2025-04-22T23:21:03.762+0000] {subprocess.py:93} INFO - INFO:__main__:Appended message to /opt/airflow/includes/local warehose/bronze/stock-prices.jsonl
[2025-04-22T23:21:03.763+0000] {subprocess.py:93} INFO - INFO:__main__:Received message: ConsumerRecord(topic='stock-prices', partition=0, leader_epoch=0, offset=11, timestamp=1745364043334, timestamp_type=0, key=None, value={'symbol': 'TSLA', 'timestamp': 1745364043.334678, 'data': {'Information': 'We have detected your API key as 02LUMITX3ON1TILA and our standard API rate limit is 25 requests per day. Please subscribe to any of the premium plans at https://www.alphavantage.co/premium/ to instantly remove all daily rate limits.'}}, headers=[], checksum=None, serialized_key_size=-1, serialized_value_size=312, serialized_header_size=-1)
[2025-04-22T23:21:03.763+0000] {subprocess.py:93} INFO - INFO:__main__:Appended message to /opt/airflow/includes/local warehose/bronze/stock-prices.jsonl
[2025-04-22T23:21:08.757+0000] {subprocess.py:93} INFO - INFO:__main__:No messages received (#1)...
[2025-04-22T23:21:13.758+0000] {subprocess.py:93} INFO - INFO:__main__:No messages received (#2)...
[2025-04-22T23:21:18.759+0000] {subprocess.py:93} INFO - INFO:__main__:No messages received (#3)...
[2025-04-22T23:21:18.819+0000] {subprocess.py:93} INFO - INFO:kafka.coordinator:Stopping heartbeat thread
[2025-04-22T23:21:18.874+0000] {subprocess.py:97} INFO - Command exited with return code 0
[2025-04-22T23:21:18.875+0000] {taskinstance.py:441} INFO - ::group::Post task execution logs
[2025-04-22T23:21:18.890+0000] {taskinstance.py:1206} INFO - Marking task as SUCCESS. dag_id=stock_kafka_pipeline, task_id=Kafka_Consumer, run_id=scheduled__2025-04-22T23:10:00+00:00, execution_date=20250422T231000, start_date=20250422T232059, end_date=20250422T232118
[2025-04-22T23:21:18.941+0000] {local_task_job_runner.py:240} INFO - Task exited with return code 0
[2025-04-22T23:21:18.953+0000] {taskinstance.py:3503} INFO - 1 downstream tasks scheduled from follow-on schedule check
[2025-04-22T23:21:18.956+0000] {local_task_job_runner.py:222} INFO - ::endgroup::
