[2025-04-25T11:42:47.714+0000] {local_task_job_runner.py:120} INFO - ::group::Pre task execution logs
[2025-04-25T11:42:47.741+0000] {taskinstance.py:2076} INFO - Dependencies all met for dep_context=non-requeueable deps ti=<TaskInstance: stock_kafka_pipeline.upload_to_hdfs manual__2025-04-25T11:39:48.568381+00:00 [queued]>
[2025-04-25T11:42:47.748+0000] {taskinstance.py:2076} INFO - Dependencies all met for dep_context=requeueable deps ti=<TaskInstance: stock_kafka_pipeline.upload_to_hdfs manual__2025-04-25T11:39:48.568381+00:00 [queued]>
[2025-04-25T11:42:47.748+0000] {taskinstance.py:2306} INFO - Starting attempt 1 of 2
[2025-04-25T11:42:47.762+0000] {taskinstance.py:2330} INFO - Executing <Task(BashOperator): upload_to_hdfs> on 2025-04-25 11:39:48.568381+00:00
[2025-04-25T11:42:47.770+0000] {standard_task_runner.py:63} INFO - Started process 881 to run task
[2025-04-25T11:42:47.772+0000] {standard_task_runner.py:90} INFO - Running: ['airflow', 'tasks', 'run', 'stock_kafka_pipeline', 'upload_to_hdfs', 'manual__2025-04-25T11:39:48.568381+00:00', '--job-id', '410', '--raw', '--subdir', 'DAGS_FOLDER/test.py', '--cfg-path', '/tmp/tmpfb1p3hg1']
[2025-04-25T11:42:47.774+0000] {standard_task_runner.py:91} INFO - Job 410: Subtask upload_to_hdfs
[2025-04-25T11:42:47.808+0000] {task_command.py:426} INFO - Running <TaskInstance: stock_kafka_pipeline.upload_to_hdfs manual__2025-04-25T11:39:48.568381+00:00 [running]> on host f4170a5e6dc6
[2025-04-25T11:42:47.867+0000] {taskinstance.py:2648} INFO - Exporting env vars: AIRFLOW_CTX_DAG_OWNER='airflow' AIRFLOW_CTX_DAG_ID='stock_kafka_pipeline' AIRFLOW_CTX_TASK_ID='upload_to_hdfs' AIRFLOW_CTX_EXECUTION_DATE='2025-04-25T11:39:48.568381+00:00' AIRFLOW_CTX_TRY_NUMBER='1' AIRFLOW_CTX_DAG_RUN_ID='manual__2025-04-25T11:39:48.568381+00:00'
[2025-04-25T11:42:47.868+0000] {taskinstance.py:430} INFO - ::endgroup::
[2025-04-25T11:42:47.878+0000] {subprocess.py:63} INFO - Tmp dir root location: /tmp
[2025-04-25T11:42:47.879+0000] {subprocess.py:75} INFO - Running command: ['/usr/bin/bash', '-c', 'python3 /opt/airflow/Scripts/upload_to_hdfs.py']
[2025-04-25T11:42:47.891+0000] {subprocess.py:86} INFO - Output:
[2025-04-25T11:42:48.543+0000] {subprocess.py:97} INFO - Command exited with return code 0
[2025-04-25T11:42:48.544+0000] {taskinstance.py:441} INFO - ::group::Post task execution logs
[2025-04-25T11:42:48.570+0000] {taskinstance.py:1206} INFO - Marking task as SUCCESS. dag_id=stock_kafka_pipeline, task_id=upload_to_hdfs, run_id=manual__2025-04-25T11:39:48.568381+00:00, execution_date=20250425T113948, start_date=20250425T114247, end_date=20250425T114248
[2025-04-25T11:42:48.626+0000] {local_task_job_runner.py:240} INFO - Task exited with return code 0
[2025-04-25T11:42:48.642+0000] {taskinstance.py:3503} INFO - 1 downstream tasks scheduled from follow-on schedule check
[2025-04-25T11:42:48.645+0000] {local_task_job_runner.py:222} INFO - ::endgroup::
