[2025-04-22T20:17:56.396+0000] {local_task_job_runner.py:120} INFO - ::group::Pre task execution logs
[2025-04-22T20:17:56.423+0000] {taskinstance.py:2076} INFO - Dependencies all met for dep_context=non-requeueable deps ti=<TaskInstance: stock_kafka_pipeline.Kafka_Consumer manual__2025-04-22T20:14:42.861087+00:00 [queued]>
[2025-04-22T20:17:56.429+0000] {taskinstance.py:2076} INFO - Dependencies all met for dep_context=requeueable deps ti=<TaskInstance: stock_kafka_pipeline.Kafka_Consumer manual__2025-04-22T20:14:42.861087+00:00 [queued]>
[2025-04-22T20:17:56.429+0000] {taskinstance.py:2306} INFO - Starting attempt 3 of 4
[2025-04-22T20:17:56.442+0000] {taskinstance.py:2330} INFO - Executing <Task(BashOperator): Kafka_Consumer> on 2025-04-22 20:14:42.861087+00:00
[2025-04-22T20:17:56.447+0000] {standard_task_runner.py:63} INFO - Started process 327 to run task
[2025-04-22T20:17:56.449+0000] {standard_task_runner.py:90} INFO - Running: ['airflow', 'tasks', 'run', 'stock_kafka_pipeline', 'Kafka_Consumer', 'manual__2025-04-22T20:14:42.861087+00:00', '--job-id', '138', '--raw', '--subdir', 'DAGS_FOLDER/stock_kafka_pipeline.py', '--cfg-path', '/tmp/tmph5upv9g_']
[2025-04-22T20:17:56.451+0000] {standard_task_runner.py:91} INFO - Job 138: Subtask Kafka_Consumer
[2025-04-22T20:17:56.481+0000] {task_command.py:426} INFO - Running <TaskInstance: stock_kafka_pipeline.Kafka_Consumer manual__2025-04-22T20:14:42.861087+00:00 [running]> on host b667aa68beae
[2025-04-22T20:17:56.547+0000] {taskinstance.py:2648} INFO - Exporting env vars: AIRFLOW_CTX_DAG_OWNER='airflow' AIRFLOW_CTX_DAG_ID='stock_kafka_pipeline' AIRFLOW_CTX_TASK_ID='Kafka_Consumer' AIRFLOW_CTX_EXECUTION_DATE='2025-04-22T20:14:42.861087+00:00' AIRFLOW_CTX_TRY_NUMBER='3' AIRFLOW_CTX_DAG_RUN_ID='manual__2025-04-22T20:14:42.861087+00:00'
[2025-04-22T20:17:56.548+0000] {taskinstance.py:430} INFO - ::endgroup::
[2025-04-22T20:17:56.565+0000] {subprocess.py:63} INFO - Tmp dir root location: /tmp
[2025-04-22T20:17:56.565+0000] {subprocess.py:75} INFO - Running command: ['/usr/bin/bash', '-c', 'python3 /opt/airflow/Scripts/load_to_bronze.py']
[2025-04-22T20:17:56.577+0000] {subprocess.py:86} INFO - Output:
[2025-04-22T20:17:56.652+0000] {subprocess.py:93} INFO - Traceback (most recent call last):
[2025-04-22T20:17:56.652+0000] {subprocess.py:93} INFO -   File "/opt/airflow/Scripts/load_to_bronze.py", line 1, in <module>
[2025-04-22T20:17:56.653+0000] {subprocess.py:93} INFO -     import findspark
[2025-04-22T20:17:56.653+0000] {subprocess.py:93} INFO - ModuleNotFoundError: No module named 'findspark'
[2025-04-22T20:17:56.657+0000] {subprocess.py:97} INFO - Command exited with return code 1
[2025-04-22T20:17:56.658+0000] {taskinstance.py:441} INFO - ::group::Post task execution logs
[2025-04-22T20:17:56.665+0000] {taskinstance.py:2905} ERROR - Task failed with exception
Traceback (most recent call last):
  File "/home/airflow/.local/lib/python3.12/site-packages/airflow/models/taskinstance.py", line 465, in _execute_task
    result = _execute_callable(context=context, **execute_callable_kwargs)
             ^^^^^^^^^^^^^^^^^^^^^^^^^^^^^^^^^^^^^^^^^^^^^^^^^^^^^^^^^^^^^
  File "/home/airflow/.local/lib/python3.12/site-packages/airflow/models/taskinstance.py", line 432, in _execute_callable
    return execute_callable(context=context, **execute_callable_kwargs)
           ^^^^^^^^^^^^^^^^^^^^^^^^^^^^^^^^^^^^^^^^^^^^^^^^^^^^^^^^^^^^
  File "/home/airflow/.local/lib/python3.12/site-packages/airflow/models/baseoperator.py", line 401, in wrapper
    return func(self, *args, **kwargs)
           ^^^^^^^^^^^^^^^^^^^^^^^^^^^
  File "/home/airflow/.local/lib/python3.12/site-packages/airflow/operators/bash.py", line 243, in execute
    raise AirflowException(
airflow.exceptions.AirflowException: Bash command failed. The command returned a non-zero exit code 1.
[2025-04-22T20:17:56.669+0000] {taskinstance.py:1206} INFO - Marking task as UP_FOR_RETRY. dag_id=stock_kafka_pipeline, task_id=Kafka_Consumer, run_id=manual__2025-04-22T20:14:42.861087+00:00, execution_date=20250422T201442, start_date=20250422T201756, end_date=20250422T201756
[2025-04-22T20:17:56.679+0000] {standard_task_runner.py:110} ERROR - Failed to execute job 138 for task Kafka_Consumer (Bash command failed. The command returned a non-zero exit code 1.; 327)
[2025-04-22T20:17:56.701+0000] {local_task_job_runner.py:240} INFO - Task exited with return code 1
[2025-04-22T20:17:56.733+0000] {taskinstance.py:3503} INFO - 0 downstream tasks scheduled from follow-on schedule check
[2025-04-22T20:17:56.734+0000] {local_task_job_runner.py:222} INFO - ::endgroup::
