[2025-04-25T11:30:57.803+0000] {local_task_job_runner.py:120} INFO - ::group::Pre task execution logs
[2025-04-25T11:30:57.829+0000] {taskinstance.py:2066} INFO - Dependencies not met for <TaskInstance: stock_kafka_pipeline.Kafka_Producer scheduled__2025-04-25T11:20:00+00:00 [up_for_retry]>, dependency 'Not In Retry Period' FAILED: Task is not ready for retry yet but will be retried automatically. Current date is 2025-04-25T11:30:57.829881+00:00 and task will be retried at 2025-04-25T11:31:52.732458+00:00.
[2025-04-25T11:30:57.830+0000] {local_task_job_runner.py:163} INFO - Task is not able to be run
[2025-04-25T11:32:25.311+0000] {local_task_job_runner.py:120} INFO - ::group::Pre task execution logs
[2025-04-25T11:32:25.332+0000] {taskinstance.py:2076} INFO - Dependencies all met for dep_context=non-requeueable deps ti=<TaskInstance: stock_kafka_pipeline.Kafka_Producer scheduled__2025-04-25T11:20:00+00:00 [queued]>
[2025-04-25T11:32:25.338+0000] {taskinstance.py:2076} INFO - Dependencies all met for dep_context=requeueable deps ti=<TaskInstance: stock_kafka_pipeline.Kafka_Producer scheduled__2025-04-25T11:20:00+00:00 [queued]>
[2025-04-25T11:32:25.338+0000] {taskinstance.py:2306} INFO - Starting attempt 2 of 2
[2025-04-25T11:32:25.350+0000] {taskinstance.py:2330} INFO - Executing <Task(BashOperator): Kafka_Producer> on 2025-04-25 11:20:00+00:00
[2025-04-25T11:32:25.355+0000] {standard_task_runner.py:63} INFO - Started process 53 to run task
[2025-04-25T11:32:25.357+0000] {standard_task_runner.py:90} INFO - Running: ['airflow', 'tasks', 'run', 'stock_kafka_pipeline', 'Kafka_Producer', 'scheduled__2025-04-25T11:20:00+00:00', '--job-id', '397', '--raw', '--subdir', 'DAGS_FOLDER/test.py', '--cfg-path', '/tmp/tmpbdujngge']
[2025-04-25T11:32:25.358+0000] {standard_task_runner.py:91} INFO - Job 397: Subtask Kafka_Producer
[2025-04-25T11:32:25.388+0000] {task_command.py:426} INFO - Running <TaskInstance: stock_kafka_pipeline.Kafka_Producer scheduled__2025-04-25T11:20:00+00:00 [running]> on host f4170a5e6dc6
[2025-04-25T11:32:25.448+0000] {taskinstance.py:2648} INFO - Exporting env vars: AIRFLOW_CTX_DAG_OWNER='airflow' AIRFLOW_CTX_DAG_ID='stock_kafka_pipeline' AIRFLOW_CTX_TASK_ID='Kafka_Producer' AIRFLOW_CTX_EXECUTION_DATE='2025-04-25T11:20:00+00:00' AIRFLOW_CTX_TRY_NUMBER='2' AIRFLOW_CTX_DAG_RUN_ID='scheduled__2025-04-25T11:20:00+00:00'
[2025-04-25T11:32:25.449+0000] {taskinstance.py:430} INFO - ::endgroup::
[2025-04-25T11:32:25.472+0000] {subprocess.py:63} INFO - Tmp dir root location: /tmp
[2025-04-25T11:32:25.473+0000] {subprocess.py:75} INFO - Running command: ['/usr/bin/bash', '-c', 'python3 /opt/airflow/Scripts/alpha_vantage_producer.py']
[2025-04-25T11:32:25.482+0000] {subprocess.py:86} INFO - Output:
[2025-04-25T11:32:26.853+0000] {subprocess.py:93} INFO - WARNING:kafka.conn:DNS lookup failed for kafka:9092, exception was [Errno -3] Temporary failure in name resolution. Is your advertised.listeners (called advertised.host.name before Kafka 9) correct and resolvable?
[2025-04-25T11:32:26.853+0000] {subprocess.py:93} INFO - ERROR:kafka.conn:<BrokerConnection client_id=kafka-python-producer-1, node_id=bootstrap-0 host=kafka:9092 <connecting> [unspecified None]>: DNS lookup failed for kafka:9092 (0)
[2025-04-25T11:32:26.853+0000] {subprocess.py:93} INFO - ERROR:kafka.conn:<BrokerConnection client_id=kafka-python-producer-1, node_id=bootstrap-0 host=kafka:9092 <connecting> [unspecified None]>: Closing connection. KafkaConnectionError: DNS failure
[2025-04-25T11:32:26.853+0000] {subprocess.py:93} INFO - WARNING:kafka.client:No node available during check_version; sleeping 0.05 secs
[2025-04-25T11:32:26.900+0000] {subprocess.py:93} INFO - WARNING:kafka.conn:DNS lookup failed for kafka:9092, exception was [Errno -3] Temporary failure in name resolution. Is your advertised.listeners (called advertised.host.name before Kafka 9) correct and resolvable?
[2025-04-25T11:32:26.900+0000] {subprocess.py:93} INFO - ERROR:kafka.conn:<BrokerConnection client_id=kafka-python-producer-1, node_id=bootstrap-0 host=kafka:9092 <connecting> [unspecified None]>: DNS lookup failed for kafka:9092 (0)
[2025-04-25T11:32:26.901+0000] {subprocess.py:93} INFO - ERROR:kafka.conn:<BrokerConnection client_id=kafka-python-producer-1, node_id=bootstrap-0 host=kafka:9092 <connecting> [unspecified None]>: Closing connection. KafkaConnectionError: DNS failure
[2025-04-25T11:32:26.901+0000] {subprocess.py:93} INFO - WARNING:kafka.client:No node available during check_version; sleeping 0.12 secs
[2025-04-25T11:32:27.020+0000] {subprocess.py:93} INFO - WARNING:kafka.conn:DNS lookup failed for kafka:9092, exception was [Errno -3] Temporary failure in name resolution. Is your advertised.listeners (called advertised.host.name before Kafka 9) correct and resolvable?
[2025-04-25T11:32:27.020+0000] {subprocess.py:93} INFO - ERROR:kafka.conn:<BrokerConnection client_id=kafka-python-producer-1, node_id=bootstrap-0 host=kafka:9092 <connecting> [unspecified None]>: DNS lookup failed for kafka:9092 (0)
[2025-04-25T11:32:27.020+0000] {subprocess.py:93} INFO - ERROR:kafka.conn:<BrokerConnection client_id=kafka-python-producer-1, node_id=bootstrap-0 host=kafka:9092 <connecting> [unspecified None]>: Closing connection. KafkaConnectionError: DNS failure
[2025-04-25T11:32:27.021+0000] {subprocess.py:93} INFO - WARNING:kafka.client:No node available during check_version; sleeping 0.21 secs
[2025-04-25T11:32:27.237+0000] {subprocess.py:93} INFO - WARNING:kafka.conn:DNS lookup failed for kafka:9092, exception was [Errno -3] Temporary failure in name resolution. Is your advertised.listeners (called advertised.host.name before Kafka 9) correct and resolvable?
[2025-04-25T11:32:27.237+0000] {subprocess.py:93} INFO - ERROR:kafka.conn:<BrokerConnection client_id=kafka-python-producer-1, node_id=bootstrap-0 host=kafka:9092 <connecting> [unspecified None]>: DNS lookup failed for kafka:9092 (0)
[2025-04-25T11:32:27.237+0000] {subprocess.py:93} INFO - ERROR:kafka.conn:<BrokerConnection client_id=kafka-python-producer-1, node_id=bootstrap-0 host=kafka:9092 <connecting> [unspecified None]>: Closing connection. KafkaConnectionError: DNS failure
[2025-04-25T11:32:27.237+0000] {subprocess.py:93} INFO - WARNING:kafka.client:No node available during check_version; sleeping 0.48 secs
[2025-04-25T11:32:27.717+0000] {subprocess.py:93} INFO - WARNING:kafka.conn:DNS lookup failed for kafka:9092, exception was [Errno -3] Temporary failure in name resolution. Is your advertised.listeners (called advertised.host.name before Kafka 9) correct and resolvable?
[2025-04-25T11:32:27.717+0000] {subprocess.py:93} INFO - ERROR:kafka.conn:<BrokerConnection client_id=kafka-python-producer-1, node_id=bootstrap-0 host=kafka:9092 <connecting> [unspecified None]>: DNS lookup failed for kafka:9092 (0)
[2025-04-25T11:32:27.718+0000] {subprocess.py:93} INFO - ERROR:kafka.conn:<BrokerConnection client_id=kafka-python-producer-1, node_id=bootstrap-0 host=kafka:9092 <connecting> [unspecified None]>: Closing connection. KafkaConnectionError: DNS failure
[2025-04-25T11:32:27.718+0000] {subprocess.py:93} INFO - WARNING:kafka.client:No node available during check_version; sleeping 0.89 secs
[2025-04-25T11:32:28.613+0000] {subprocess.py:93} INFO - WARNING:kafka.conn:DNS lookup failed for kafka:9092, exception was [Errno -3] Temporary failure in name resolution. Is your advertised.listeners (called advertised.host.name before Kafka 9) correct and resolvable?
[2025-04-25T11:32:28.614+0000] {subprocess.py:93} INFO - ERROR:kafka.conn:<BrokerConnection client_id=kafka-python-producer-1, node_id=bootstrap-0 host=kafka:9092 <connecting> [unspecified None]>: DNS lookup failed for kafka:9092 (0)
[2025-04-25T11:32:28.614+0000] {subprocess.py:93} INFO - ERROR:kafka.conn:<BrokerConnection client_id=kafka-python-producer-1, node_id=bootstrap-0 host=kafka:9092 <connecting> [unspecified None]>: Closing connection. KafkaConnectionError: DNS failure
[2025-04-25T11:32:28.614+0000] {subprocess.py:93} INFO - WARNING:kafka.client:No node available during check_version; sleeping 0.24 secs
[2025-04-25T11:32:28.851+0000] {subprocess.py:93} INFO - Traceback (most recent call last):
[2025-04-25T11:32:28.851+0000] {subprocess.py:93} INFO -   File "/opt/airflow/Scripts/alpha_vantage_producer.py", line 19, in <module>
[2025-04-25T11:32:28.851+0000] {subprocess.py:93} INFO -     producer = KafkaProducer(
[2025-04-25T11:32:28.852+0000] {subprocess.py:93} INFO -                ^^^^^^^^^^^^^^
[2025-04-25T11:32:28.852+0000] {subprocess.py:93} INFO -   File "/home/airflow/.local/lib/python3.12/site-packages/kafka/producer/kafka.py", line 408, in __init__
[2025-04-25T11:32:28.852+0000] {subprocess.py:93} INFO -     client = self.config['kafka_client'](
[2025-04-25T11:32:28.852+0000] {subprocess.py:93} INFO -              ^^^^^^^^^^^^^^^^^^^^^^^^^^^^
[2025-04-25T11:32:28.852+0000] {subprocess.py:93} INFO -   File "/home/airflow/.local/lib/python3.12/site-packages/kafka/client_async.py", line 262, in __init__
[2025-04-25T11:32:28.853+0000] {subprocess.py:93} INFO -     self.config['api_version'] = self.check_version()
[2025-04-25T11:32:28.853+0000] {subprocess.py:93} INFO -                                  ^^^^^^^^^^^^^^^^^^^^
[2025-04-25T11:32:28.853+0000] {subprocess.py:93} INFO -   File "/home/airflow/.local/lib/python3.12/site-packages/kafka/client_async.py", line 1073, in check_version
[2025-04-25T11:32:28.853+0000] {subprocess.py:93} INFO -     raise Errors.NoBrokersAvailable()
[2025-04-25T11:32:28.853+0000] {subprocess.py:93} INFO - kafka.errors.NoBrokersAvailable: NoBrokersAvailable
[2025-04-25T11:32:28.937+0000] {subprocess.py:97} INFO - Command exited with return code 1
[2025-04-25T11:32:28.938+0000] {taskinstance.py:441} INFO - ::group::Post task execution logs
[2025-04-25T11:32:28.946+0000] {taskinstance.py:2905} ERROR - Task failed with exception
Traceback (most recent call last):
  File "/home/airflow/.local/lib/python3.12/site-packages/airflow/models/taskinstance.py", line 465, in _execute_task
    result = _execute_callable(context=context, **execute_callable_kwargs)
             ^^^^^^^^^^^^^^^^^^^^^^^^^^^^^^^^^^^^^^^^^^^^^^^^^^^^^^^^^^^^^
  File "/home/airflow/.local/lib/python3.12/site-packages/airflow/models/taskinstance.py", line 432, in _execute_callable
    return execute_callable(context=context, **execute_callable_kwargs)
           ^^^^^^^^^^^^^^^^^^^^^^^^^^^^^^^^^^^^^^^^^^^^^^^^^^^^^^^^^^^^
  File "/home/airflow/.local/lib/python3.12/site-packages/airflow/models/baseoperator.py", line 401, in wrapper
    return func(self, *args, **kwargs)
           ^^^^^^^^^^^^^^^^^^^^^^^^^^^
  File "/home/airflow/.local/lib/python3.12/site-packages/airflow/operators/bash.py", line 243, in execute
    raise AirflowException(
airflow.exceptions.AirflowException: Bash command failed. The command returned a non-zero exit code 1.
[2025-04-25T11:32:28.951+0000] {taskinstance.py:1206} INFO - Marking task as FAILED. dag_id=stock_kafka_pipeline, task_id=Kafka_Producer, run_id=scheduled__2025-04-25T11:20:00+00:00, execution_date=20250425T112000, start_date=20250425T113225, end_date=20250425T113228
[2025-04-25T11:32:28.966+0000] {standard_task_runner.py:110} ERROR - Failed to execute job 397 for task Kafka_Producer (Bash command failed. The command returned a non-zero exit code 1.; 53)
[2025-04-25T11:32:28.982+0000] {local_task_job_runner.py:240} INFO - Task exited with return code 1
[2025-04-25T11:32:29.000+0000] {taskinstance.py:3503} INFO - 0 downstream tasks scheduled from follow-on schedule check
[2025-04-25T11:32:29.006+0000] {local_task_job_runner.py:222} INFO - ::endgroup::
