[2025-04-22T22:09:57.445+0000] {local_task_job_runner.py:120} INFO - ::group::Pre task execution logs
[2025-04-22T22:09:57.470+0000] {taskinstance.py:2076} INFO - Dependencies all met for dep_context=non-requeueable deps ti=<TaskInstance: stock_kafka_pipeline.Kafka_Consumer manual__2025-04-22T22:08:57.154245+00:00 [queued]>
[2025-04-22T22:09:57.475+0000] {taskinstance.py:2076} INFO - Dependencies all met for dep_context=requeueable deps ti=<TaskInstance: stock_kafka_pipeline.Kafka_Consumer manual__2025-04-22T22:08:57.154245+00:00 [queued]>
[2025-04-22T22:09:57.476+0000] {taskinstance.py:2306} INFO - Starting attempt 1 of 2
[2025-04-22T22:09:57.491+0000] {taskinstance.py:2330} INFO - Executing <Task(BashOperator): Kafka_Consumer> on 2025-04-22 22:08:57.154245+00:00
[2025-04-22T22:09:57.496+0000] {standard_task_runner.py:63} INFO - Started process 208 to run task
[2025-04-22T22:09:57.499+0000] {standard_task_runner.py:90} INFO - Running: ['airflow', 'tasks', 'run', 'stock_kafka_pipeline', 'Kafka_Consumer', 'manual__2025-04-22T22:08:57.154245+00:00', '--job-id', '145', '--raw', '--subdir', 'DAGS_FOLDER/stock_kafka_pipeline.py', '--cfg-path', '/tmp/tmpmeu67r_x']
[2025-04-22T22:09:57.501+0000] {standard_task_runner.py:91} INFO - Job 145: Subtask Kafka_Consumer
[2025-04-22T22:09:57.528+0000] {task_command.py:426} INFO - Running <TaskInstance: stock_kafka_pipeline.Kafka_Consumer manual__2025-04-22T22:08:57.154245+00:00 [running]> on host eb39fe307f49
[2025-04-22T22:09:57.596+0000] {taskinstance.py:2648} INFO - Exporting env vars: AIRFLOW_CTX_DAG_OWNER='airflow' AIRFLOW_CTX_DAG_ID='stock_kafka_pipeline' AIRFLOW_CTX_TASK_ID='Kafka_Consumer' AIRFLOW_CTX_EXECUTION_DATE='2025-04-22T22:08:57.154245+00:00' AIRFLOW_CTX_TRY_NUMBER='1' AIRFLOW_CTX_DAG_RUN_ID='manual__2025-04-22T22:08:57.154245+00:00'
[2025-04-22T22:09:57.597+0000] {taskinstance.py:430} INFO - ::endgroup::
[2025-04-22T22:09:57.608+0000] {subprocess.py:63} INFO - Tmp dir root location: /tmp
[2025-04-22T22:09:57.609+0000] {subprocess.py:75} INFO - Running command: ['/usr/bin/bash', '-c', 'python3 /opt/airflow/Scripts/load_to_bronze.py']
[2025-04-22T22:09:57.622+0000] {subprocess.py:86} INFO - Output:
[2025-04-22T22:09:58.416+0000] {subprocess.py:93} INFO - INFO:__main__:Cleared existing output file /opt/airflow/includes/local warehose/bronze/stock-prices.jsonl
[2025-04-22T22:09:58.423+0000] {subprocess.py:93} INFO - INFO:kafka.conn:<BrokerConnection client_id=kafka-python-2.1.5, node_id=bootstrap-0 host=kafka:9092 <connecting> [IPv4 ('172.21.0.7', 9092)]>: connecting to kafka:9092 [('172.21.0.7', 9092) IPv4]
[2025-04-22T22:09:58.426+0000] {subprocess.py:93} INFO - INFO:kafka.conn:<BrokerConnection client_id=kafka-python-2.1.5, node_id=bootstrap-0 host=kafka:9092 <checking_api_versions_recv> [IPv4 ('172.21.0.7', 9092)]>: Broker version identified as 2.6
[2025-04-22T22:09:58.426+0000] {subprocess.py:93} INFO - INFO:kafka.conn:<BrokerConnection client_id=kafka-python-2.1.5, node_id=bootstrap-0 host=kafka:9092 <connected> [IPv4 ('172.21.0.7', 9092)]>: Connection complete.
[2025-04-22T22:09:58.427+0000] {subprocess.py:93} INFO - INFO:kafka.consumer.subscription_state:Updating subscribed topics to: ('stock-prices',)
[2025-04-22T22:09:58.427+0000] {subprocess.py:93} INFO - INFO:__main__:Listening to Kafka topic 'stock-prices' and writing to /opt/airflow/includes/local warehose/bronze
[2025-04-22T22:09:58.431+0000] {subprocess.py:93} INFO - INFO:kafka.conn:<BrokerConnection client_id=kafka-python-2.1.5, node_id=1 host=kafka:9092 <connecting> [IPv4 ('172.21.0.7', 9092)]>: connecting to kafka:9092 [('172.21.0.7', 9092) IPv4]
[2025-04-22T22:09:58.431+0000] {subprocess.py:93} INFO - INFO:kafka.conn:<BrokerConnection client_id=kafka-python-2.1.5, node_id=1 host=kafka:9092 <connected> [IPv4 ('172.21.0.7', 9092)]>: Connection complete.
[2025-04-22T22:09:58.431+0000] {subprocess.py:93} INFO - INFO:kafka.conn:<BrokerConnection client_id=kafka-python-2.1.5, node_id=bootstrap-0 host=kafka:9092 <connected> [IPv4 ('172.21.0.7', 9092)]>: Closing connection.
[2025-04-22T22:09:58.533+0000] {subprocess.py:93} INFO - INFO:kafka.cluster:Group coordinator for stock-consumer-group is BrokerMetadata(nodeId='coordinator-1', host='kafka', port=9092, rack=None)
[2025-04-22T22:09:58.534+0000] {subprocess.py:93} INFO - INFO:kafka.coordinator:Discovered coordinator coordinator-1 for group stock-consumer-group
[2025-04-22T22:09:58.534+0000] {subprocess.py:93} INFO - INFO:kafka.coordinator:Starting new heartbeat thread
[2025-04-22T22:09:58.535+0000] {subprocess.py:93} INFO - INFO:kafka.coordinator.consumer:Revoking previously assigned partitions set() for group stock-consumer-group
[2025-04-22T22:09:58.535+0000] {subprocess.py:93} INFO - INFO:kafka.conn:<BrokerConnection client_id=kafka-python-2.1.5, node_id=coordinator-1 host=kafka:9092 <connecting> [IPv4 ('172.21.0.7', 9092)]>: connecting to kafka:9092 [('172.21.0.7', 9092) IPv4]
[2025-04-22T22:09:58.536+0000] {subprocess.py:93} INFO - INFO:kafka.conn:<BrokerConnection client_id=kafka-python-2.1.5, node_id=coordinator-1 host=kafka:9092 <connected> [IPv4 ('172.21.0.7', 9092)]>: Connection complete.
[2025-04-22T22:09:58.636+0000] {subprocess.py:93} INFO - INFO:kafka.coordinator:(Re-)joining group stock-consumer-group
[2025-04-22T22:10:01.641+0000] {subprocess.py:93} INFO - INFO:kafka.coordinator:Elected group leader -- performing partition assignments using range
[2025-04-22T22:10:01.646+0000] {subprocess.py:93} INFO - INFO:kafka.coordinator:Successfully joined group stock-consumer-group with generation 3
[2025-04-22T22:10:01.647+0000] {subprocess.py:93} INFO - INFO:kafka.consumer.subscription_state:Updated partition assignment: [TopicPartition(topic='stock-prices', partition=0)]
[2025-04-22T22:10:01.647+0000] {subprocess.py:93} INFO - INFO:kafka.coordinator.consumer:Setting newly assigned partitions {TopicPartition(topic='stock-prices', partition=0)} for group stock-consumer-group
[2025-04-22T22:10:01.655+0000] {subprocess.py:93} INFO - INFO:__main__:Received message: ConsumerRecord(topic='stock-prices', partition=0, leader_epoch=0, offset=0, timestamp=1745359371245, timestamp_type=0, key=None, value={'symbol': 'IBM', 'timestamp': 1745359370.7126608, 'data': {'Information': 'We have detected your API key as 02LUMITX3ON1TILA and our standard API rate limit is 25 requests per day. Please subscribe to any of the premium plans at https://www.alphavantage.co/premium/ to instantly remove all daily rate limits.'}}, headers=[], checksum=None, serialized_key_size=-1, serialized_value_size=312, serialized_header_size=-1)
[2025-04-22T22:10:01.655+0000] {subprocess.py:93} INFO - INFO:__main__:Appended message to /opt/airflow/includes/local warehose/bronze/stock-prices.jsonl
[2025-04-22T22:10:01.655+0000] {subprocess.py:93} INFO - INFO:__main__:Received message: ConsumerRecord(topic='stock-prices', partition=0, leader_epoch=0, offset=1, timestamp=1745359383844, timestamp_type=0, key=None, value={'symbol': 'AAPL', 'timestamp': 1745359383.844502, 'data': {'Information': 'We have detected your API key as 02LUMITX3ON1TILA and our standard API rate limit is 25 requests per day. Please subscribe to any of the premium plans at https://www.alphavantage.co/premium/ to instantly remove all daily rate limits.'}}, headers=[], checksum=None, serialized_key_size=-1, serialized_value_size=312, serialized_header_size=-1)
[2025-04-22T22:10:01.656+0000] {subprocess.py:93} INFO - INFO:__main__:Appended message to /opt/airflow/includes/local warehose/bronze/stock-prices.jsonl
[2025-04-22T22:10:01.656+0000] {subprocess.py:93} INFO - INFO:__main__:Received message: ConsumerRecord(topic='stock-prices', partition=0, leader_epoch=0, offset=2, timestamp=1745359397949, timestamp_type=0, key=None, value={'symbol': 'MSFT', 'timestamp': 1745359397.9492047, 'data': {'Information': 'We have detected your API key as 02LUMITX3ON1TILA and our standard API rate limit is 25 requests per day. Please subscribe to any of the premium plans at https://www.alphavantage.co/premium/ to instantly remove all daily rate limits.'}}, headers=[], checksum=None, serialized_key_size=-1, serialized_value_size=313, serialized_header_size=-1)
[2025-04-22T22:10:01.656+0000] {subprocess.py:93} INFO - INFO:__main__:Appended message to /opt/airflow/includes/local warehose/bronze/stock-prices.jsonl
[2025-04-22T22:10:01.657+0000] {subprocess.py:93} INFO - INFO:__main__:Received message: ConsumerRecord(topic='stock-prices', partition=0, leader_epoch=0, offset=3, timestamp=1745359411254, timestamp_type=0, key=None, value={'symbol': 'TSLA', 'timestamp': 1745359411.2544029, 'data': {'Information': 'We have detected your API key as 02LUMITX3ON1TILA and our standard API rate limit is 25 requests per day. Please subscribe to any of the premium plans at https://www.alphavantage.co/premium/ to instantly remove all daily rate limits.'}}, headers=[], checksum=None, serialized_key_size=-1, serialized_value_size=313, serialized_header_size=-1)
[2025-04-22T22:10:01.657+0000] {subprocess.py:93} INFO - INFO:__main__:Appended message to /opt/airflow/includes/local warehose/bronze/stock-prices.jsonl
[2025-04-22T22:10:01.657+0000] {subprocess.py:93} INFO - INFO:__main__:Received message: ConsumerRecord(topic='stock-prices', partition=0, leader_epoch=0, offset=4, timestamp=1745359743357, timestamp_type=0, key=None, value={'symbol': 'IBM', 'timestamp': 1745359743.3530416, 'data': {'Information': 'We have detected your API key as 02LUMITX3ON1TILA and our standard API rate limit is 25 requests per day. Please subscribe to any of the premium plans at https://www.alphavantage.co/premium/ to instantly remove all daily rate limits.'}}, headers=[], checksum=None, serialized_key_size=-1, serialized_value_size=312, serialized_header_size=-1)
[2025-04-22T22:10:01.658+0000] {subprocess.py:93} INFO - INFO:__main__:Appended message to /opt/airflow/includes/local warehose/bronze/stock-prices.jsonl
[2025-04-22T22:10:01.658+0000] {subprocess.py:93} INFO - INFO:__main__:Received message: ConsumerRecord(topic='stock-prices', partition=0, leader_epoch=0, offset=5, timestamp=1745359755859, timestamp_type=0, key=None, value={'symbol': 'AAPL', 'timestamp': 1745359755.859356, 'data': {'Information': 'We have detected your API key as 02LUMITX3ON1TILA and our standard API rate limit is 25 requests per day. Please subscribe to any of the premium plans at https://www.alphavantage.co/premium/ to instantly remove all daily rate limits.'}}, headers=[], checksum=None, serialized_key_size=-1, serialized_value_size=312, serialized_header_size=-1)
[2025-04-22T22:10:01.658+0000] {subprocess.py:93} INFO - INFO:__main__:Appended message to /opt/airflow/includes/local warehose/bronze/stock-prices.jsonl
[2025-04-22T22:10:01.658+0000] {subprocess.py:93} INFO - INFO:__main__:Received message: ConsumerRecord(topic='stock-prices', partition=0, leader_epoch=0, offset=6, timestamp=1745359768454, timestamp_type=0, key=None, value={'symbol': 'MSFT', 'timestamp': 1745359768.453787, 'data': {'Information': 'We have detected your API key as 02LUMITX3ON1TILA and our standard API rate limit is 25 requests per day. Please subscribe to any of the premium plans at https://www.alphavantage.co/premium/ to instantly remove all daily rate limits.'}}, headers=[], checksum=None, serialized_key_size=-1, serialized_value_size=312, serialized_header_size=-1)
[2025-04-22T22:10:01.659+0000] {subprocess.py:93} INFO - INFO:__main__:Appended message to /opt/airflow/includes/local warehose/bronze/stock-prices.jsonl
[2025-04-22T22:10:01.659+0000] {subprocess.py:93} INFO - INFO:__main__:Received message: ConsumerRecord(topic='stock-prices', partition=0, leader_epoch=0, offset=7, timestamp=1745359780980, timestamp_type=0, key=None, value={'symbol': 'TSLA', 'timestamp': 1745359780.9800103, 'data': {'Information': 'We have detected your API key as 02LUMITX3ON1TILA and our standard API rate limit is 25 requests per day. Please subscribe to any of the premium plans at https://www.alphavantage.co/premium/ to instantly remove all daily rate limits.'}}, headers=[], checksum=None, serialized_key_size=-1, serialized_value_size=313, serialized_header_size=-1)
[2025-04-22T22:10:01.659+0000] {subprocess.py:93} INFO - INFO:__main__:Appended message to /opt/airflow/includes/local warehose/bronze/stock-prices.jsonl
[2025-04-22T22:10:06.659+0000] {subprocess.py:93} INFO - INFO:__main__:No messages received (#1)...
[2025-04-22T22:10:11.660+0000] {subprocess.py:93} INFO - INFO:__main__:No messages received (#2)...
[2025-04-22T22:10:16.661+0000] {subprocess.py:93} INFO - INFO:__main__:No messages received (#3)...
[2025-04-22T22:10:16.696+0000] {subprocess.py:93} INFO - INFO:kafka.coordinator:Stopping heartbeat thread
[2025-04-22T22:10:16.730+0000] {subprocess.py:97} INFO - Command exited with return code 0
[2025-04-22T22:10:16.731+0000] {taskinstance.py:441} INFO - ::group::Post task execution logs
[2025-04-22T22:10:16.751+0000] {taskinstance.py:1206} INFO - Marking task as SUCCESS. dag_id=stock_kafka_pipeline, task_id=Kafka_Consumer, run_id=manual__2025-04-22T22:08:57.154245+00:00, execution_date=20250422T220857, start_date=20250422T220957, end_date=20250422T221016
[2025-04-22T22:10:16.784+0000] {local_task_job_runner.py:240} INFO - Task exited with return code 0
[2025-04-22T22:10:16.797+0000] {taskinstance.py:3503} INFO - 1 downstream tasks scheduled from follow-on schedule check
[2025-04-22T22:10:16.802+0000] {local_task_job_runner.py:222} INFO - ::endgroup::
