[2025-04-22T13:13:57.969+0000] {local_task_job_runner.py:120} INFO - ::group::Pre task execution logs
[2025-04-22T13:13:57.996+0000] {taskinstance.py:2076} INFO - Dependencies all met for dep_context=non-requeueable deps ti=<TaskInstance: stock_kafka_pipeline.Kafka_Producer manual__2025-04-22T13:13:53.759258+00:00 [queued]>
[2025-04-22T13:13:58.003+0000] {taskinstance.py:2076} INFO - Dependencies all met for dep_context=requeueable deps ti=<TaskInstance: stock_kafka_pipeline.Kafka_Producer manual__2025-04-22T13:13:53.759258+00:00 [queued]>
[2025-04-22T13:13:58.004+0000] {taskinstance.py:2306} INFO - Starting attempt 1 of 2
[2025-04-22T13:13:58.018+0000] {taskinstance.py:2330} INFO - Executing <Task(BashOperator): Kafka_Producer> on 2025-04-22 13:13:53.759258+00:00
[2025-04-22T13:13:58.024+0000] {standard_task_runner.py:63} INFO - Started process 67 to run task
[2025-04-22T13:13:58.026+0000] {standard_task_runner.py:90} INFO - Running: ['airflow', 'tasks', 'run', 'stock_kafka_pipeline', 'Kafka_Producer', 'manual__2025-04-22T13:13:53.759258+00:00', '--job-id', '25', '--raw', '--subdir', 'DAGS_FOLDER/stock_kafka_pipeline.py', '--cfg-path', '/tmp/tmp5ho12_d2']
[2025-04-22T13:13:58.027+0000] {standard_task_runner.py:91} INFO - Job 25: Subtask Kafka_Producer
[2025-04-22T13:13:58.059+0000] {task_command.py:426} INFO - Running <TaskInstance: stock_kafka_pipeline.Kafka_Producer manual__2025-04-22T13:13:53.759258+00:00 [running]> on host c25f8f7dc196
[2025-04-22T13:13:58.133+0000] {taskinstance.py:2648} INFO - Exporting env vars: AIRFLOW_CTX_DAG_OWNER='airflow' AIRFLOW_CTX_DAG_ID='stock_kafka_pipeline' AIRFLOW_CTX_TASK_ID='Kafka_Producer' AIRFLOW_CTX_EXECUTION_DATE='2025-04-22T13:13:53.759258+00:00' AIRFLOW_CTX_TRY_NUMBER='1' AIRFLOW_CTX_DAG_RUN_ID='manual__2025-04-22T13:13:53.759258+00:00'
[2025-04-22T13:13:58.134+0000] {taskinstance.py:430} INFO - ::endgroup::
[2025-04-22T13:13:58.175+0000] {subprocess.py:63} INFO - Tmp dir root location: /tmp
[2025-04-22T13:13:58.176+0000] {subprocess.py:75} INFO - Running command: ['/usr/bin/bash', '-c', 'python3 /opt/airflow/Scripts/alpha_vantage_producer.py']
[2025-04-22T13:13:58.188+0000] {subprocess.py:86} INFO - Output:
[2025-04-22T13:15:38.849+0000] {local_task_job_runner.py:310} WARNING - State of this instance has been externally set to success. Terminating instance.
[2025-04-22T13:15:38.849+0000] {local_task_job_runner.py:222} INFO - ::endgroup::
[2025-04-22T13:15:38.850+0000] {process_utils.py:132} INFO - Sending 15 to group 67. PIDs of all processes in the group: [68, 67]
[2025-04-22T13:15:38.850+0000] {process_utils.py:87} INFO - Sending the signal 15 to group 67
[2025-04-22T13:15:38.851+0000] {taskinstance.py:2611} ERROR - Received SIGTERM. Terminating subprocesses.
[2025-04-22T13:15:38.851+0000] {subprocess.py:104} INFO - Sending SIGTERM signal to process group
[2025-04-22T13:15:38.851+0000] {taskinstance.py:441} INFO - ::group::Post task execution logs
[2025-04-22T13:15:38.877+0000] {process_utils.py:80} INFO - Process psutil.Process(pid=67, status='terminated', exitcode=0, started='13:13:57') (67) terminated with exit code 0
[2025-04-22T13:15:38.878+0000] {process_utils.py:80} INFO - Process psutil.Process(pid=68, status='terminated', started='13:13:57') (68) terminated with exit code None
