[2025-04-22T19:20:04.064+0000] {local_task_job_runner.py:120} INFO - ::group::Pre task execution logs
[2025-04-22T19:20:04.085+0000] {taskinstance.py:2076} INFO - Dependencies all met for dep_context=non-requeueable deps ti=<TaskInstance: stock_kafka_pipeline.Kafka_Producer scheduled__2025-04-22T19:10:00+00:00 [queued]>
[2025-04-22T19:20:04.090+0000] {taskinstance.py:2076} INFO - Dependencies all met for dep_context=requeueable deps ti=<TaskInstance: stock_kafka_pipeline.Kafka_Producer scheduled__2025-04-22T19:10:00+00:00 [queued]>
[2025-04-22T19:20:04.090+0000] {taskinstance.py:2306} INFO - Starting attempt 1 of 2
[2025-04-22T19:20:04.101+0000] {taskinstance.py:2330} INFO - Executing <Task(BashOperator): Kafka_Producer> on 2025-04-22 19:10:00+00:00
[2025-04-22T19:20:04.107+0000] {standard_task_runner.py:63} INFO - Started process 628 to run task
[2025-04-22T19:20:04.109+0000] {standard_task_runner.py:90} INFO - Running: ['airflow', 'tasks', 'run', 'stock_kafka_pipeline', 'Kafka_Producer', 'scheduled__2025-04-22T19:10:00+00:00', '--job-id', '118', '--raw', '--subdir', 'DAGS_FOLDER/stock_kafka_pipeline.py', '--cfg-path', '/tmp/tmpxa86c13x']
[2025-04-22T19:20:04.110+0000] {standard_task_runner.py:91} INFO - Job 118: Subtask Kafka_Producer
[2025-04-22T19:20:04.136+0000] {task_command.py:426} INFO - Running <TaskInstance: stock_kafka_pipeline.Kafka_Producer scheduled__2025-04-22T19:10:00+00:00 [running]> on host 5a23ef60022c
[2025-04-22T19:20:04.196+0000] {taskinstance.py:2648} INFO - Exporting env vars: AIRFLOW_CTX_DAG_OWNER='airflow' AIRFLOW_CTX_DAG_ID='stock_kafka_pipeline' AIRFLOW_CTX_TASK_ID='Kafka_Producer' AIRFLOW_CTX_EXECUTION_DATE='2025-04-22T19:10:00+00:00' AIRFLOW_CTX_TRY_NUMBER='1' AIRFLOW_CTX_DAG_RUN_ID='scheduled__2025-04-22T19:10:00+00:00'
[2025-04-22T19:20:04.196+0000] {taskinstance.py:430} INFO - ::endgroup::
[2025-04-22T19:20:04.209+0000] {subprocess.py:63} INFO - Tmp dir root location: /tmp
[2025-04-22T19:20:04.210+0000] {subprocess.py:75} INFO - Running command: ['/usr/bin/bash', '-c', 'python3 /opt/airflow/Scripts/alpha_vantage_producer.py']
[2025-04-22T19:20:04.220+0000] {subprocess.py:86} INFO - Output:
[2025-04-22T19:20:04.892+0000] {subprocess.py:93} INFO - INFO:kafka.conn:<BrokerConnection client_id=kafka-python-producer-1, node_id=bootstrap-0 host=kafka:9092 <connecting> [IPv4 ('172.27.0.7', 9092)]>: connecting to kafka:9092 [('172.27.0.7', 9092) IPv4]
[2025-04-22T19:20:04.894+0000] {subprocess.py:93} INFO - INFO:kafka.conn:<BrokerConnection client_id=kafka-python-producer-1, node_id=bootstrap-0 host=kafka:9092 <checking_api_versions_recv> [IPv4 ('172.27.0.7', 9092)]>: Broker version identified as 2.6
[2025-04-22T19:20:04.894+0000] {subprocess.py:93} INFO - INFO:kafka.conn:<BrokerConnection client_id=kafka-python-producer-1, node_id=bootstrap-0 host=kafka:9092 <connected> [IPv4 ('172.27.0.7', 9092)]>: Connection complete.
[2025-04-22T19:20:04.895+0000] {subprocess.py:93} INFO - INFO:__main__:Alpha Vantage producer started for symbols: ['IBM', 'AAPL', 'MSFT', 'TSLA']
[2025-04-22T19:20:05.448+0000] {subprocess.py:93} INFO - INFO:kafka.conn:<BrokerConnection client_id=kafka-python-producer-1, node_id=1 host=kafka:9092 <connecting> [IPv4 ('172.27.0.7', 9092)]>: connecting to kafka:9092 [('172.27.0.7', 9092) IPv4]
[2025-04-22T19:20:05.449+0000] {subprocess.py:93} INFO - INFO:kafka.conn:<BrokerConnection client_id=kafka-python-producer-1, node_id=1 host=kafka:9092 <connected> [IPv4 ('172.27.0.7', 9092)]>: Connection complete.
[2025-04-22T19:20:05.449+0000] {subprocess.py:93} INFO - INFO:kafka.conn:<BrokerConnection client_id=kafka-python-producer-1, node_id=bootstrap-0 host=kafka:9092 <connected> [IPv4 ('172.27.0.7', 9092)]>: Closing connection.
[2025-04-22T19:20:05.452+0000] {subprocess.py:93} INFO - INFO:__main__:Published data for IBM to topic 'stock-prices'
[2025-04-22T19:20:17.781+0000] {subprocess.py:93} INFO - INFO:__main__:Published data for AAPL to topic 'stock-prices'
[2025-04-22T19:20:30.325+0000] {subprocess.py:93} INFO - INFO:__main__:Published data for MSFT to topic 'stock-prices'
[2025-04-22T19:20:40.939+0000] {local_task_job_runner.py:124} ERROR - Received SIGTERM. Terminating subprocesses
[2025-04-22T19:20:40.944+0000] {process_utils.py:132} INFO - Sending 15 to group 628. PIDs of all processes in the group: [629, 628]
[2025-04-22T19:20:40.945+0000] {process_utils.py:87} INFO - Sending the signal 15 to group 628
[2025-04-22T19:20:40.945+0000] {taskinstance.py:2611} ERROR - Received SIGTERM. Terminating subprocesses.
[2025-04-22T19:20:40.945+0000] {subprocess.py:104} INFO - Sending SIGTERM signal to process group
[2025-04-22T19:20:40.946+0000] {taskinstance.py:441} INFO - ::group::Post task execution logs
[2025-04-22T19:20:40.983+0000] {taskinstance.py:2905} ERROR - Task failed with exception
Traceback (most recent call last):
  File "/home/airflow/.local/lib/python3.12/site-packages/airflow/models/taskinstance.py", line 465, in _execute_task
    result = _execute_callable(context=context, **execute_callable_kwargs)
             ^^^^^^^^^^^^^^^^^^^^^^^^^^^^^^^^^^^^^^^^^^^^^^^^^^^^^^^^^^^^^
  File "/home/airflow/.local/lib/python3.12/site-packages/airflow/models/taskinstance.py", line 432, in _execute_callable
    return execute_callable(context=context, **execute_callable_kwargs)
           ^^^^^^^^^^^^^^^^^^^^^^^^^^^^^^^^^^^^^^^^^^^^^^^^^^^^^^^^^^^^
  File "/home/airflow/.local/lib/python3.12/site-packages/airflow/models/baseoperator.py", line 401, in wrapper
    return func(self, *args, **kwargs)
           ^^^^^^^^^^^^^^^^^^^^^^^^^^^
  File "/home/airflow/.local/lib/python3.12/site-packages/airflow/operators/bash.py", line 234, in execute
    result = self.subprocess_hook.run_command(
             ^^^^^^^^^^^^^^^^^^^^^^^^^^^^^^^^^
  File "/home/airflow/.local/lib/python3.12/site-packages/airflow/hooks/subprocess.py", line 91, in run_command
    for raw_line in iter(self.sub_process.stdout.readline, b""):
  File "/home/airflow/.local/lib/python3.12/site-packages/airflow/models/taskinstance.py", line 2613, in signal_handler
    raise AirflowTaskTerminated("Task received SIGTERM signal")
airflow.exceptions.AirflowTaskTerminated: Task received SIGTERM signal
[2025-04-22T19:20:40.992+0000] {taskinstance.py:1206} INFO - Marking task as UP_FOR_RETRY. dag_id=stock_kafka_pipeline, task_id=Kafka_Producer, run_id=scheduled__2025-04-22T19:10:00+00:00, execution_date=20250422T191000, start_date=20250422T192004, end_date=20250422T192040
[2025-04-22T19:20:41.059+0000] {process_utils.py:80} INFO - Process psutil.Process(pid=629, status='terminated', started='19:20:03') (629) terminated with exit code None
[2025-04-22T19:20:41.061+0000] {process_utils.py:80} INFO - Process psutil.Process(pid=628, status='terminated', exitcode=2, started='19:20:03') (628) terminated with exit code 2
[2025-04-22T19:20:41.063+0000] {local_task_job_runner.py:240} INFO - Task exited with return code 143
[2025-04-22T19:20:41.093+0000] {taskinstance.py:3503} INFO - 0 downstream tasks scheduled from follow-on schedule check
