[2025-04-22T22:12:40.457+0000] {local_task_job_runner.py:120} INFO - ::group::Pre task execution logs
[2025-04-22T22:12:40.482+0000] {taskinstance.py:2076} INFO - Dependencies all met for dep_context=non-requeueable deps ti=<TaskInstance: stock_kafka_pipeline.upload_to_hdfs manual__2025-04-22T22:08:57.154245+00:00 [queued]>
[2025-04-22T22:12:40.491+0000] {taskinstance.py:2076} INFO - Dependencies all met for dep_context=requeueable deps ti=<TaskInstance: stock_kafka_pipeline.upload_to_hdfs manual__2025-04-22T22:08:57.154245+00:00 [queued]>
[2025-04-22T22:12:40.491+0000] {taskinstance.py:2306} INFO - Starting attempt 2 of 3
[2025-04-22T22:12:40.504+0000] {taskinstance.py:2330} INFO - Executing <Task(BashOperator): upload_to_hdfs> on 2025-04-22 22:08:57.154245+00:00
[2025-04-22T22:12:40.509+0000] {standard_task_runner.py:63} INFO - Started process 274 to run task
[2025-04-22T22:12:40.511+0000] {standard_task_runner.py:90} INFO - Running: ['airflow', 'tasks', 'run', 'stock_kafka_pipeline', 'upload_to_hdfs', 'manual__2025-04-22T22:08:57.154245+00:00', '--job-id', '148', '--raw', '--subdir', 'DAGS_FOLDER/stock_kafka_pipeline.py', '--cfg-path', '/tmp/tmpmzb_ofne']
[2025-04-22T22:12:40.512+0000] {standard_task_runner.py:91} INFO - Job 148: Subtask upload_to_hdfs
[2025-04-22T22:12:40.544+0000] {task_command.py:426} INFO - Running <TaskInstance: stock_kafka_pipeline.upload_to_hdfs manual__2025-04-22T22:08:57.154245+00:00 [running]> on host eb39fe307f49
[2025-04-22T22:12:40.607+0000] {taskinstance.py:2648} INFO - Exporting env vars: AIRFLOW_CTX_DAG_OWNER='airflow' AIRFLOW_CTX_DAG_ID='stock_kafka_pipeline' AIRFLOW_CTX_TASK_ID='upload_to_hdfs' AIRFLOW_CTX_EXECUTION_DATE='2025-04-22T22:08:57.154245+00:00' AIRFLOW_CTX_TRY_NUMBER='2' AIRFLOW_CTX_DAG_RUN_ID='manual__2025-04-22T22:08:57.154245+00:00'
[2025-04-22T22:12:40.608+0000] {taskinstance.py:430} INFO - ::endgroup::
[2025-04-22T22:12:40.619+0000] {subprocess.py:63} INFO - Tmp dir root location: /tmp
[2025-04-22T22:12:40.620+0000] {subprocess.py:75} INFO - Running command: ['/usr/bin/bash', '-c', 'python3 /opt/airflow/Scripts/upload_to_hdfs.py']
[2025-04-22T22:12:40.630+0000] {subprocess.py:86} INFO - Output:
[2025-04-22T22:12:40.701+0000] {subprocess.py:93} INFO - Traceback (most recent call last):
[2025-04-22T22:12:40.701+0000] {subprocess.py:93} INFO -   File "/opt/airflow/Scripts/upload_to_hdfs.py", line 1, in <module>
[2025-04-22T22:12:40.702+0000] {subprocess.py:93} INFO -     from hdfs import InsecureClient
[2025-04-22T22:12:40.702+0000] {subprocess.py:93} INFO - ModuleNotFoundError: No module named 'hdfs'
[2025-04-22T22:12:40.706+0000] {subprocess.py:97} INFO - Command exited with return code 1
[2025-04-22T22:12:40.706+0000] {taskinstance.py:441} INFO - ::group::Post task execution logs
[2025-04-22T22:12:40.712+0000] {taskinstance.py:2905} ERROR - Task failed with exception
Traceback (most recent call last):
  File "/home/airflow/.local/lib/python3.12/site-packages/airflow/models/taskinstance.py", line 465, in _execute_task
    result = _execute_callable(context=context, **execute_callable_kwargs)
             ^^^^^^^^^^^^^^^^^^^^^^^^^^^^^^^^^^^^^^^^^^^^^^^^^^^^^^^^^^^^^
  File "/home/airflow/.local/lib/python3.12/site-packages/airflow/models/taskinstance.py", line 432, in _execute_callable
    return execute_callable(context=context, **execute_callable_kwargs)
           ^^^^^^^^^^^^^^^^^^^^^^^^^^^^^^^^^^^^^^^^^^^^^^^^^^^^^^^^^^^^
  File "/home/airflow/.local/lib/python3.12/site-packages/airflow/models/baseoperator.py", line 401, in wrapper
    return func(self, *args, **kwargs)
           ^^^^^^^^^^^^^^^^^^^^^^^^^^^
  File "/home/airflow/.local/lib/python3.12/site-packages/airflow/operators/bash.py", line 243, in execute
    raise AirflowException(
airflow.exceptions.AirflowException: Bash command failed. The command returned a non-zero exit code 1.
[2025-04-22T22:12:40.716+0000] {taskinstance.py:1206} INFO - Marking task as UP_FOR_RETRY. dag_id=stock_kafka_pipeline, task_id=upload_to_hdfs, run_id=manual__2025-04-22T22:08:57.154245+00:00, execution_date=20250422T220857, start_date=20250422T221240, end_date=20250422T221240
[2025-04-22T22:12:40.727+0000] {standard_task_runner.py:110} ERROR - Failed to execute job 148 for task upload_to_hdfs (Bash command failed. The command returned a non-zero exit code 1.; 274)
[2025-04-22T22:12:40.763+0000] {local_task_job_runner.py:240} INFO - Task exited with return code 1
[2025-04-22T22:12:40.799+0000] {taskinstance.py:3503} INFO - 0 downstream tasks scheduled from follow-on schedule check
[2025-04-22T22:12:40.800+0000] {local_task_job_runner.py:222} INFO - ::endgroup::
