[2025-04-22T22:10:39.925+0000] {local_task_job_runner.py:120} INFO - ::group::Pre task execution logs
[2025-04-22T22:10:39.953+0000] {taskinstance.py:2076} INFO - Dependencies all met for dep_context=non-requeueable deps ti=<TaskInstance: stock_kafka_pipeline.upload_to_hdfs manual__2025-04-22T22:08:57.154245+00:00 [queued]>
[2025-04-22T22:10:39.961+0000] {taskinstance.py:2076} INFO - Dependencies all met for dep_context=requeueable deps ti=<TaskInstance: stock_kafka_pipeline.upload_to_hdfs manual__2025-04-22T22:08:57.154245+00:00 [queued]>
[2025-04-22T22:10:39.962+0000] {taskinstance.py:2306} INFO - Starting attempt 1 of 2
[2025-04-22T22:10:39.978+0000] {taskinstance.py:2330} INFO - Executing <Task(BashOperator): upload_to_hdfs> on 2025-04-22 22:08:57.154245+00:00
[2025-04-22T22:10:39.985+0000] {standard_task_runner.py:63} INFO - Started process 236 to run task
[2025-04-22T22:10:39.987+0000] {standard_task_runner.py:90} INFO - Running: ['airflow', 'tasks', 'run', 'stock_kafka_pipeline', 'upload_to_hdfs', 'manual__2025-04-22T22:08:57.154245+00:00', '--job-id', '147', '--raw', '--subdir', 'DAGS_FOLDER/stock_kafka_pipeline.py', '--cfg-path', '/tmp/tmpqbisr4em']
[2025-04-22T22:10:39.989+0000] {standard_task_runner.py:91} INFO - Job 147: Subtask upload_to_hdfs
[2025-04-22T22:10:40.019+0000] {task_command.py:426} INFO - Running <TaskInstance: stock_kafka_pipeline.upload_to_hdfs manual__2025-04-22T22:08:57.154245+00:00 [running]> on host eb39fe307f49
[2025-04-22T22:10:40.086+0000] {taskinstance.py:2648} INFO - Exporting env vars: AIRFLOW_CTX_DAG_OWNER='airflow' AIRFLOW_CTX_DAG_ID='stock_kafka_pipeline' AIRFLOW_CTX_TASK_ID='upload_to_hdfs' AIRFLOW_CTX_EXECUTION_DATE='2025-04-22T22:08:57.154245+00:00' AIRFLOW_CTX_TRY_NUMBER='1' AIRFLOW_CTX_DAG_RUN_ID='manual__2025-04-22T22:08:57.154245+00:00'
[2025-04-22T22:10:40.087+0000] {taskinstance.py:430} INFO - ::endgroup::
[2025-04-22T22:10:40.099+0000] {subprocess.py:63} INFO - Tmp dir root location: /tmp
[2025-04-22T22:10:40.100+0000] {subprocess.py:75} INFO - Running command: ['/usr/bin/bash', '-c', 'python3 /opt/airflow/Scripts/upload_to_hdfs.py']
[2025-04-22T22:10:40.111+0000] {subprocess.py:86} INFO - Output:
[2025-04-22T22:10:40.194+0000] {subprocess.py:97} INFO - Command exited with return code 0
[2025-04-22T22:10:40.195+0000] {taskinstance.py:441} INFO - ::group::Post task execution logs
[2025-04-22T22:10:40.213+0000] {taskinstance.py:1206} INFO - Marking task as SUCCESS. dag_id=stock_kafka_pipeline, task_id=upload_to_hdfs, run_id=manual__2025-04-22T22:08:57.154245+00:00, execution_date=20250422T220857, start_date=20250422T221039, end_date=20250422T221040
[2025-04-22T22:10:40.239+0000] {local_task_job_runner.py:240} INFO - Task exited with return code 0
[2025-04-22T22:10:40.253+0000] {taskinstance.py:3503} INFO - 0 downstream tasks scheduled from follow-on schedule check
[2025-04-22T22:10:40.254+0000] {local_task_job_runner.py:222} INFO - ::endgroup::
