[2025-04-22T22:21:23.740+0000] {local_task_job_runner.py:120} INFO - ::group::Pre task execution logs
[2025-04-22T22:21:23.766+0000] {taskinstance.py:2076} INFO - Dependencies all met for dep_context=non-requeueable deps ti=<TaskInstance: stock_kafka_pipeline.upload_to_hdfs scheduled__2025-04-22T22:10:00+00:00 [queued]>
[2025-04-22T22:21:23.774+0000] {taskinstance.py:2076} INFO - Dependencies all met for dep_context=requeueable deps ti=<TaskInstance: stock_kafka_pipeline.upload_to_hdfs scheduled__2025-04-22T22:10:00+00:00 [queued]>
[2025-04-22T22:21:23.775+0000] {taskinstance.py:2306} INFO - Starting attempt 1 of 2
[2025-04-22T22:21:23.787+0000] {taskinstance.py:2330} INFO - Executing <Task(BashOperator): upload_to_hdfs> on 2025-04-22 22:10:00+00:00
[2025-04-22T22:21:23.794+0000] {standard_task_runner.py:63} INFO - Started process 167 to run task
[2025-04-22T22:21:23.796+0000] {standard_task_runner.py:90} INFO - Running: ['airflow', 'tasks', 'run', 'stock_kafka_pipeline', 'upload_to_hdfs', 'scheduled__2025-04-22T22:10:00+00:00', '--job-id', '153', '--raw', '--subdir', 'DAGS_FOLDER/stock_kafka_pipeline.py', '--cfg-path', '/tmp/tmp0f05czn4']
[2025-04-22T22:21:23.797+0000] {standard_task_runner.py:91} INFO - Job 153: Subtask upload_to_hdfs
[2025-04-22T22:21:23.831+0000] {task_command.py:426} INFO - Running <TaskInstance: stock_kafka_pipeline.upload_to_hdfs scheduled__2025-04-22T22:10:00+00:00 [running]> on host 1a71d9336274
[2025-04-22T22:21:23.903+0000] {taskinstance.py:2648} INFO - Exporting env vars: AIRFLOW_CTX_DAG_OWNER='airflow' AIRFLOW_CTX_DAG_ID='stock_kafka_pipeline' AIRFLOW_CTX_TASK_ID='upload_to_hdfs' AIRFLOW_CTX_EXECUTION_DATE='2025-04-22T22:10:00+00:00' AIRFLOW_CTX_TRY_NUMBER='1' AIRFLOW_CTX_DAG_RUN_ID='scheduled__2025-04-22T22:10:00+00:00'
[2025-04-22T22:21:23.904+0000] {taskinstance.py:430} INFO - ::endgroup::
[2025-04-22T22:21:23.916+0000] {subprocess.py:63} INFO - Tmp dir root location: /tmp
[2025-04-22T22:21:23.917+0000] {subprocess.py:75} INFO - Running command: ['/usr/bin/bash', '-c', 'python3 /opt/airflow/Scripts/upload_to_hdfs.py']
[2025-04-22T22:21:23.929+0000] {subprocess.py:86} INFO - Output:
[2025-04-22T22:21:24.612+0000] {subprocess.py:97} INFO - Command exited with return code 0
[2025-04-22T22:21:24.613+0000] {taskinstance.py:441} INFO - ::group::Post task execution logs
[2025-04-22T22:21:24.631+0000] {taskinstance.py:1206} INFO - Marking task as SUCCESS. dag_id=stock_kafka_pipeline, task_id=upload_to_hdfs, run_id=scheduled__2025-04-22T22:10:00+00:00, execution_date=20250422T221000, start_date=20250422T222123, end_date=20250422T222124
[2025-04-22T22:21:24.690+0000] {local_task_job_runner.py:240} INFO - Task exited with return code 0
[2025-04-22T22:21:24.718+0000] {taskinstance.py:3503} INFO - 0 downstream tasks scheduled from follow-on schedule check
[2025-04-22T22:21:24.719+0000] {local_task_job_runner.py:222} INFO - ::endgroup::
