[2025-04-25T05:41:21.787+0000] {local_task_job_runner.py:120} INFO - ::group::Pre task execution logs
[2025-04-25T05:41:21.807+0000] {taskinstance.py:2076} INFO - Dependencies all met for dep_context=non-requeueable deps ti=<TaskInstance: stock_kafka_pipeline.upload_to_hdfs scheduled__2025-04-25T05:30:00+00:00 [queued]>
[2025-04-25T05:41:21.813+0000] {taskinstance.py:2076} INFO - Dependencies all met for dep_context=requeueable deps ti=<TaskInstance: stock_kafka_pipeline.upload_to_hdfs scheduled__2025-04-25T05:30:00+00:00 [queued]>
[2025-04-25T05:41:21.814+0000] {taskinstance.py:2306} INFO - Starting attempt 1 of 2
[2025-04-25T05:41:21.824+0000] {taskinstance.py:2330} INFO - Executing <Task(BashOperator): upload_to_hdfs> on 2025-04-25 05:30:00+00:00
[2025-04-25T05:41:21.830+0000] {standard_task_runner.py:63} INFO - Started process 333 to run task
[2025-04-25T05:41:21.832+0000] {standard_task_runner.py:90} INFO - Running: ['airflow', 'tasks', 'run', 'stock_kafka_pipeline', 'upload_to_hdfs', 'scheduled__2025-04-25T05:30:00+00:00', '--job-id', '325', '--raw', '--subdir', 'DAGS_FOLDER/test.py', '--cfg-path', '/tmp/tmprbwhhtrl']
[2025-04-25T05:41:21.833+0000] {standard_task_runner.py:91} INFO - Job 325: Subtask upload_to_hdfs
[2025-04-25T05:41:21.861+0000] {task_command.py:426} INFO - Running <TaskInstance: stock_kafka_pipeline.upload_to_hdfs scheduled__2025-04-25T05:30:00+00:00 [running]> on host b8ca48d3e41a
[2025-04-25T05:41:21.912+0000] {taskinstance.py:2648} INFO - Exporting env vars: AIRFLOW_CTX_DAG_OWNER='airflow' AIRFLOW_CTX_DAG_ID='stock_kafka_pipeline' AIRFLOW_CTX_TASK_ID='upload_to_hdfs' AIRFLOW_CTX_EXECUTION_DATE='2025-04-25T05:30:00+00:00' AIRFLOW_CTX_TRY_NUMBER='1' AIRFLOW_CTX_DAG_RUN_ID='scheduled__2025-04-25T05:30:00+00:00'
[2025-04-25T05:41:21.913+0000] {taskinstance.py:430} INFO - ::endgroup::
[2025-04-25T05:41:21.923+0000] {subprocess.py:63} INFO - Tmp dir root location: /tmp
[2025-04-25T05:41:21.924+0000] {subprocess.py:75} INFO - Running command: ['/usr/bin/bash', '-c', 'python3 /opt/airflow/Scripts/upload_to_hdfs.py']
[2025-04-25T05:41:21.935+0000] {subprocess.py:86} INFO - Output:
[2025-04-25T05:41:22.560+0000] {subprocess.py:97} INFO - Command exited with return code 0
[2025-04-25T05:41:22.560+0000] {taskinstance.py:441} INFO - ::group::Post task execution logs
[2025-04-25T05:41:22.575+0000] {taskinstance.py:1206} INFO - Marking task as SUCCESS. dag_id=stock_kafka_pipeline, task_id=upload_to_hdfs, run_id=scheduled__2025-04-25T05:30:00+00:00, execution_date=20250425T053000, start_date=20250425T054121, end_date=20250425T054122
[2025-04-25T05:41:22.605+0000] {local_task_job_runner.py:240} INFO - Task exited with return code 0
[2025-04-25T05:41:22.625+0000] {taskinstance.py:3503} INFO - 1 downstream tasks scheduled from follow-on schedule check
[2025-04-25T05:41:22.629+0000] {local_task_job_runner.py:222} INFO - ::endgroup::
