[2025-04-22T22:21:00.490+0000] {local_task_job_runner.py:120} INFO - ::group::Pre task execution logs
[2025-04-22T22:21:00.514+0000] {taskinstance.py:2076} INFO - Dependencies all met for dep_context=non-requeueable deps ti=<TaskInstance: stock_kafka_pipeline.Kafka_Consumer scheduled__2025-04-22T22:10:00+00:00 [queued]>
[2025-04-22T22:21:00.520+0000] {taskinstance.py:2076} INFO - Dependencies all met for dep_context=requeueable deps ti=<TaskInstance: stock_kafka_pipeline.Kafka_Consumer scheduled__2025-04-22T22:10:00+00:00 [queued]>
[2025-04-22T22:21:00.520+0000] {taskinstance.py:2306} INFO - Starting attempt 1 of 2
[2025-04-22T22:21:00.532+0000] {taskinstance.py:2330} INFO - Executing <Task(BashOperator): Kafka_Consumer> on 2025-04-22 22:10:00+00:00
[2025-04-22T22:21:00.538+0000] {standard_task_runner.py:63} INFO - Started process 150 to run task
[2025-04-22T22:21:00.540+0000] {standard_task_runner.py:90} INFO - Running: ['airflow', 'tasks', 'run', 'stock_kafka_pipeline', 'Kafka_Consumer', 'scheduled__2025-04-22T22:10:00+00:00', '--job-id', '152', '--raw', '--subdir', 'DAGS_FOLDER/stock_kafka_pipeline.py', '--cfg-path', '/tmp/tmpbtoxocue']
[2025-04-22T22:21:00.541+0000] {standard_task_runner.py:91} INFO - Job 152: Subtask Kafka_Consumer
[2025-04-22T22:21:00.573+0000] {task_command.py:426} INFO - Running <TaskInstance: stock_kafka_pipeline.Kafka_Consumer scheduled__2025-04-22T22:10:00+00:00 [running]> on host 1a71d9336274
[2025-04-22T22:21:00.642+0000] {taskinstance.py:2648} INFO - Exporting env vars: AIRFLOW_CTX_DAG_OWNER='airflow' AIRFLOW_CTX_DAG_ID='stock_kafka_pipeline' AIRFLOW_CTX_TASK_ID='Kafka_Consumer' AIRFLOW_CTX_EXECUTION_DATE='2025-04-22T22:10:00+00:00' AIRFLOW_CTX_TRY_NUMBER='1' AIRFLOW_CTX_DAG_RUN_ID='scheduled__2025-04-22T22:10:00+00:00'
[2025-04-22T22:21:00.642+0000] {taskinstance.py:430} INFO - ::endgroup::
[2025-04-22T22:21:00.662+0000] {subprocess.py:63} INFO - Tmp dir root location: /tmp
[2025-04-22T22:21:00.663+0000] {subprocess.py:75} INFO - Running command: ['/usr/bin/bash', '-c', 'python3 /opt/airflow/Scripts/load_to_bronze.py']
[2025-04-22T22:21:00.676+0000] {subprocess.py:86} INFO - Output:
[2025-04-22T22:21:01.461+0000] {subprocess.py:93} INFO - INFO:__main__:Cleared existing output file /opt/airflow/includes/local warehose/bronze/stock-prices.jsonl
[2025-04-22T22:21:01.469+0000] {subprocess.py:93} INFO - INFO:kafka.conn:<BrokerConnection client_id=kafka-python-2.1.5, node_id=bootstrap-0 host=kafka:9092 <connecting> [IPv4 ('172.21.0.8', 9092)]>: connecting to kafka:9092 [('172.21.0.8', 9092) IPv4]
[2025-04-22T22:21:01.472+0000] {subprocess.py:93} INFO - INFO:kafka.conn:<BrokerConnection client_id=kafka-python-2.1.5, node_id=bootstrap-0 host=kafka:9092 <checking_api_versions_recv> [IPv4 ('172.21.0.8', 9092)]>: Broker version identified as 2.6
[2025-04-22T22:21:01.473+0000] {subprocess.py:93} INFO - INFO:kafka.conn:<BrokerConnection client_id=kafka-python-2.1.5, node_id=bootstrap-0 host=kafka:9092 <connected> [IPv4 ('172.21.0.8', 9092)]>: Connection complete.
[2025-04-22T22:21:01.473+0000] {subprocess.py:93} INFO - INFO:kafka.consumer.subscription_state:Updating subscribed topics to: ('stock-prices',)
[2025-04-22T22:21:01.473+0000] {subprocess.py:93} INFO - INFO:__main__:Listening to Kafka topic 'stock-prices' and writing to /opt/airflow/includes/local warehose/bronze
[2025-04-22T22:21:01.476+0000] {subprocess.py:93} INFO - INFO:kafka.conn:<BrokerConnection client_id=kafka-python-2.1.5, node_id=1 host=kafka:9092 <connecting> [IPv4 ('172.21.0.8', 9092)]>: connecting to kafka:9092 [('172.21.0.8', 9092) IPv4]
[2025-04-22T22:21:01.476+0000] {subprocess.py:93} INFO - INFO:kafka.conn:<BrokerConnection client_id=kafka-python-2.1.5, node_id=1 host=kafka:9092 <connected> [IPv4 ('172.21.0.8', 9092)]>: Connection complete.
[2025-04-22T22:21:01.476+0000] {subprocess.py:93} INFO - INFO:kafka.conn:<BrokerConnection client_id=kafka-python-2.1.5, node_id=bootstrap-0 host=kafka:9092 <connected> [IPv4 ('172.21.0.8', 9092)]>: Closing connection.
[2025-04-22T22:21:01.583+0000] {subprocess.py:93} INFO - INFO:kafka.cluster:Group coordinator for stock-consumer-group is BrokerMetadata(nodeId='coordinator-1', host='kafka', port=9092, rack=None)
[2025-04-22T22:21:01.583+0000] {subprocess.py:93} INFO - INFO:kafka.coordinator:Discovered coordinator coordinator-1 for group stock-consumer-group
[2025-04-22T22:21:01.583+0000] {subprocess.py:93} INFO - INFO:kafka.coordinator:Starting new heartbeat thread
[2025-04-22T22:21:01.583+0000] {subprocess.py:93} INFO - INFO:kafka.coordinator.consumer:Revoking previously assigned partitions set() for group stock-consumer-group
[2025-04-22T22:21:01.584+0000] {subprocess.py:93} INFO - INFO:kafka.conn:<BrokerConnection client_id=kafka-python-2.1.5, node_id=coordinator-1 host=kafka:9092 <connecting> [IPv4 ('172.21.0.8', 9092)]>: connecting to kafka:9092 [('172.21.0.8', 9092) IPv4]
[2025-04-22T22:21:01.584+0000] {subprocess.py:93} INFO - INFO:kafka.conn:<BrokerConnection client_id=kafka-python-2.1.5, node_id=coordinator-1 host=kafka:9092 <connected> [IPv4 ('172.21.0.8', 9092)]>: Connection complete.
[2025-04-22T22:21:01.685+0000] {subprocess.py:93} INFO - INFO:kafka.coordinator:(Re-)joining group stock-consumer-group
[2025-04-22T22:21:04.723+0000] {subprocess.py:93} INFO - INFO:kafka.coordinator:Elected group leader -- performing partition assignments using range
[2025-04-22T22:21:04.742+0000] {subprocess.py:93} INFO - INFO:kafka.coordinator:Successfully joined group stock-consumer-group with generation 1
[2025-04-22T22:21:04.742+0000] {subprocess.py:93} INFO - INFO:kafka.consumer.subscription_state:Updated partition assignment: [TopicPartition(topic='stock-prices', partition=0)]
[2025-04-22T22:21:04.742+0000] {subprocess.py:93} INFO - INFO:kafka.coordinator.consumer:Setting newly assigned partitions {TopicPartition(topic='stock-prices', partition=0)} for group stock-consumer-group
[2025-04-22T22:21:04.792+0000] {subprocess.py:93} INFO - INFO:__main__:Received message: ConsumerRecord(topic='stock-prices', partition=0, leader_epoch=0, offset=0, timestamp=1745359371245, timestamp_type=0, key=None, value={'symbol': 'IBM', 'timestamp': 1745359370.7126608, 'data': {'Information': 'We have detected your API key as 02LUMITX3ON1TILA and our standard API rate limit is 25 requests per day. Please subscribe to any of the premium plans at https://www.alphavantage.co/premium/ to instantly remove all daily rate limits.'}}, headers=[], checksum=None, serialized_key_size=-1, serialized_value_size=312, serialized_header_size=-1)
[2025-04-22T22:21:04.792+0000] {subprocess.py:93} INFO - INFO:__main__:Appended message to /opt/airflow/includes/local warehose/bronze/stock-prices.jsonl
[2025-04-22T22:21:04.793+0000] {subprocess.py:93} INFO - INFO:__main__:Received message: ConsumerRecord(topic='stock-prices', partition=0, leader_epoch=0, offset=1, timestamp=1745359383844, timestamp_type=0, key=None, value={'symbol': 'AAPL', 'timestamp': 1745359383.844502, 'data': {'Information': 'We have detected your API key as 02LUMITX3ON1TILA and our standard API rate limit is 25 requests per day. Please subscribe to any of the premium plans at https://www.alphavantage.co/premium/ to instantly remove all daily rate limits.'}}, headers=[], checksum=None, serialized_key_size=-1, serialized_value_size=312, serialized_header_size=-1)
[2025-04-22T22:21:04.793+0000] {subprocess.py:93} INFO - INFO:__main__:Appended message to /opt/airflow/includes/local warehose/bronze/stock-prices.jsonl
[2025-04-22T22:21:04.793+0000] {subprocess.py:93} INFO - INFO:__main__:Received message: ConsumerRecord(topic='stock-prices', partition=0, leader_epoch=0, offset=2, timestamp=1745359397949, timestamp_type=0, key=None, value={'symbol': 'MSFT', 'timestamp': 1745359397.9492047, 'data': {'Information': 'We have detected your API key as 02LUMITX3ON1TILA and our standard API rate limit is 25 requests per day. Please subscribe to any of the premium plans at https://www.alphavantage.co/premium/ to instantly remove all daily rate limits.'}}, headers=[], checksum=None, serialized_key_size=-1, serialized_value_size=313, serialized_header_size=-1)
[2025-04-22T22:21:04.793+0000] {subprocess.py:93} INFO - INFO:__main__:Appended message to /opt/airflow/includes/local warehose/bronze/stock-prices.jsonl
[2025-04-22T22:21:04.794+0000] {subprocess.py:93} INFO - INFO:__main__:Received message: ConsumerRecord(topic='stock-prices', partition=0, leader_epoch=0, offset=3, timestamp=1745359411254, timestamp_type=0, key=None, value={'symbol': 'TSLA', 'timestamp': 1745359411.2544029, 'data': {'Information': 'We have detected your API key as 02LUMITX3ON1TILA and our standard API rate limit is 25 requests per day. Please subscribe to any of the premium plans at https://www.alphavantage.co/premium/ to instantly remove all daily rate limits.'}}, headers=[], checksum=None, serialized_key_size=-1, serialized_value_size=313, serialized_header_size=-1)
[2025-04-22T22:21:04.794+0000] {subprocess.py:93} INFO - INFO:__main__:Appended message to /opt/airflow/includes/local warehose/bronze/stock-prices.jsonl
[2025-04-22T22:21:04.794+0000] {subprocess.py:93} INFO - INFO:__main__:Received message: ConsumerRecord(topic='stock-prices', partition=0, leader_epoch=0, offset=4, timestamp=1745359743357, timestamp_type=0, key=None, value={'symbol': 'IBM', 'timestamp': 1745359743.3530416, 'data': {'Information': 'We have detected your API key as 02LUMITX3ON1TILA and our standard API rate limit is 25 requests per day. Please subscribe to any of the premium plans at https://www.alphavantage.co/premium/ to instantly remove all daily rate limits.'}}, headers=[], checksum=None, serialized_key_size=-1, serialized_value_size=312, serialized_header_size=-1)
[2025-04-22T22:21:04.795+0000] {subprocess.py:93} INFO - INFO:__main__:Appended message to /opt/airflow/includes/local warehose/bronze/stock-prices.jsonl
[2025-04-22T22:21:04.795+0000] {subprocess.py:93} INFO - INFO:__main__:Received message: ConsumerRecord(topic='stock-prices', partition=0, leader_epoch=0, offset=5, timestamp=1745359755859, timestamp_type=0, key=None, value={'symbol': 'AAPL', 'timestamp': 1745359755.859356, 'data': {'Information': 'We have detected your API key as 02LUMITX3ON1TILA and our standard API rate limit is 25 requests per day. Please subscribe to any of the premium plans at https://www.alphavantage.co/premium/ to instantly remove all daily rate limits.'}}, headers=[], checksum=None, serialized_key_size=-1, serialized_value_size=312, serialized_header_size=-1)
[2025-04-22T22:21:04.795+0000] {subprocess.py:93} INFO - INFO:__main__:Appended message to /opt/airflow/includes/local warehose/bronze/stock-prices.jsonl
[2025-04-22T22:21:04.795+0000] {subprocess.py:93} INFO - INFO:__main__:Received message: ConsumerRecord(topic='stock-prices', partition=0, leader_epoch=0, offset=6, timestamp=1745359768454, timestamp_type=0, key=None, value={'symbol': 'MSFT', 'timestamp': 1745359768.453787, 'data': {'Information': 'We have detected your API key as 02LUMITX3ON1TILA and our standard API rate limit is 25 requests per day. Please subscribe to any of the premium plans at https://www.alphavantage.co/premium/ to instantly remove all daily rate limits.'}}, headers=[], checksum=None, serialized_key_size=-1, serialized_value_size=312, serialized_header_size=-1)
[2025-04-22T22:21:04.795+0000] {subprocess.py:93} INFO - INFO:__main__:Appended message to /opt/airflow/includes/local warehose/bronze/stock-prices.jsonl
[2025-04-22T22:21:04.795+0000] {subprocess.py:93} INFO - INFO:__main__:Received message: ConsumerRecord(topic='stock-prices', partition=0, leader_epoch=0, offset=7, timestamp=1745359780980, timestamp_type=0, key=None, value={'symbol': 'TSLA', 'timestamp': 1745359780.9800103, 'data': {'Information': 'We have detected your API key as 02LUMITX3ON1TILA and our standard API rate limit is 25 requests per day. Please subscribe to any of the premium plans at https://www.alphavantage.co/premium/ to instantly remove all daily rate limits.'}}, headers=[], checksum=None, serialized_key_size=-1, serialized_value_size=313, serialized_header_size=-1)
[2025-04-22T22:21:04.796+0000] {subprocess.py:93} INFO - INFO:__main__:Appended message to /opt/airflow/includes/local warehose/bronze/stock-prices.jsonl
[2025-04-22T22:21:04.796+0000] {subprocess.py:93} INFO - INFO:__main__:Received message: ConsumerRecord(topic='stock-prices', partition=0, leader_epoch=0, offset=8, timestamp=1745359822089, timestamp_type=0, key=None, value={'symbol': 'IBM', 'timestamp': 1745359822.0862775, 'data': {'Information': 'We have detected your API key as 02LUMITX3ON1TILA and our standard API rate limit is 25 requests per day. Please subscribe to any of the premium plans at https://www.alphavantage.co/premium/ to instantly remove all daily rate limits.'}}, headers=[], checksum=None, serialized_key_size=-1, serialized_value_size=312, serialized_header_size=-1)
[2025-04-22T22:21:04.796+0000] {subprocess.py:93} INFO - INFO:__main__:Appended message to /opt/airflow/includes/local warehose/bronze/stock-prices.jsonl
[2025-04-22T22:21:04.796+0000] {subprocess.py:93} INFO - INFO:__main__:Received message: ConsumerRecord(topic='stock-prices', partition=0, leader_epoch=0, offset=9, timestamp=1745359834805, timestamp_type=0, key=None, value={'symbol': 'AAPL', 'timestamp': 1745359834.8056247, 'data': {'Information': 'We have detected your API key as 02LUMITX3ON1TILA and our standard API rate limit is 25 requests per day. Please subscribe to any of the premium plans at https://www.alphavantage.co/premium/ to instantly remove all daily rate limits.'}}, headers=[], checksum=None, serialized_key_size=-1, serialized_value_size=313, serialized_header_size=-1)
[2025-04-22T22:21:04.796+0000] {subprocess.py:93} INFO - INFO:__main__:Appended message to /opt/airflow/includes/local warehose/bronze/stock-prices.jsonl
[2025-04-22T22:21:04.796+0000] {subprocess.py:93} INFO - INFO:__main__:Received message: ConsumerRecord(topic='stock-prices', partition=0, leader_epoch=0, offset=10, timestamp=1745360406380, timestamp_type=0, key=None, value={'symbol': 'IBM', 'timestamp': 1745360406.3724196, 'data': {'Information': 'We have detected your API key as 02LUMITX3ON1TILA and our standard API rate limit is 25 requests per day. Please subscribe to any of the premium plans at https://www.alphavantage.co/premium/ to instantly remove all daily rate limits.'}}, headers=[], checksum=None, serialized_key_size=-1, serialized_value_size=312, serialized_header_size=-1)
[2025-04-22T22:21:04.797+0000] {subprocess.py:93} INFO - INFO:__main__:Appended message to /opt/airflow/includes/local warehose/bronze/stock-prices.jsonl
[2025-04-22T22:21:04.797+0000] {subprocess.py:93} INFO - INFO:__main__:Received message: ConsumerRecord(topic='stock-prices', partition=0, leader_epoch=0, offset=11, timestamp=1745360418883, timestamp_type=0, key=None, value={'symbol': 'AAPL', 'timestamp': 1745360418.883415, 'data': {'Information': 'We have detected your API key as 02LUMITX3ON1TILA and our standard API rate limit is 25 requests per day. Please subscribe to any of the premium plans at https://www.alphavantage.co/premium/ to instantly remove all daily rate limits.'}}, headers=[], checksum=None, serialized_key_size=-1, serialized_value_size=312, serialized_header_size=-1)
[2025-04-22T22:21:04.797+0000] {subprocess.py:93} INFO - INFO:__main__:Appended message to /opt/airflow/includes/local warehose/bronze/stock-prices.jsonl
[2025-04-22T22:21:04.797+0000] {subprocess.py:93} INFO - INFO:__main__:Received message: ConsumerRecord(topic='stock-prices', partition=0, leader_epoch=0, offset=12, timestamp=1745360431412, timestamp_type=0, key=None, value={'symbol': 'MSFT', 'timestamp': 1745360431.4126477, 'data': {'Information': 'We have detected your API key as 02LUMITX3ON1TILA and our standard API rate limit is 25 requests per day. Please subscribe to any of the premium plans at https://www.alphavantage.co/premium/ to instantly remove all daily rate limits.'}}, headers=[], checksum=None, serialized_key_size=-1, serialized_value_size=313, serialized_header_size=-1)
[2025-04-22T22:21:04.797+0000] {subprocess.py:93} INFO - INFO:__main__:Appended message to /opt/airflow/includes/local warehose/bronze/stock-prices.jsonl
[2025-04-22T22:21:04.797+0000] {subprocess.py:93} INFO - INFO:__main__:Received message: ConsumerRecord(topic='stock-prices', partition=0, leader_epoch=0, offset=13, timestamp=1745360443932, timestamp_type=0, key=None, value={'symbol': 'TSLA', 'timestamp': 1745360443.9319108, 'data': {'Information': 'We have detected your API key as 02LUMITX3ON1TILA and our standard API rate limit is 25 requests per day. Please subscribe to any of the premium plans at https://www.alphavantage.co/premium/ to instantly remove all daily rate limits.'}}, headers=[], checksum=None, serialized_key_size=-1, serialized_value_size=313, serialized_header_size=-1)
[2025-04-22T22:21:04.798+0000] {subprocess.py:93} INFO - INFO:__main__:Appended message to /opt/airflow/includes/local warehose/bronze/stock-prices.jsonl
[2025-04-22T22:21:09.796+0000] {subprocess.py:93} INFO - INFO:__main__:No messages received (#1)...
[2025-04-22T22:21:14.798+0000] {subprocess.py:93} INFO - INFO:__main__:No messages received (#2)...
[2025-04-22T22:21:19.799+0000] {subprocess.py:93} INFO - INFO:__main__:No messages received (#3)...
[2025-04-22T22:21:19.846+0000] {subprocess.py:93} INFO - INFO:kafka.coordinator:Stopping heartbeat thread
[2025-04-22T22:21:19.888+0000] {subprocess.py:97} INFO - Command exited with return code 0
[2025-04-22T22:21:19.889+0000] {taskinstance.py:441} INFO - ::group::Post task execution logs
[2025-04-22T22:21:19.905+0000] {taskinstance.py:1206} INFO - Marking task as SUCCESS. dag_id=stock_kafka_pipeline, task_id=Kafka_Consumer, run_id=scheduled__2025-04-22T22:10:00+00:00, execution_date=20250422T221000, start_date=20250422T222100, end_date=20250422T222119
[2025-04-22T22:21:19.951+0000] {local_task_job_runner.py:240} INFO - Task exited with return code 0
[2025-04-22T22:21:19.987+0000] {taskinstance.py:3503} INFO - 1 downstream tasks scheduled from follow-on schedule check
[2025-04-22T22:21:19.991+0000] {local_task_job_runner.py:222} INFO - ::endgroup::
